#
# There is insufficient memory for the Java Runtime Environment to continue.
# Native memory allocation (malloc) failed to allocate 128096 bytes. Error detail: Chunk::new
# Possible reasons:
#   The system is out of physical RAM or swap space
#   This process is running with CompressedOops enabled, and the Java Heap may be blocking the growth of the native heap
# Possible solutions:
#   Reduce memory load on the system
#   Increase physical memory or swap space
#   Check if swap backing store is full
#   Decrease Java heap size (-Xmx/-Xms)
#   Decrease number of Java threads
#   Decrease Java thread stack sizes (-Xss)
#   Set larger code cache with -XX:ReservedCodeCacheSize=
#   JVM is running with Unscaled Compressed Oops mode in which the Java heap is
#     placed in the first 4GB address space. The Java Heap base address is the
#     maximum limit for the native heap growth. Please use -XX:HeapBaseMinAddress
#     to set the Java Heap base and to place the Java Heap above 4GB virtual address.
# This output file may be truncated or incomplete.
#
#  Out of Memory Error (arena.cpp:191), pid=98492, tid=38024
#
# JRE version: OpenJDK Runtime Environment Microsoft-9889599 (17.0.12+7) (build 17.0.12+7-LTS)
# Java VM: OpenJDK 64-Bit Server VM Microsoft-9889599 (17.0.12+7-LTS, mixed mode, sharing, tiered, compressed oops, compressed class ptrs, g1 gc, windows-amd64)
# No core dump will be written. Minidumps are not enabled by default on client versions of Windows
#

---------------  S U M M A R Y ------------

Command Line: -Xmx64m -Xms64m -Dorg.gradle.appname=gradlew org.gradle.wrapper.GradleWrapperMain app:installDebug -PreactNativeDevServerPort=8081

Host: 11th Gen Intel(R) Core(TM) i3-1115G4 @ 3.00GHz, 4 cores, 7G,  Windows 11 , 64 bit Build 22621 (10.0.22621.3958)
Time: Wed Oct 23 21:07:13 2024 Paris, Madrid (heure duild 22621 (10.0.22621.3958) elapsed time: 9.977300 seconds (0d 0h 0m 9s)

---------------  T H R E A D  ---------------

Current thread (0x0000014e3c681a70):  JavaThread "C2 CompilerThread0" daemon [_thread_in_native, id=38024, stack(0x00000038d9c00000,0x00000038d9d00000)]


Current CompileTask:
C2:   9977 1443 % !   4       java.io.BufferedReader::readLine @ 139 (327 bytes)

Stack: [0x00000038d9c00000,0x00000038d9d00000]
Native frames: (J=compiled Java code, j=interpreted, Vv=VM code, C=native code)
V  [jvm.dll+0x686d99]
V  [jvm.dll+0x83daf8]
V  [jvm.dll+0x83f5a3]
V  [jvm.dll+0x83fc13]
V  [jvm.dll+0x2492ef]
V  [jvm.dll+0xad0a4]
V  [jvm.dll+0xad73c]
V  [jvm.dll+0x2b09af]
V  [jvm.dll+0x58d829]
V  [jvm.dll+0x223592]
V  [jvm.dll+0x21bd35]
V  [jvm.dll+0x21986b]
V  [jvm.dll+0x1a53e6]
V  [jvm.dll+0x229faa]
V  [jvm.dll+0x2280fb]
V  [jvm.dll+0x7f3508]
V  [jvm.dll+0x7ed87c]
V  [jvm.dll+0x685c77]
C  [ucrtbase.dll+0x29333]
C  [KERNEL32.DLL+0x1257d]
C  [ntdll.dll+0x5af08]


---------------  P R O C E S S  ---------------

Threads class SMR info:
_java_thread_list=0x0000014e7eb803e0, length=15, elements={
0x0000014e234fa1f0, 0x0000014e23590f70, 0x0000014e23592b40, 0x0000014e235a6cb0,
0x0000014e235ab790, 0x0000014e235ac360, 0x0000014e235ae2e0, 0x0000014e3c681a70,
0x0000014e3c6861c0, 0x0000014e3c687770, 0x0000014e3c7bff80, 0x0000014e3c7c58d0,
0x0000014e7e6e6eb0, 0x0000014e7eaa1520, 0x0000014e7ea4a550
}

Java Threads: ( => current thread )
  0x0000014e234fa1f0 JavaThread "main" [_thread_in_vm, id=105700, stack(0x00000038d8f00000,0x00000038d9000000)]
  0x0000014e23590f70 JavaThread "Reference Handler" daemon [_thread_blocked, id=102340, stack(0x00000038d9600000,0x00000038d9700000)]
  0x0000014e23592b40 JavaThread "Finalizer" daemon [_thread_blocked, id=104596, stack(0x00000038d9700000,0x00000038d9800000)]
  0x0000014e235a6cb0 JavaThread "Signal Dispatcher" daemon [_thread_blocked, id=38920, stack(0x00000038d9800000,0x00000038d9900000)]
  0x0000014e235ab790 JavaThread "Attach Listener" daemon [_thread_blocked, id=69292, stack(0x00000038d9900000,0x00000038d9a00000)]
  0x0000014e235ac360 JavaThread "Service Thread" daemon [_thread_blocked, id=115412, stack(0x00000038d9a00000,0x00000038d9b00000)]
  0x0000014e235ae2e0 JavaThread "Monitor Deflation Thread" daemon [_thread_blocked, id=113676, stack(0x00000038d9b00000,0x00000038d9c00000)]
=>0x0000014e3c681a70 JavaThread "C2 CompilerThread0" daemon [_thread_in_native, id=38024, stack(0x00000038d9c00000,0x00000038d9d00000)]
  0x0000014e3c6861c0 JavaThread "C1 CompilerThread0" daemon [_thread_in_vm, id=85368, stack(0x00000038d9d00000,0x00000038d9e00000)]
  0x0000014e3c687770 JavaThread "Sweeper thread" daemon [_thread_blocked, id=93776, stack(0x00000038d9e00000,0x00000038d9f00000)]
  0x0000014e3c7bff80 JavaThread "Notification Thread" daemon [_thread_blocked, id=96472, stack(0x00000038d9f00000,0x00000038da000000)]
  0x0000014e3c7c58d0 JavaThread "Common-Cleaner" daemon [_thread_blocked, id=70108, stack(0x00000038da100000,0x00000038da200000)]
  0x0000014e7e6e6eb0 JavaThread "pool-1-thread-1" [_thread_blocked, id=45064, stack(0x00000038da500000,0x00000038da600000)]
  0x0000014e7eaa1520 JavaThread "DisconnectableInputStream source reader" daemon [_thread_in_native, id=1716, stack(0x00000038da700000,0x00000038da800000)]
  0x0000014e7ea4a550 JavaThread "Forward input" [_thread_blocked, id=103316, stack(0x00000038da800000,0x00000038da900000)]

Other Threads:
  0x0000014e2358d930 VMThread "VM Thread" [stack: 0x00000038d9500000,0x00000038d9600000] [id=101948]
  0x0000014e3c7c1470 WatcherThread [stack: 0x00000038da000000,0x00000038da100000] [id=2400]
  0x0000014e23518600 GCTaskThread "GC Thread#0" [stack: 0x00000038d9000000,0x00000038d9100000] [id=103036]
  0x0000014e3c979c10 GCTaskThread "GC Thread#1" [stack: 0x00000038da200000,0x00000038da300000] [id=109304]
  0x0000014e3caba9d0 GCTaskThread "GC Thread#2" [stack: 0x00000038da300000,0x00000038da400000] [id=14836]
  0x0000014e3cabac90 GCTaskThread "GC Thread#3" [stack: 0x00000038da400000,0x00000038da500000] [id=68484]
  0x0000014e23519d50 ConcurrentGCThread "G1 Main Marker" [stack: 0x00000038d9100000,0x00000038d9200000] [id=77064]
  0x0000014e2351b780 ConcurrentGCThread "G1 Conc#0" [stack: 0x00000038d9200000,0x00000038d9300000] [id=104224]
  0x0000014e2356db40 ConcurrentGCThread "G1 Refine#0" [stack: 0x00000038d9300000,0x00000038d9400000] [id=88076]
  0x0000014e2356e570 ConcurrentGCThread "G1 Service" [stack: 0x00000038d9400000,0x00000038d9500000] [id=114600]

Threads with active compile tasks:
C2 CompilerThread0    10000 1443 % !   4       java.io.BufferedReader::readLine @ 139 (327 bytes)
C1 CompilerThread0    10000 1465   !   3       java.nio.charset.CharsetDecoder::decode (275 bytes)

VM state: not at safepoint (normal execution)

VM Mutex/Monitor currently owned by a thread:  ([mutex/lock_event])
[0x0000014e234f57c0] Metaspace_lock - owner thread: 0x0000014e3c6861c0
[0x0000014e234f4650] MethodData_lock - owner thread: 0x0000014e3c6861c0

Heap address: 0x00000000fc000000, size: 64 MB, Compressed Oops mode: 32-bit

CDS archive(s) mapped at: [0x0000014e3d000000-0x0000014e3dbb0000-0x0000014e3dbb0000), size 12255232, SharedBaseAddress: 0x0000014e3d000000, ArchiveRelocationMode: 1.
Compressed class space mapped at: 0x0000014e3e000000-0x0000014e7e000000, reserved size: 1073741824
Narrow klass base: 0x0000014e3d000000, Narrow klass shift: 0, Narrow klass range: 0x100000000

GC Precious Log:
 CPUs: 4 total, 4 available
 Memory: 7834M
 Large Page Support: Disabled
 NUMA Support: Disabled
 Compressed Oops: Enabled (32-bit)
 Heap Region Size: 1M
 Heap Min Capacity: 64M
 Heap Initial Capacity: 64M
 Heap Max Capacity: 64M
 Pre-touch: Disabled
 Parallel Workers: 4
 Concurrent Workers: 1
 Concurrent Refinement Workers: 4
 Periodic GC: Disabled

Heap:
 garbage-first heap   total 65536K, used 29847K [0x00000000fc000000, 0x0000000100000000)
  region size 1024K, 22 young (22528K), 3 survivors (3072K)
 Metaspace       used 9662K, committed 9856K, reserved 1114112K
  class space    used 1301K, committed 1408K, reserved 1048576K

Heap Regions: E=young(eden), S=young(survivor), O=old, HS=humongous(starts), HC=humongous(continues), CS=collection set, F=free, OA=open archive, CA=closed archive, TAMS=top-at-mark-start (previous, next)
|   0|0x00000000fc000000, 0x00000000fc100000, 0x00000000fc100000|100%|HS|  |TAMS 0x00000000fc000000, 0x00000000fc000000| Complete 
|   1|0x00000000fc100000, 0x00000000fc200000, 0x00000000fc200000|100%|HC|  |TAMS 0x00000000fc100000, 0x00000000fc100000| Complete 
|   2|0x00000000fc200000, 0x00000000fc300000, 0x00000000fc300000|100%|HC|  |TAMS 0x00000000fc200000, 0x00000000fc200000| Complete 
|   3|0x00000000fc300000, 0x00000000fc400000, 0x00000000fc400000|100%|HC|  |TAMS 0x00000000fc300000, 0x00000000fc300000| Complete 
|   4|0x00000000fc400000, 0x00000000fc500000, 0x00000000fc500000|100%| O|  |TAMS 0x00000000fc400000, 0x00000000fc400000| Untracked 
|   5|0x00000000fc500000, 0x00000000fc600000, 0x00000000fc600000|100%| O|  |TAMS 0x00000000fc500000, 0x00000000fc500000| Untracked 
|   6|0x00000000fc600000, 0x00000000fc700000, 0x00000000fc700000|100%| O|  |TAMS 0x00000000fc600000, 0x00000000fc600000| Untracked 
|   7|0x00000000fc700000, 0x00000000fc800000, 0x00000000fc800000|100%| O|  |TAMS 0x00000000fc700000, 0x00000000fc700000| Untracked 
|   8|0x00000000fc800000, 0x00000000fc825e00, 0x00000000fc900000| 14%| O|  |TAMS 0x00000000fc800000, 0x00000000fc800000| Untracked 
|   9|0x00000000fc900000, 0x00000000fc900000, 0x00000000fca00000|  0%| F|  |TAMS 0x00000000fc900000, 0x00000000fc900000| Untracked 
|  10|0x00000000fca00000, 0x00000000fca00000, 0x00000000fcb00000|  0%| F|  |TAMS 0x00000000fca00000, 0x00000000fca00000| Untracked 
|  11|0x00000000fcb00000, 0x00000000fcb00000, 0x00000000fcc00000|  0%| F|  |TAMS 0x00000000fcb00000, 0x00000000fcb00000| Untracked 
|  12|0x00000000fcc00000, 0x00000000fcc00000, 0x00000000fcd00000|  0%| F|  |TAMS 0x00000000fcc00000, 0x00000000fcc00000| Untracked 
|  13|0x00000000fcd00000, 0x00000000fcd00000, 0x00000000fce00000|  0%| F|  |TAMS 0x00000000fcd00000, 0x00000000fcd00000| Untracked 
|  14|0x00000000fce00000, 0x00000000fce00000, 0x00000000fcf00000|  0%| F|  |TAMS 0x00000000fce00000, 0x00000000fce00000| Untracked 
|  15|0x00000000fcf00000, 0x00000000fcf00000, 0x00000000fd000000|  0%| F|  |TAMS 0x00000000fcf00000, 0x00000000fcf00000| Untracked 
|  16|0x00000000fd000000, 0x00000000fd000000, 0x00000000fd100000|  0%| F|  |TAMS 0x00000000fd000000, 0x00000000fd000000| Untracked 
|  17|0x00000000fd100000, 0x00000000fd100000, 0x00000000fd200000|  0%| F|  |TAMS 0x00000000fd100000, 0x00000000fd100000| Untracked 
|  18|0x00000000fd200000, 0x00000000fd200000, 0x00000000fd300000|  0%| F|  |TAMS 0x00000000fd200000, 0x00000000fd200000| Untracked 
|  19|0x00000000fd300000, 0x00000000fd300000, 0x00000000fd400000|  0%| F|  |TAMS 0x00000000fd300000, 0x00000000fd300000| Untracked 
|  20|0x00000000fd400000, 0x00000000fd400000, 0x00000000fd500000|  0%| F|  |TAMS 0x00000000fd400000, 0x00000000fd400000| Untracked 
|  21|0x00000000fd500000, 0x00000000fd500000, 0x00000000fd600000|  0%| F|  |TAMS 0x00000000fd500000, 0x00000000fd500000| Untracked 
|  22|0x00000000fd600000, 0x00000000fd600000, 0x00000000fd700000|  0%| F|  |TAMS 0x00000000fd600000, 0x00000000fd600000| Untracked 
|  23|0x00000000fd700000, 0x00000000fd700000, 0x00000000fd800000|  0%| F|  |TAMS 0x00000000fd700000, 0x00000000fd700000| Untracked 
|  24|0x00000000fd800000, 0x00000000fd800000, 0x00000000fd900000|  0%| F|  |TAMS 0x00000000fd800000, 0x00000000fd800000| Untracked 
|  25|0x00000000fd900000, 0x00000000fd900000, 0x00000000fda00000|  0%| F|  |TAMS 0x00000000fd900000, 0x00000000fd900000| Untracked 
|  26|0x00000000fda00000, 0x00000000fda00000, 0x00000000fdb00000|  0%| F|  |TAMS 0x00000000fda00000, 0x00000000fda00000| Untracked 
|  27|0x00000000fdb00000, 0x00000000fdb00000, 0x00000000fdc00000|  0%| F|  |TAMS 0x00000000fdb00000, 0x00000000fdb00000| Untracked 
|  28|0x00000000fdc00000, 0x00000000fdc00000, 0x00000000fdd00000|  0%| F|  |TAMS 0x00000000fdc00000, 0x00000000fdc00000| Untracked 
|  29|0x00000000fdd00000, 0x00000000fdd00000, 0x00000000fde00000|  0%| F|  |TAMS 0x00000000fdd00000, 0x00000000fdd00000| Untracked 
|  30|0x00000000fde00000, 0x00000000fde00000, 0x00000000fdf00000|  0%| F|  |TAMS 0x00000000fde00000, 0x00000000fde00000| Untracked 
|  31|0x00000000fdf00000, 0x00000000fdf00000, 0x00000000fe000000|  0%| F|  |TAMS 0x00000000fdf00000, 0x00000000fdf00000| Untracked 
|  32|0x00000000fe000000, 0x00000000fe000000, 0x00000000fe100000|  0%| F|  |TAMS 0x00000000fe000000, 0x00000000fe000000| Untracked 
|  33|0x00000000fe100000, 0x00000000fe100000, 0x00000000fe200000|  0%| F|  |TAMS 0x00000000fe100000, 0x00000000fe100000| Untracked 
|  34|0x00000000fe200000, 0x00000000fe200000, 0x00000000fe300000|  0%| F|  |TAMS 0x00000000fe200000, 0x00000000fe200000| Untracked 
|  35|0x00000000fe300000, 0x00000000fe300000, 0x00000000fe400000|  0%| F|  |TAMS 0x00000000fe300000, 0x00000000fe300000| Untracked 
|  36|0x00000000fe400000, 0x00000000fe400000, 0x00000000fe500000|  0%| F|  |TAMS 0x00000000fe400000, 0x00000000fe400000| Untracked 
|  37|0x00000000fe500000, 0x00000000fe500000, 0x00000000fe600000|  0%| F|  |TAMS 0x00000000fe500000, 0x00000000fe500000| Untracked 
|  38|0x00000000fe600000, 0x00000000fe600000, 0x00000000fe700000|  0%| F|  |TAMS 0x00000000fe600000, 0x00000000fe600000| Untracked 
|  39|0x00000000fe700000, 0x00000000fe700000, 0x00000000fe800000|  0%| F|  |TAMS 0x00000000fe700000, 0x00000000fe700000| Untracked 
|  40|0x00000000fe800000, 0x00000000fe800000, 0x00000000fe900000|  0%| F|  |TAMS 0x00000000fe800000, 0x00000000fe800000| Untracked 
|  41|0x00000000fe900000, 0x00000000fe900000, 0x00000000fea00000|  0%| F|  |TAMS 0x00000000fe900000, 0x00000000fe900000| Untracked 
|  42|0x00000000fea00000, 0x00000000feb00000, 0x00000000feb00000|100%| S|CS|TAMS 0x00000000fea00000, 0x00000000fea00000| Complete 
|  43|0x00000000feb00000, 0x00000000fec00000, 0x00000000fec00000|100%| S|CS|TAMS 0x00000000feb00000, 0x00000000feb00000| Complete 
|  44|0x00000000fec00000, 0x00000000fed00000, 0x00000000fed00000|100%| S|CS|TAMS 0x00000000fec00000, 0x00000000fec00000| Complete 
|  45|0x00000000fed00000, 0x00000000fee00000, 0x00000000fee00000|100%| E|  |TAMS 0x00000000fed00000, 0x00000000fed00000| Complete 
|  46|0x00000000fee00000, 0x00000000fef00000, 0x00000000fef00000|100%| E|CS|TAMS 0x00000000fee00000, 0x00000000fee00000| Complete 
|  47|0x00000000fef00000, 0x00000000ff000000, 0x00000000ff000000|100%| E|CS|TAMS 0x00000000fef00000, 0x00000000fef00000| Complete 
|  48|0x00000000ff000000, 0x00000000ff100000, 0x00000000ff100000|100%| E|CS|TAMS 0x00000000ff000000, 0x00000000ff000000| Complete 
|  49|0x00000000ff100000, 0x00000000ff200000, 0x00000000ff200000|100%| E|CS|TAMS 0x00000000ff100000, 0x00000000ff100000| Complete 
|  50|0x00000000ff200000, 0x00000000ff300000, 0x00000000ff300000|100%| E|CS|TAMS 0x00000000ff200000, 0x00000000ff200000| Complete 
|  51|0x00000000ff300000, 0x00000000ff400000, 0x00000000ff400000|100%| E|CS|TAMS 0x00000000ff300000, 0x00000000ff300000| Complete 
|  52|0x00000000ff400000, 0x00000000ff500000, 0x00000000ff500000|100%| E|CS|TAMS 0x00000000ff400000, 0x00000000ff400000| Complete 
|  53|0x00000000ff500000, 0x00000000ff600000, 0x00000000ff600000|100%| E|CS|TAMS 0x00000000ff500000, 0x00000000ff500000| Complete 
|  54|0x00000000ff600000, 0x00000000ff700000, 0x00000000ff700000|100%| E|CS|TAMS 0x00000000ff600000, 0x00000000ff600000| Complete 
|  55|0x00000000ff700000, 0x00000000ff800000, 0x00000000ff800000|100%| E|CS|TAMS 0x00000000ff700000, 0x00000000ff700000| Complete 
|  56|0x00000000ff800000, 0x00000000ff900000, 0x00000000ff900000|100%| E|CS|TAMS 0x00000000ff800000, 0x00000000ff800000| Complete 
|  57|0x00000000ff900000, 0x00000000ffa00000, 0x00000000ffa00000|100%| E|CS|TAMS 0x00000000ff900000, 0x00000000ff900000| Complete 
|  58|0x00000000ffa00000, 0x00000000ffb00000, 0x00000000ffb00000|100%| E|CS|TAMS 0x00000000ffa00000, 0x00000000ffa00000| Complete 
|  59|0x00000000ffb00000, 0x00000000ffc00000, 0x00000000ffc00000|100%| E|CS|TAMS 0x00000000ffb00000, 0x00000000ffb00000| Complete 
|  60|0x00000000ffc00000, 0x00000000ffd00000, 0x00000000ffd00000|100%| E|CS|TAMS 0x00000000ffc00000, 0x00000000ffc00000| Complete 
|  61|0x00000000ffd00000, 0x00000000ffe00000, 0x00000000ffe00000|100%| E|CS|TAMS 0x00000000ffd00000, 0x00000000ffd00000| Complete 
|  62|0x00000000ffe00000, 0x00000000fff00000, 0x00000000fff00000|100%| E|CS|TAMS 0x00000000ffe00000, 0x00000000ffe00000| Complete 
|  63|0x00000000fff00000, 0x0000000100000000, 0x0000000100000000|100%| E|CS|TAMS 0x00000000fff00000, 0x00000000fff00000| Complete 

Card table byte_map: [0x0000014e21320000,0x0000014e21340000] _byte_map_base: 0x0000014e20b40000

Marking Bits (Prev, Next): (CMBitMap*) 0x0000014e23518c20, (CMBitMap*) 0x0000014e23518c60
 Prev Bits: [0x0000014e232d0000, 0x0000014e233d0000)
 Next Bits: [0x0000014e3a020000, 0x0000014e3a120000)

Polling page: 0x0000014e212d0000

Metaspace:

Usage:
  Non-class:      8.17 MB used.
      Class:      1.27 MB used.
       Both:      9.44 MB used.

Virtual space:
  Non-class space:       64.00 MB reserved,       8.25 MB ( 13%) committed,  1 nodes.
      Class space:        1.00 GB reserved,       1.38 MB ( <1%) committed,  1 nodes.
             Both:        1.06 GB reserved,       9.62 MB ( <1%) committed. 

Chunk freelists:
   Non-Class:  7.45 MB
       Class:  14.53 MB
        Both:  21.98 MB

MaxMetaspaceSize: unlimited
CompressedClassSpaceSize: 1.00 GB
Initial GC threshold: 21.00 MB
Current GC threshold: 21.00 MB
CDS: on
MetaspaceReclaimPolicy: balanced
 - commit_granule_bytes: 65536.
 - commit_granule_words: 8192.
 - virtual_space_node_default_size: 8388608.
 - enlarge_chunks_in_place: 1.
 - new_chunks_are_fully_committed: 0.
 - uncommit_free_chunks: 1.
 - use_allocation_guard: 0.
 - handle_deallocations: 1.


Internal statistics:

num_allocs_failed_limit: 0.
num_arena_births: 82.
num_arena_deaths: 0.
num_vsnodes_births: 2.
num_vsnodes_deaths: 0.
num_space_committed: 154.
num_space_uncommitted: 0.
num_chunks_returned_to_freelist: 0.
num_chunks_taken_from_freelist: 344.
num_chunk_merges: 0.
num_chunk_splits: 239.
num_chunks_enlarged: 198.
num_inconsistent_stats: 0.

CodeHeap 'non-profiled nmethods': size=120000Kb used=591Kb max_used=591Kb free=119408Kb
 bounds [0x0000014e32af0000, 0x0000014e32d60000, 0x0000014e3a020000]
CodeHeap 'profiled nmethods': size=120000Kb used=2752Kb max_used=2752Kb free=117248Kb
 bounds [0x0000014e2b020000, 0x0000014e2b2d0000, 0x0000014e32550000]
CodeHeap 'non-nmethods': size=5760Kb used=1183Kb max_used=1199Kb free=4576Kb
 bounds [0x0000014e32550000, 0x0000014e327c0000, 0x0000014e32af0000]
 total_blobs=1930 nmethods=1460 adapters=383
 compilation: enabled
              stopped_count=0, restarted_count=0
 full_count=0

Compilation events (20 events):
Event: 9.736 Thread 0x0000014e3c6861c0 nmethod 1441 0x0000014e2b2c8c90 code [0x0000014e2b2c8f00, 0x0000014e2b2c99b8]
Event: 9.958 Thread 0x0000014e3c6861c0 1442       1       java.util.LinkedList::size (5 bytes)
Event: 9.958 Thread 0x0000014e3c6861c0 nmethod 1442 0x0000014e32b82290 code [0x0000014e32b82420, 0x0000014e32b824f8]
Event: 9.959 Thread 0x0000014e3c681a70 1443 % !   4       java.io.BufferedReader::readLine @ 139 (327 bytes)
Event: 9.959 Thread 0x0000014e3c6861c0 1444       3       java.util.LinkedList::checkPositionIndex (22 bytes)
Event: 9.959 Thread 0x0000014e3c6861c0 nmethod 1444 0x0000014e2b2c9e10 code [0x0000014e2b2ca060, 0x0000014e2b2ca7c8]
Event: 9.959 Thread 0x0000014e3c6861c0 1445       3       java.util.LinkedList::isPositionIndex (18 bytes)
Event: 9.959 Thread 0x0000014e3c6861c0 nmethod 1445 0x0000014e2b2cab10 code [0x0000014e2b2caca0, 0x0000014e2b2cae38]
Event: 9.960 Thread 0x0000014e3c6861c0 1446       3       java.util.LinkedList::node (65 bytes)
Event: 9.960 Thread 0x0000014e3c6861c0 nmethod 1446 0x0000014e2b2caf10 code [0x0000014e2b2cb0c0, 0x0000014e2b2cb398]
Event: 9.960 Thread 0x0000014e3c6861c0 1447       3       org.gradle.util.internal.LimitedDescription::append (33 bytes)
Event: 9.960 Thread 0x0000014e3c6861c0 nmethod 1447 0x0000014e2b2cb510 code [0x0000014e2b2cb760, 0x0000014e2b2cbee8]
Event: 9.960 Thread 0x0000014e3c6861c0 1448       3       java.util.LinkedList::add (32 bytes)
Event: 9.960 Thread 0x0000014e3c6861c0 nmethod 1448 0x0000014e2b2cc210 code [0x0000014e2b2cc420, 0x0000014e2b2cc908]
Event: 9.960 Thread 0x0000014e3c6861c0 1449       3       java.util.LinkedList::linkBefore (63 bytes)
Event: 9.961 Thread 0x0000014e3c6861c0 nmethod 1449 0x0000014e2b2ccb10 code [0x0000014e2b2ccce0, 0x0000014e2b2cd198]
Event: 9.961 Thread 0x0000014e3c6861c0 1450       3       java.util.LinkedList::removeLast (23 bytes)
Event: 9.961 Thread 0x0000014e3c6861c0 nmethod 1450 0x0000014e2b2cd310 code [0x0000014e2b2cd4c0, 0x0000014e2b2cd718]
Event: 9.961 Thread 0x0000014e3c6861c0 1451       3       java.util.LinkedList::unlinkLast (64 bytes)
Event: 9.961 Thread 0x0000014e3c6861c0 nmethod 1451 0x0000014e2b2cd810 code [0x0000014e2b2cd9c0, 0x0000014e2b2cdc58]

GC Heap History (4 events):
Event: 0.424 GC heap before
{Heap before GC invocations=0 (full 0):
 garbage-first heap   total 65536K, used 12288K [0x00000000fc000000, 0x0000000100000000)
  region size 1024K, 13 young (13312K), 0 survivors (0K)
 Metaspace       used 1645K, committed 1792K, reserved 1114112K
  class space    used 155K, committed 192K, reserved 1048576K
}
Event: 0.428 GC heap after
{Heap after GC invocations=1 (full 0):
 garbage-first heap   total 65536K, used 1944K [0x00000000fc000000, 0x0000000100000000)
  region size 1024K, 2 young (2048K), 2 survivors (2048K)
 Metaspace       used 1645K, committed 1792K, reserved 1114112K
  class space    used 155K, committed 192K, reserved 1048576K
}
Event: 0.994 GC heap before
{Heap before GC invocations=1 (full 0):
 garbage-first heap   total 65536K, used 23448K [0x00000000fc000000, 0x0000000100000000)
  region size 1024K, 19 young (19456K), 2 survivors (2048K)
 Metaspace       used 4411K, committed 4544K, reserved 1114112K
  class space    used 570K, committed 640K, reserved 1048576K
}
Event: 1.001 GC heap after
{Heap after GC invocations=2 (full 0):
 garbage-first heap   total 65536K, used 11415K [0x00000000fc000000, 0x0000000100000000)
  region size 1024K, 3 young (3072K), 3 survivors (3072K)
 Metaspace       used 4411K, committed 4544K, reserved 1114112K
  class space    used 570K, committed 640K, reserved 1048576K
}

Dll operation events (13 events):
Event: 0.012 Loaded shared library C:\Program Files\Microsoft\jdk-17.0.12.7-hotspot\bin\java.dll
Event: 0.033 Loaded shared library C:\Program Files\Microsoft\jdk-17.0.12.7-hotspot\bin\jsvml.dll
Event: 0.062 Loaded shared library C:\Program Files\Microsoft\jdk-17.0.12.7-hotspot\bin\net.dll
Event: 0.063 Loaded shared library C:\Program Files\Microsoft\jdk-17.0.12.7-hotspot\bin\nio.dll
Event: 0.065 Loaded shared library C:\Program Files\Microsoft\jdk-17.0.12.7-hotspot\bin\zip.dll
Event: 0.069 Loaded shared library C:\Program Files\Microsoft\jdk-17.0.12.7-hotspot\bin\verify.dll
Event: 0.435 Loaded shared library C:\Program Files\Microsoft\jdk-17.0.12.7-hotspot\bin\jimage.dll
Event: 0.963 Loaded shared library C:\Users\halic\.gradle\native\c067742578af261105cb4f569cf0c3c89f3d7b1fecec35dd04571415982c5e48\windows-amd64\native-platform.dll
Event: 0.983 Loaded shared library C:\Users\halic\.gradle\native\jansi\1.18\windows64\jansi.dll
Event: 1.119 Loaded shared library C:\Program Files\Microsoft\jdk-17.0.12.7-hotspot\bin\management.dll
Event: 1.124 Loaded shared library C:\Program Files\Microsoft\jdk-17.0.12.7-hotspot\bin\management_ext.dll
Event: 1.416 Loaded shared library C:\Program Files\Microsoft\jdk-17.0.12.7-hotspot\bin\extnet.dll
Event: 1.492 Loaded shared library C:\Program Files\Microsoft\jdk-17.0.12.7-hotspot\bin\sunmscapi.dll

Deoptimization events (20 events):
Event: 1.131 Thread 0x0000014e234fa1f0 Uncommon trap: trap_request=0xffffff45 fr.pc=0x0000014e32b2e7fc relative=0x0000000000000a5c
Event: 1.131 Thread 0x0000014e234fa1f0 Uncommon trap: reason=unstable_if action=reinterpret pc=0x0000014e32b2e7fc method=java.util.HashMap.putVal(ILjava/lang/Object;Ljava/lang/Object;ZZ)Ljava/lang/Object; @ 236 c2
Event: 1.131 Thread 0x0000014e234fa1f0 DEOPT PACKING pc=0x0000014e32b2e7fc sp=0x00000038d8ffbdb0
Event: 1.131 Thread 0x0000014e234fa1f0 DEOPT UNPACKING pc=0x0000014e325aa1a3 sp=0x00000038d8ffbd78 mode 2
Event: 1.140 Thread 0x0000014e234fa1f0 DEOPT PACKING pc=0x0000014e2b14d038 sp=0x00000038d8ff8150
Event: 1.140 Thread 0x0000014e234fa1f0 DEOPT UNPACKING pc=0x0000014e325aace3 sp=0x00000038d8ff7668 mode 0
Event: 1.140 Thread 0x0000014e234fa1f0 DEOPT PACKING pc=0x0000014e2b0cc5e5 sp=0x00000038d8ffb280
Event: 1.140 Thread 0x0000014e234fa1f0 DEOPT UNPACKING pc=0x0000014e325aace3 sp=0x00000038d8ffa6d0 mode 0
Event: 1.193 Thread 0x0000014e234fa1f0 Uncommon trap: trap_request=0xffffffc6 fr.pc=0x0000014e32b63048 relative=0x0000000000000568
Event: 1.193 Thread 0x0000014e234fa1f0 Uncommon trap: reason=bimorphic_or_optimized_type_check action=maybe_recompile pc=0x0000014e32b63048 method=java.util.concurrent.ConcurrentHashMap.get(Ljava/lang/Object;)Ljava/lang/Object; @ 149 c2
Event: 1.193 Thread 0x0000014e234fa1f0 DEOPT PACKING pc=0x0000014e32b63048 sp=0x00000038d8ffa7f0
Event: 1.193 Thread 0x0000014e234fa1f0 DEOPT UNPACKING pc=0x0000014e325aa1a3 sp=0x00000038d8ffa790 mode 2
Event: 1.216 Thread 0x0000014e234fa1f0 Uncommon trap: trap_request=0xffffffc6 fr.pc=0x0000014e32b63048 relative=0x0000000000000568
Event: 1.216 Thread 0x0000014e234fa1f0 Uncommon trap: reason=bimorphic_or_optimized_type_check action=maybe_recompile pc=0x0000014e32b63048 method=java.util.concurrent.ConcurrentHashMap.get(Ljava/lang/Object;)Ljava/lang/Object; @ 149 c2
Event: 1.216 Thread 0x0000014e234fa1f0 DEOPT PACKING pc=0x0000014e32b63048 sp=0x00000038d8ffb820
Event: 1.216 Thread 0x0000014e234fa1f0 DEOPT UNPACKING pc=0x0000014e325aa1a3 sp=0x00000038d8ffb7c0 mode 2
Event: 1.435 Thread 0x0000014e234fa1f0 Uncommon trap: trap_request=0xffffff45 fr.pc=0x0000014e32b2c348 relative=0x0000000000000688
Event: 1.435 Thread 0x0000014e234fa1f0 Uncommon trap: reason=unstable_if action=reinterpret pc=0x0000014e32b2c348 method=java.lang.AbstractStringBuilder.append(Ljava/lang/String;)Ljava/lang/AbstractStringBuilder; @ 1 c2
Event: 1.435 Thread 0x0000014e234fa1f0 DEOPT PACKING pc=0x0000014e32b2c348 sp=0x00000038d8ffc590
Event: 1.435 Thread 0x0000014e234fa1f0 DEOPT UNPACKING pc=0x0000014e325aa1a3 sp=0x00000038d8ffc510 mode 2

Classes loaded (20 events):
Event: 9.285 Loading class jdk/internal/logger/LoggerFinderLoader
Event: 9.286 Loading class jdk/internal/logger/LoggerFinderLoader done
Event: 9.286 Loading class jdk/internal/logger/LoggerFinderLoader$TemporaryLoggerFinder
Event: 9.286 Loading class jdk/internal/logger/LoggerFinderLoader$TemporaryLoggerFinder done
Event: 9.286 Loading class sun/util/logging/internal/LoggingProviderImpl$JULWrapper
Event: 9.287 Loading class sun/util/logging/PlatformLogger$ConfigurableBridge$LoggerConfiguration
Event: 9.287 Loading class sun/util/logging/PlatformLogger$ConfigurableBridge$LoggerConfiguration done
Event: 9.287 Loading class sun/util/logging/internal/LoggingProviderImpl$JULWrapper done
Event: 9.287 Loading class java/io/ObjectInputFilter
Event: 9.287 Loading class java/io/ObjectInputFilter done
Event: 9.288 Loading class java/io/ObjectInputFilter$Config$BuiltinFilterFactory
Event: 9.288 Loading class java/io/ObjectInputFilter$Config$BuiltinFilterFactory done
Event: 9.288 Loading class jdk/internal/access/JavaObjectInputFilterAccess
Event: 9.288 Loading class jdk/internal/access/JavaObjectInputFilterAccess done
Event: 9.289 Loading class java/lang/System$Logger$Level
Event: 9.289 Loading class java/lang/System$Logger$Level done
Event: 9.289 Loading class java/io/Bits
Event: 9.290 Loading class java/io/Bits done
Event: 9.953 Loading class sun/net/ConnectionResetException
Event: 9.954 Loading class sun/net/ConnectionResetException done

Classes unloaded (0 events):
No events

Classes redefined (0 events):
No events

Internal exceptions (20 events):
Event: 0.143 Thread 0x0000014e234fa1f0 Exception <a 'java/lang/NoSuchMethodError'{0x00000000ffdfbe60}: 'int java.lang.invoke.DirectMethodHandle$Holder.invokeStaticInit(java.lang.Object, java.lang.Object)'> (0x00000000ffdfbe60) 
thrown [s\src\hotspot\share\interpreter\linkResolver.cpp, line 759]
Event: 0.904 Thread 0x0000014e234fa1f0 Exception <a 'java/lang/NoSuchMethodError'{0x00000000ff071fb8}: 'void java.lang.invoke.DirectMethodHandle$Holder.invokeStatic(java.lang.Object, java.lang.Object)'> (0x00000000ff071fb8) 
thrown [s\src\hotspot\share\interpreter\linkResolver.cpp, line 759]
Event: 0.924 Thread 0x0000014e234fa1f0 Exception <a 'java/lang/NoClassDefFoundError'{0x00000000fef07730}: org/slf4j/impl/StaticMarkerBinder> (0x00000000fef07730) 
thrown [s\src\hotspot\share\classfile\systemDictionary.cpp, line 245]
Event: 0.933 Thread 0x0000014e234fa1f0 Exception <a 'java/lang/NoSuchMethodError'{0x00000000fef78be8}: 'java.lang.Object java.lang.invoke.DirectMethodHandle$Holder.invokeVirtual(java.lang.Object, java.lang.Object, java.lang.Object)'> (0x00000000fef78be8) 
thrown [s\src\hotspot\share\interpreter\linkResolver.cpp, line 759]
Event: 0.942 Thread 0x0000014e234fa1f0 Exception <a 'java/lang/NoSuchMethodError'{0x00000000fefc0f68}: 'java.lang.Object java.lang.invoke.DirectMethodHandle$Holder.invokeVirtual(java.lang.Object, java.lang.Object, java.lang.Object, java.lang.Object, java.lang.Object, java.lang.Object, java.lang.Object)'> (0x00000000fefc0f68) 
thrown [s\src\hotspot\share\interpreter\linkResolver.cpp, line 759]
Event: 0.943 Thread 0x0000014e234fa1f0 Exception <a 'java/lang/NoSuchMethodError'{0x00000000fefd2818}: 'java.lang.Object java.lang.invoke.Invokers$Holder.invoker(java.lang.Object, java.lang.Object, java.lang.Object)'> (0x00000000fefd2818) 
thrown [s\src\hotspot\share\interpreter\linkResolver.cpp, line 759]
Event: 0.944 Thread 0x0000014e234fa1f0 Exception <a 'java/lang/NoSuchMethodError'{0x00000000fefdb790}: 'java.lang.Object java.lang.invoke.DirectMethodHandle$Holder.invokeStatic(java.lang.Object, java.lang.Object, int)'> (0x00000000fefdb790) 
thrown [s\src\hotspot\share\interpreter\linkResolver.cpp, line 759]
Event: 0.945 Thread 0x0000014e234fa1f0 Exception <a 'java/lang/NoSuchMethodError'{0x00000000fefe7480}: 'void java.lang.invoke.DelegatingMethodHandle$Holder.delegate(java.lang.Object, java.lang.Object, int, java.lang.Object)'> (0x00000000fefe7480) 
thrown [s\src\hotspot\share\interpreter\linkResolver.cpp, line 759]
Event: 0.946 Thread 0x0000014e234fa1f0 Exception <a 'java/lang/NoSuchMethodError'{0x00000000fefeb5c8}: 'int java.lang.invoke.DirectMethodHandle$Holder.invokeSpecial(java.lang.Object, java.lang.Object, java.lang.Object)'> (0x00000000fefeb5c8) 
thrown [s\src\hotspot\share\interpreter\linkResolver.cpp, line 759]
Event: 0.948 Thread 0x0000014e234fa1f0 Exception <a 'java/lang/NoSuchMethodError'{0x00000000feffe710}: 'java.lang.Object java.lang.invoke.Invokers$Holder.invokeExact_MT(java.lang.Object, java.lang.Object, java.lang.Object, java.lang.Object)'> (0x00000000feffe710) 
thrown [s\src\hotspot\share\interpreter\linkResolver.cpp, line 759]
Event: 1.091 Thread 0x0000014e234fa1f0 Exception <a 'java/lang/NoSuchMethodError'{0x00000000ffbd63f0}: 'void java.lang.invoke.DirectMethodHandle$Holder.invokeSpecial(java.lang.Object, java.lang.Object, java.lang.Object)'> (0x00000000ffbd63f0) 
thrown [s\src\hotspot\share\interpreter\linkResolver.cpp, line 759]
Event: 1.098 Thread 0x0000014e234fa1f0 Implicit null exception at 0x0000014e32b5360c to 0x0000014e32b53a30
Event: 1.098 Thread 0x0000014e234fa1f0 Implicit null exception at 0x0000014e32b34d0c to 0x0000014e32b3511c
Event: 1.116 Thread 0x0000014e234fa1f0 Exception <a 'java/lang/NoSuchMethodError'{0x00000000ff952e00}: 'java.lang.Object java.lang.invoke.DirectMethodHandle$Holder.invokeStaticInit(java.lang.Object)'> (0x00000000ff952e00) 
thrown [s\src\hotspot\share\interpreter\linkResolver.cpp, line 759]
Event: 1.144 Thread 0x0000014e234fa1f0 Exception <a 'java/lang/NoSuchMethodError'{0x00000000ff835bf8}: 'int java.lang.invoke.DirectMethodHandle$Holder.invokeVirtual(java.lang.Object, java.lang.Object, java.lang.Object)'> (0x00000000ff835bf8) 
thrown [s\src\hotspot\share\interpreter\linkResolver.cpp, line 759]
Event: 1.210 Thread 0x0000014e234fa1f0 Exception <a 'java/lang/NoSuchMethodError'{0x00000000ff4e5b58}: 'java.lang.Object java.lang.invoke.DirectMethodHandle$Holder.invokeStaticInit(java.lang.Object, int, int, int, int)'> (0x00000000ff4e5b58) 
thrown [s\src\hotspot\share\interpreter\linkResolver.cpp, line 759]
Event: 1.313 Thread 0x0000014e234fa1f0 Exception <a 'java/lang/NoSuchMethodError'{0x00000000ff362570}: 'java.lang.Object java.lang.invoke.DirectMethodHandle$Holder.invokeStaticInit(java.lang.Object, java.lang.Object, int, int, int, int)'> (0x00000000ff362570) 
thrown [s\src\hotspot\share\interpreter\linkResolver.cpp, line 759]
Event: 1.418 Thread 0x0000014e234fa1f0 Exception <a 'java/lang/NoSuchMethodError'{0x00000000ff3c6ee0}: 'void java.lang.invoke.DirectMethodHandle$Holder.invokeStatic(java.lang.Object, java.lang.Object, java.lang.Object)'> (0x00000000ff3c6ee0) 
thrown [s\src\hotspot\share\interpreter\linkResolver.cpp, line 759]
Event: 1.435 Thread 0x0000014e234fa1f0 Implicit null exception at 0x0000014e32b2bcf2 to 0x0000014e32b2c330
Event: 9.954 Thread 0x0000014e234fa1f0 Exception <a 'sun/net/ConnectionResetException'{0x00000000fee09ff0}: Connection reset> (0x00000000fee09ff0) 
thrown [s\src\hotspot\share\prims\jni.cpp, line 535]

VM Operations (20 events):
Event: 1.136 Executing VM operation: HandshakeAllThreads
Event: 1.136 Executing VM operation: HandshakeAllThreads done
Event: 1.180 Executing VM operation: HandshakeAllThreads
Event: 1.180 Executing VM operation: HandshakeAllThreads done
Event: 1.274 Executing VM operation: HandshakeAllThreads
Event: 1.274 Executing VM operation: HandshakeAllThreads done
Event: 1.457 Executing VM operation: HandshakeAllThreads
Event: 1.457 Executing VM operation: HandshakeAllThreads done
Event: 1.624 Executing VM operation: HandshakeAllThreads
Event: 1.624 Executing VM operation: HandshakeAllThreads done
Event: 2.635 Executing VM operation: Cleanup
Event: 2.635 Executing VM operation: Cleanup done
Event: 6.654 Executing VM operation: Cleanup
Event: 6.654 Executing VM operation: Cleanup done
Event: 7.661 Executing VM operation: Cleanup
Event: 7.661 Executing VM operation: Cleanup done
Event: 8.322 Executing VM operation: HandshakeAllThreads
Event: 8.322 Executing VM operation: HandshakeAllThreads done
Event: 9.326 Executing VM operation: Cleanup
Event: 9.326 Executing VM operation: Cleanup done

Events (15 events):
Event: 0.033 Thread 0x0000014e234fa1f0 Thread added: 0x0000014e234fa1f0
Event: 0.039 Thread 0x0000014e23590f70 Thread added: 0x0000014e23590f70
Event: 0.039 Thread 0x0000014e23592b40 Thread added: 0x0000014e23592b40
Event: 0.047 Thread 0x0000014e235a6cb0 Thread added: 0x0000014e235a6cb0
Event: 0.047 Thread 0x0000014e235ab790 Thread added: 0x0000014e235ab790
Event: 0.047 Thread 0x0000014e235ac360 Thread added: 0x0000014e235ac360
Event: 0.047 Thread 0x0000014e235ae2e0 Thread added: 0x0000014e235ae2e0
Event: 0.047 Thread 0x0000014e3c681a70 Thread added: 0x0000014e3c681a70
Event: 0.047 Thread 0x0000014e3c6861c0 Thread added: 0x0000014e3c6861c0
Event: 0.047 Thread 0x0000014e3c687770 Thread added: 0x0000014e3c687770
Event: 0.058 Thread 0x0000014e3c7bff80 Thread added: 0x0000014e3c7bff80
Event: 0.060 Thread 0x0000014e3c7c58d0 Thread added: 0x0000014e3c7c58d0
Event: 1.009 Thread 0x0000014e7e6e6eb0 Thread added: 0x0000014e7e6e6eb0
Event: 1.649 Thread 0x0000014e7eaa1520 Thread added: 0x0000014e7eaa1520
Event: 1.651 Thread 0x0000014e7ea4a550 Thread added: 0x0000014e7ea4a550


Dynamic libraries:
0x00007ff6b44e0000 - 0x00007ff6b44ee000 	C:\Program Files\Microsoft\jdk-17.0.12.7-hotspot\bin\java.exe
0x00007ffb4acd0000 - 0x00007ffb4aee7000 	C:\WINDOWS\SYSTEM32\ntdll.dll
0x00007ffb4a270000 - 0x00007ffb4a334000 	C:\WINDOWS\System32\KERNEL32.DLL
0x00007ffb47fe0000 - 0x00007ffb48397000 	C:\WINDOWS\System32\KERNELBASE.dll
0x00007ffb488e0000 - 0x00007ffb489f1000 	C:\WINDOWS\System32\ucrtbase.dll
0x00007ffb11480000 - 0x00007ffb11497000 	C:\Program Files\Microsoft\jdk-17.0.12.7-hotspot\bin\jli.dll
0x00007ffb111b0000 - 0x00007ffb111cd000 	C:\Program Files\Microsoft\jdk-17.0.12.7-hotspot\bin\VCRUNTIME140.dll
0x00007ffb4aae0000 - 0x00007ffb4ac8f000 	C:\WINDOWS\System32\USER32.dll
0x00007ffb486d0000 - 0x00007ffb486f6000 	C:\WINDOWS\System32\win32u.dll
0x00007ffb4aa10000 - 0x00007ffb4aa39000 	C:\WINDOWS\System32\GDI32.dll
0x00007ffb48530000 - 0x00007ffb48648000 	C:\WINDOWS\System32\gdi32full.dll
0x00007ffb48490000 - 0x00007ffb4852a000 	C:\WINDOWS\System32\msvcp_win.dll
0x00007ffb2d310000 - 0x00007ffb2d5a3000 	C:\WINDOWS\WinSxS\amd64_microsoft.windows.common-controls_6595b64144ccf1df_6.0.22621.3672_none_2713b9d173822955\COMCTL32.dll
0x00007ffb4a950000 - 0x00007ffb4a9f7000 	C:\WINDOWS\System32\msvcrt.dll
0x00007ffb4a660000 - 0x00007ffb4a691000 	C:\WINDOWS\System32\IMM32.DLL
0x00007ffb3b830000 - 0x00007ffb3b83c000 	C:\Program Files\Microsoft\jdk-17.0.12.7-hotspot\bin\vcruntime140_1.dll
0x00007ffae9b10000 - 0x00007ffae9b9d000 	C:\Program Files\Microsoft\jdk-17.0.12.7-hotspot\bin\msvcp140.dll
0x00007ffa7ba50000 - 0x00007ffa7c6c0000 	C:\Program Files\Microsoft\jdk-17.0.12.7-hotspot\bin\server\jvm.dll
0x00007ffb49840000 - 0x00007ffb498f2000 	C:\WINDOWS\System32\ADVAPI32.dll
0x00007ffb4a4b0000 - 0x00007ffb4a558000 	C:\WINDOWS\System32\sechost.dll
0x00007ffb483a0000 - 0x00007ffb483c8000 	C:\WINDOWS\System32\bcrypt.dll
0x00007ffb499c0000 - 0x00007ffb49ad4000 	C:\WINDOWS\System32\RPCRT4.dll
0x00007ffb4aa40000 - 0x00007ffb4aab1000 	C:\WINDOWS\System32\WS2_32.dll
0x00007ffb47e00000 - 0x00007ffb47e4d000 	C:\WINDOWS\SYSTEM32\POWRPROF.dll
0x00007ffb3f4d0000 - 0x00007ffb3f504000 	C:\WINDOWS\SYSTEM32\WINMM.dll
0x00007ffb3efd0000 - 0x00007ffb3efda000 	C:\WINDOWS\SYSTEM32\VERSION.dll
0x00007ffb47ce0000 - 0x00007ffb47cf3000 	C:\WINDOWS\SYSTEM32\UMPDC.dll
0x00007ffb46ff0000 - 0x00007ffb47008000 	C:\WINDOWS\SYSTEM32\kernel.appcore.dll
0x00007ffb31d90000 - 0x00007ffb31d9a000 	C:\Program Files\Microsoft\jdk-17.0.12.7-hotspot\bin\jimage.dll
0x00007ffb458c0000 - 0x00007ffb45af2000 	C:\WINDOWS\SYSTEM32\DBGHELP.DLL
0x00007ffb48a00000 - 0x00007ffb48d8e000 	C:\WINDOWS\System32\combase.dll
0x00007ffb4a6a0000 - 0x00007ffb4a777000 	C:\WINDOWS\System32\OLEAUT32.dll
0x00007ffb3e5d0000 - 0x00007ffb3e602000 	C:\WINDOWS\SYSTEM32\dbgcore.DLL
0x00007ffb48650000 - 0x00007ffb486cb000 	C:\WINDOWS\System32\bcryptPrimitives.dll
0x00007ffb0fc50000 - 0x00007ffb0fc75000 	C:\Program Files\Microsoft\jdk-17.0.12.7-hotspot\bin\java.dll
0x00007ffa9b7a0000 - 0x00007ffa9b877000 	C:\Program Files\Microsoft\jdk-17.0.12.7-hotspot\bin\jsvml.dll
0x00007ffb48de0000 - 0x00007ffb49649000 	C:\WINDOWS\System32\SHELL32.dll
0x00007ffb45f00000 - 0x00007ffb467ff000 	C:\WINDOWS\SYSTEM32\windows.storage.dll
0x00007ffb45dc0000 - 0x00007ffb45eff000 	C:\WINDOWS\SYSTEM32\wintypes.dll
0x00007ffb496b0000 - 0x00007ffb497a9000 	C:\WINDOWS\System32\SHCORE.dll
0x00007ffb49650000 - 0x00007ffb496ae000 	C:\WINDOWS\System32\shlwapi.dll
0x00007ffb47f10000 - 0x00007ffb47f37000 	C:\WINDOWS\SYSTEM32\profapi.dll
0x00007ffb0fc20000 - 0x00007ffb0fc3a000 	C:\Program Files\Microsoft\jdk-17.0.12.7-hotspot\bin\net.dll
0x00007ffb405c0000 - 0x00007ffb406f6000 	C:\WINDOWS\SYSTEM32\WINHTTP.dll
0x00007ffb47460000 - 0x00007ffb474c9000 	C:\WINDOWS\system32\mswsock.dll
0x00007ffb0fc00000 - 0x00007ffb0fc16000 	C:\Program Files\Microsoft\jdk-17.0.12.7-hotspot\bin\nio.dll
0x00007ffb0fb30000 - 0x00007ffb0fb48000 	C:\Program Files\Microsoft\jdk-17.0.12.7-hotspot\bin\zip.dll
0x00007ffb2b450000 - 0x00007ffb2b460000 	C:\Program Files\Microsoft\jdk-17.0.12.7-hotspot\bin\verify.dll
0x00007ffb0f9a0000 - 0x00007ffb0f9c7000 	C:\Users\halic\.gradle\native\c067742578af261105cb4f569cf0c3c89f3d7b1fecec35dd04571415982c5e48\windows-amd64\native-platform.dll
0x00007ffb3c370000 - 0x00007ffb3c37a000 	C:\Users\halic\.gradle\native\jansi\1.18\windows64\jansi.dll
0x00007ffb0fbf0000 - 0x00007ffb0fbfa000 	C:\Program Files\Microsoft\jdk-17.0.12.7-hotspot\bin\management.dll
0x00007ffb0f8e0000 - 0x00007ffb0f8eb000 	C:\Program Files\Microsoft\jdk-17.0.12.7-hotspot\bin\management_ext.dll
0x00007ffb49830000 - 0x00007ffb49838000 	C:\WINDOWS\System32\PSAPI.DLL
0x00007ffb47690000 - 0x00007ffb476ab000 	C:\WINDOWS\SYSTEM32\CRYPTSP.dll
0x00007ffb46f50000 - 0x00007ffb46f85000 	C:\WINDOWS\system32\rsaenh.dll
0x00007ffb47520000 - 0x00007ffb47548000 	C:\WINDOWS\SYSTEM32\USERENV.dll
0x00007ffb47680000 - 0x00007ffb4768c000 	C:\WINDOWS\SYSTEM32\CRYPTBASE.dll
0x00007ffb46aa0000 - 0x00007ffb46acd000 	C:\WINDOWS\SYSTEM32\IPHLPAPI.DLL
0x00007ffb499b0000 - 0x00007ffb499b9000 	C:\WINDOWS\System32\NSI.dll
0x00007ffb3f400000 - 0x00007ffb3f419000 	C:\WINDOWS\SYSTEM32\dhcpcsvc6.DLL
0x00007ffb3f3e0000 - 0x00007ffb3f3ff000 	C:\WINDOWS\SYSTEM32\dhcpcsvc.DLL
0x00007ffb46ad0000 - 0x00007ffb46bd2000 	C:\WINDOWS\SYSTEM32\DNSAPI.dll
0x00007ffb0f4f0000 - 0x00007ffb0f4f9000 	C:\Program Files\Microsoft\jdk-17.0.12.7-hotspot\bin\extnet.dll
0x00007ffb0f4d0000 - 0x00007ffb0f4de000 	C:\Program Files\Microsoft\jdk-17.0.12.7-hotspot\bin\sunmscapi.dll
0x00007ffb48700000 - 0x00007ffb48866000 	C:\WINDOWS\System32\CRYPT32.dll
0x00007ffb478b0000 - 0x00007ffb478dd000 	C:\WINDOWS\SYSTEM32\ncrypt.dll
0x00007ffb47870000 - 0x00007ffb478a7000 	C:\WINDOWS\SYSTEM32\NTASN1.dll
0x00007ffb05eb0000 - 0x00007ffb05eb8000 	C:\WINDOWS\system32\wshunix.dll

dbghelp: loaded successfully - version: 4.0.5 - missing functions: none
symbol engine: initialized successfully - sym options: 0x614 - pdb path: .;C:\Program Files\Microsoft\jdk-17.0.12.7-hotspot\bin;C:\WINDOWS\SYSTEM32;C:\WINDOWS\WinSxS\amd64_microsoft.windows.common-controls_6595b64144ccf1df_6.0.22621.3672_none_2713b9d173822955;C:\Program Files\Microsoft\jdk-17.0.12.7-hotspot\bin\server;C:\Users\halic\.gradle\native\c067742578af261105cb4f569cf0c3c89f3d7b1fecec35dd04571415982c5e48\windows-amd64;C:\Users\halic\.gradle\native\jansi\1.18\windows64

VM Arguments:
jvm_args: -Xmx64m -Xms64m -Dorg.gradle.appname=gradlew 
java_command: org.gradle.wrapper.GradleWrapperMain app:installDebug -PreactNativeDevServerPort=8081
java_class_path (initial): C:\Mobile\Work\android\\gradle\wrapper\gradle-wrapper.jar
Launcher Type: SUN_STANDARD

[Global flags]
     intx CICompilerCount                          = 3                                         {product} {ergonomic}
     uint ConcGCThreads                            = 1                                         {product} {ergonomic}
     uint G1ConcRefinementThreads                  = 4                                         {product} {ergonomic}
   size_t G1HeapRegionSize                         = 1048576                                   {product} {ergonomic}
    uintx GCDrainStackTargetSize                   = 64                                        {product} {ergonomic}
   size_t InitialHeapSize                          = 67108864                                  {product} {command line}
   size_t MarkStackSize                            = 4194304                                   {product} {ergonomic}
   size_t MaxHeapSize                              = 67108864                                  {product} {command line}
   size_t MaxNewSize                               = 39845888                                  {product} {ergonomic}
   size_t MinHeapDeltaBytes                        = 1048576                                   {product} {ergonomic}
   size_t MinHeapSize                              = 67108864                                  {product} {command line}
    uintx NonNMethodCodeHeapSize                   = 5832780                                {pd product} {ergonomic}
    uintx NonProfiledCodeHeapSize                  = 122912730                              {pd product} {ergonomic}
    uintx ProfiledCodeHeapSize                     = 122912730                              {pd product} {ergonomic}
    uintx ReservedCodeCacheSize                    = 251658240                              {pd product} {ergonomic}
     bool SegmentedCodeCache                       = true                                      {product} {ergonomic}
   size_t SoftMaxHeapSize                          = 67108864                               {manageable} {ergonomic}
     bool UseCompressedClassPointers               = true                           {product lp64_product} {ergonomic}
     bool UseCompressedOops                        = true                           {product lp64_product} {ergonomic}
     bool UseG1GC                                  = true                                      {product} {ergonomic}
     bool UseLargePagesIndividualAllocation        = false                                  {pd product} {ergonomic}

Logging:
Log output configuration:
 #0: stdout all=warning uptime,level,tags
 #1: stderr all=off uptime,level,tags

Environment Variables:
JAVA_HOME=C:\Program Files\Microsoft\jdk-17.0.12.7-hotspot\
CLASSPATH=C:\Mobile\Work\android\\gradle\wrapper\gradle-wrapper.jar
PATH=C:\Mobile\Work\node_modules\.bin;C:\Mobile\Work\node_modules\.bin;C:\Mobile\node_modules\.bin;C:\node_modules\.bin;C:\Program Files\nodejs\node_modules\npm\node_modules\@npmcli\run-script\lib\node-gyp-bin;C:\Program Files\Microsoft\jdk-17.0.12.7-hotspot\bin;C:\Program Files (x86)\Common Files\Oracle\Java\java8path;C:\Program Files (x86)\Common Files\Oracle\Java\javapath;C:\Python312\Scripts\;C:\Python312\;C:\WINDOWS\system32;C:\WINDOWS;C:\WINDOWS\System32\Wbem;C:\WINDOWS\System32\WindowsPowerShell\v1.0\;C:\WINDOWS\System32\OpenSSH\;C:\Program Files (x86)\Pulse Secure\VC142.CRT\X64\;C:\Program Files (x86)\Pulse Secure\VC142.CRT\X86\;C:\Program Files\dotnet\;C:\composer;C:\ProgramData\chocolatey\bin;C:\Program Files\Git\cmd;C:\Program Files\nodejs\;C:\Users\halic\AppData\Local\Android\Sdk\platform-tools;C:\Users\halic\AppData\Local\Android\Sdk\tools;C:\Users\halic\AppData\Local\Microsoft\WindowsApps;C:\Users\halic\AppData\Local\Programs\Microsoft VS Code\bin;C:\MinGW\bin;C:\xampp\php;C:\stripe_1.21.0_windows_x86_64;C:\Users\halic\AppData\Roaming\npm;C:\Users\halic\AppData\Local\Android\Sdk\platform-tools;
USERNAME=halic
OS=Windows_NT
PROCESSOR_IDENTIFIER=Intel64 Family 6 Model 140 Stepping 1, GenuineIntel
TMP=C:\Users\halic\AppData\Local\Temp
TEMP=C:\Users\halic\AppData\Local\Temp



Periodic native trim disabled


---------------  S Y S T E M  ---------------

OS:
 Windows 11 , 64 bit Build 22621 (10.0.22621.3958)
OS uptime: 14 days 14:21 hours
Hyper-V role detected

CPU: total 4 (initial active 4) (2 cores per cpu, 2 threads per core) family 6 model 140 stepping 1 microcode 0xb4, cx8, cmov, fxsr, ht, mmx, 3dnowpref, sse, sse2, sse3, ssse3, sse4.1, sse4.2, popcnt, lzcnt, tsc, tscinvbit, avx, avx2, aes, erms, clmul, bmi1, bmi2, adx, avx512f, avx512dq, avx512cd, avx512bw, avx512vl, sha, fma, vzeroupper, avx512_vpopcntdq, avx512_vpclmulqdq, avx512_vaes, avx512_vnni, clflush, clflushopt, clwb, avx512_vbmi2, avx512_vbmi, hv
Processor Information for the first 4 processors :
  Max Mhz: 2901, Current Mhz: 2901, Mhz Limit: 2901

Memory: 4k page, system-wide physical 7834M (222M free)
TotalPageFile size 31386M (AvailPageFile size 9M)
current process WorkingSet (physical memory assigned to process): 87M, peak: 91M
current process commit charge ("private bytes"): 155M, peak: 159M

vm_info: OpenJDK 64-Bit Server VM (17.0.12+7-LTS) for windows-amd64 JRE (17.0.12+7-LTS), built on Jul 16 2024 18:11:44 by "MicrosoftCorporation" with unknown MS VC++:1939

END.
