#
# There is insufficient memory for the Java Runtime Environment to continue.
# Native memory allocation (mmap) failed to map 65536 bytes. Error detail: Failed to commit metaspace.
# Possible reasons:
#   The system is out of physical RAM or swap space
#   This process is running with CompressedOops enabled, and the Java Heap may be blocking the growth of the native heap
# Possible solutions:
#   Reduce memory load on the system
#   Increase physical memory or swap space
#   Check if swap backing store is full
#   Decrease Java heap size (-Xmx/-Xms)
#   Decrease number of Java threads
#   Decrease Java thread stack sizes (-Xss)
#   Set larger code cache with -XX:ReservedCodeCacheSize=
#   JVM is running with Unscaled Compressed Oops mode in which the Java heap is
#     placed in the first 4GB address space. The Java Heap base address is the
#     maximum limit for the native heap growth. Please use -XX:HeapBaseMinAddress
#     to set the Java Heap base and to place the Java Heap above 4GB virtual address.
# This output file may be truncated or incomplete.
#
#  Out of Memory Error (virtualSpaceNode.cpp:110), pid=116088, tid=116064
#
# JRE version: OpenJDK Runtime Environment Microsoft-9889599 (17.0.12+7) (build 17.0.12+7-LTS)
# Java VM: OpenJDK 64-Bit Server VM Microsoft-9889599 (17.0.12+7-LTS, mixed mode, sharing, tiered, compressed oops, compressed class ptrs, g1 gc, windows-amd64)
# No core dump will be written. Minidumps are not enabled by default on client versions of Windows
#

---------------  S U M M A R Y ------------

Command Line: -Xmx64m -Xms64m -Dorg.gradle.appname=gradlew org.gradle.wrapper.GradleWrapperMain app:installDebug -PreactNativeDevServerPort=8081

Host: 11th Gen Intel(R) Core(TM) i3-1115G4 @ 3.00GHz, 4 cores, 7G,  Windows 11 , 64 bit Build 22621 (10.0.22621.3958)
Time: Wed Oct 23 20:36:46 2024 Paris, Madrid (heure duild 22621 (10.0.22621.3958) elapsed time: 0.225067 seconds (0d 0h 0m 0s)

---------------  T H R E A D  ---------------

Current thread (0x000001c2f0eb8a20):  JavaThread "main" [_thread_in_vm, id=116064, stack(0x00000019b0f00000,0x00000019b1000000)]

Stack: [0x00000019b0f00000,0x00000019b1000000]
Native frames: (J=compiled Java code, j=interpreted, Vv=VM code, C=native code)
V  [jvm.dll+0x686d99]
V  [jvm.dll+0x83daf8]
V  [jvm.dll+0x83f5a3]
V  [jvm.dll+0x83fc13]
V  [jvm.dll+0x2492ef]
V  [jvm.dll+0x8398ad]
V  [jvm.dll+0x62b25e]
V  [jvm.dll+0x62b2ca]
V  [jvm.dll+0x62dab3]
V  [jvm.dll+0x62bc06]
V  [jvm.dll+0x23e4f0]
V  [jvm.dll+0x1ebe1b]
V  [jvm.dll+0x1e1961]
V  [jvm.dll+0x54adc4]
V  [jvm.dll+0x1f257a]
V  [jvm.dll+0x7b6d70]
V  [jvm.dll+0x7b8199]
V  [jvm.dll+0x7b84e8]
V  [jvm.dll+0x240e0b]
V  [jvm.dll+0x38607e]
C  0x000001c28754b8ae

The last pc belongs to new (printed below).
Java frames: (J=compiled Java code, j=interpreted, Vv=VM code)
j  java.lang.constant.MethodHandleDesc.ofMethod(Ljava/lang/constant/DirectMethodHandleDesc$Kind;Ljava/lang/constant/ClassDesc;Ljava/lang/String;Ljava/lang/constant/MethodTypeDesc;)Ljava/lang/constant/DirectMethodHandleDesc;+80 java.base@17.0.12
j  java.lang.constant.ConstantDescs.ofConstantBootstrap(Ljava/lang/constant/ClassDesc;Ljava/lang/String;Ljava/lang/constant/ClassDesc;[Ljava/lang/constant/ClassDesc;)Ljava/lang/constant/DirectMethodHandleDesc;+19 java.base@17.0.12
j  java.lang.constant.ConstantDescs.<clinit>()V+378 java.base@17.0.12
v  ~StubRoutines::call_stub
j  java.lang.invoke.VarHandle$VarHandleDesc$Kind.<clinit>()V+7 java.base@17.0.12
v  ~StubRoutines::call_stub
j  java.lang.invoke.VarHandle$2.<clinit>()V+0 java.base@17.0.12
v  ~StubRoutines::call_stub
j  java.lang.invoke.VarHandle$AccessType.accessModeType(Ljava/lang/Class;Ljava/lang/Class;[Ljava/lang/Class;)Ljava/lang/invoke/MethodType;+0 java.base@17.0.12
j  java.lang.invoke.VarHandleByteArrayAsInts$ArrayHandle.accessModeTypeUncached(Ljava/lang/invoke/VarHandle$AccessType;)Ljava/lang/invoke/MethodType;+16 java.base@17.0.12
j  java.lang.invoke.VarHandle.accessModeTypeUncached(I)Ljava/lang/invoke/MethodType;+6 java.base@17.0.12
j  java.lang.invoke.VarHandle.accessModeType(I)Ljava/lang/invoke/MethodType;+23 java.base@17.0.12
j  java.lang.invoke.VarHandle.checkExactAccessMode(Ljava/lang/invoke/VarHandle$AccessDescriptor;)V+12 java.base@17.0.12
j  java.lang.invoke.VarHandleGuards.guard_LI_I(Ljava/lang/invoke/VarHandle;Ljava/lang/Object;ILjava/lang/invoke/VarHandle$AccessDescriptor;)I+2 java.base@17.0.12
j  sun.security.provider.MD5.implCompress0([BI)V+36 java.base@17.0.12
j  sun.security.provider.MD5.implCompress([BI)V+9 java.base@17.0.12
j  sun.security.provider.DigestBase.engineUpdate([BII)V+128 java.base@17.0.12
j  sun.security.provider.MD5.implDigest([BI)V+46 java.base@17.0.12
j  sun.security.provider.DigestBase.engineDigest([BII)I+97 java.base@17.0.12
j  sun.security.provider.DigestBase.engineDigest()[B+12 java.base@17.0.12
j  java.security.MessageDigest$Delegate.engineDigest()[B+4 java.base@17.0.12
j  java.security.MessageDigest.digest()[B+1 java.base@17.0.12
j  org.gradle.wrapper.GradleWrapperMain.main([Ljava/lang/String;)V+1225
v  ~StubRoutines::call_stub
new  187 new  [0x000001c28754b720, 0x000001c28754b940]  544 bytes
[MachCode]
  0x000001c28754b720: 4883 ec08 | c5fa 1104 | 24eb 1f48 | 83ec 10c5 | fb11 0424 | eb14 4883 | ec10 4889 | 0424 48c7 
  0x000001c28754b740: 4424 0800 | 0000 00eb | 0150 410f | b755 010f | cac1 ea10 | 488b 4de8 | 488b 4908 | 488b 4908 
  0x000001c28754b760: 488b 4108 | 807c 1004 | 070f 85df | 0000 0066 | 8b54 d148 | 488b 4928 | 488b 4cd1 | 0851 80b9 
  0x000001c28754b780: 3301 0000 | 040f 85c2 | 0000 008b | 5108 f7c2 | 0100 0000 | 0f85 b300 | 0000 498b | 8708 0100 
  0x000001c28754b7a0: 0048 8d1c | 1049 3b9f | 1801 0000 | 0f87 9b00 | 0000 4989 | 9f08 0100 | 00e9 0000 | 0000 4883 
  0x000001c28754b7c0: ea10 0f84 | 0f00 0000 | 33c9 c1ea | 0348 894c | d008 48ff | ca75 f648 | c700 0100 | 0000 5933 
  0x000001c28754b7e0: f689 700c | 49ba 0000 | 008f c201 | 0000 492b | ca89 4808 | 49ba 2017 | 5e7c fa7f | 0000 4180 
  0x000001c28754b800: 3a00 0f84 | 4000 0000 | 5048 8bc8 | 4883 ec20 | f7c4 0f00 | 0000 0f84 | 1a00 0000 | 4883 ec08 
  0x000001c28754b820: 49ba 60d0 | 137c fa7f | 0000 41ff | d248 83c4 | 08e9 0d00 | 0000 49ba | 60d0 137c | fa7f 0000 
  0x000001c28754b840: 41ff d248 | 83c4 2058 | e9cd 0000 | 0059 488b | 55e8 488b | 5208 488b | 5208 450f | b745 0141 
  0x000001c28754b860: 0fc8 41c1 | e810 e805 | 0000 00e9 | aa00 0000 | 488d 4424 | 084c 896d | c049 8bcf | c5f8 7749 
  0x000001c28754b880: 89af a802 | 0000 4989 | 8798 0200 | 0048 83ec | 20f7 c40f | 0000 000f | 841a 0000 | 0048 83ec 
  0x000001c28754b8a0: 0849 ba30 | 60dd 7bfa | 7f00 0041 | ffd2 4883 | c408 e90d | 0000 0049 | ba30 60dd | 7bfa 7f00 
  0x000001c28754b8c0: 0041 ffd2 | 4883 c420 | 49c7 8798 | 0200 0000 | 0000 0049 | c787 a802 | 0000 0000 | 0000 49c7 
  0x000001c28754b8e0: 87a0 0200 | 0000 0000 | 00c5 f877 | 4981 7f08 | 0000 0000 | 0f84 0500 | 0000 e901 | 56fe ff49 
  0x000001c28754b900: 8b87 f002 | 0000 49c7 | 87f0 0200 | 0000 0000 | 004c 8b6d | c04c 8b75 | c8c3 410f | b65d 0349 
  0x000001c28754b920: 83c5 0349 | bad0 8360 | 7cfa 7f00 | 0041 ff24 | da0f 1f80 | 0000 0000 | 0000 0000 | 0000 0000 
[/MachCode]

---------------  P R O C E S S  ---------------

Threads class SMR info:
_java_thread_list=0x000001c2d4039760, length=12, elements={
0x000001c2f0eb8a20, 0x000001c2f0f4cf80, 0x000001c2f0f4eb50, 0x000001c2f0f63a00,
0x000001c2f0f684e0, 0x000001c2f0f68ea0, 0x000001c2f0f69860, 0x000001c2f0f6a600,
0x000001c2f0f6d0c0, 0x000001c2fb0b23b0, 0x000001c2d4063fd0, 0x000001c2d4066910
}

Java Threads: ( => current thread )
=>0x000001c2f0eb8a20 JavaThread "main" [_thread_in_vm, id=116064, stack(0x00000019b0f00000,0x00000019b1000000)]
  0x000001c2f0f4cf80 JavaThread "Reference Handler" daemon [_thread_blocked, id=84292, stack(0x00000019b1600000,0x00000019b1700000)]
  0x000001c2f0f4eb50 JavaThread "Finalizer" daemon [_thread_blocked, id=10056, stack(0x00000019b1700000,0x00000019b1800000)]
  0x000001c2f0f63a00 JavaThread "Signal Dispatcher" daemon [_thread_blocked, id=115740, stack(0x00000019b1800000,0x00000019b1900000)]
  0x000001c2f0f684e0 JavaThread "Attach Listener" daemon [_thread_blocked, id=96044, stack(0x00000019b1900000,0x00000019b1a00000)]
  0x000001c2f0f68ea0 JavaThread "Service Thread" daemon [_thread_blocked, id=87076, stack(0x00000019b1a00000,0x00000019b1b00000)]
  0x000001c2f0f69860 JavaThread "Monitor Deflation Thread" daemon [_thread_blocked, id=92672, stack(0x00000019b1b00000,0x00000019b1c00000)]
  0x000001c2f0f6a600 JavaThread "C2 CompilerThread0" daemon [_thread_blocked, id=108804, stack(0x00000019b1c00000,0x00000019b1d00000)]
  0x000001c2f0f6d0c0 JavaThread "C1 CompilerThread0" daemon [_thread_blocked, id=116180, stack(0x00000019b1d00000,0x00000019b1e00000)]
  0x000001c2fb0b23b0 JavaThread "Sweeper thread" daemon [_thread_blocked, id=116036, stack(0x00000019b1e00000,0x00000019b1f00000)]
  0x000001c2d4063fd0 JavaThread "Notification Thread" daemon [_thread_blocked, id=113316, stack(0x00000019b1f00000,0x00000019b2000000)]
  0x000001c2d4066910 JavaThread "Common-Cleaner" daemon [_thread_blocked, id=101688, stack(0x00000019b2100000,0x00000019b2200000)]

Other Threads:
  0x000001c2f0f49d40 VMThread "VM Thread" [stack: 0x00000019b1500000,0x00000019b1600000] [id=110516]
  0x000001c2d40644b0 WatcherThread [stack: 0x00000019b2000000,0x00000019b2100000] [id=106676]
  0x000001c2f0ed8250 GCTaskThread "GC Thread#0" [stack: 0x00000019b1000000,0x00000019b1100000] [id=109304]
  0x000001c2f0ed99a0 ConcurrentGCThread "G1 Main Marker" [stack: 0x00000019b1100000,0x00000019b1200000] [id=102524]
  0x000001c2f0edb3d0 ConcurrentGCThread "G1 Conc#0" [stack: 0x00000019b1200000,0x00000019b1300000] [id=82332]
  0x000001c2f0f29400 ConcurrentGCThread "G1 Refine#0" [stack: 0x00000019b1300000,0x00000019b1400000] [id=116404]
  0x000001c2f0f29e30 ConcurrentGCThread "G1 Service" [stack: 0x00000019b1400000,0x00000019b1500000] [id=9176]

Threads with active compile tasks:

VM state: not at safepoint (normal execution)

VM Mutex/Monitor currently owned by a thread:  ([mutex/lock_event])
[0x000001c2f0eb3420] Metaspace_lock - owner thread: 0x000001c2f0eb8a20

Heap address: 0x00000000fc000000, size: 64 MB, Compressed Oops mode: 32-bit

CDS archive(s) mapped at: [0x000001c28f000000-0x000001c28fbb0000-0x000001c28fbb0000), size 12255232, SharedBaseAddress: 0x000001c28f000000, ArchiveRelocationMode: 1.
Compressed class space mapped at: 0x000001c290000000-0x000001c2d0000000, reserved size: 1073741824
Narrow klass base: 0x000001c28f000000, Narrow klass shift: 0, Narrow klass range: 0x100000000

GC Precious Log:
 CPUs: 4 total, 4 available
 Memory: 7834M
 Large Page Support: Disabled
 NUMA Support: Disabled
 Compressed Oops: Enabled (32-bit)
 Heap Region Size: 1M
 Heap Min Capacity: 64M
 Heap Initial Capacity: 64M
 Heap Max Capacity: 64M
 Pre-touch: Disabled
 Parallel Workers: 4
 Concurrent Workers: 1
 Concurrent Refinement Workers: 4
 Periodic GC: Disabled

Heap:
 garbage-first heap   total 65536K, used 1024K [0x00000000fc000000, 0x0000000100000000)
  region size 1024K, 2 young (2048K), 0 survivors (0K)
 Metaspace       used 859K, committed 1024K, reserved 1114112K
  class space    used 87K, committed 192K, reserved 1048576K

Heap Regions: E=young(eden), S=young(survivor), O=old, HS=humongous(starts), HC=humongous(continues), CS=collection set, F=free, OA=open archive, CA=closed archive, TAMS=top-at-mark-start (previous, next)
|   0|0x00000000fc000000, 0x00000000fc000000, 0x00000000fc100000|  0%| F|  |TAMS 0x00000000fc000000, 0x00000000fc000000| Untracked 
|   1|0x00000000fc100000, 0x00000000fc100000, 0x00000000fc200000|  0%| F|  |TAMS 0x00000000fc100000, 0x00000000fc100000| Untracked 
|   2|0x00000000fc200000, 0x00000000fc200000, 0x00000000fc300000|  0%| F|  |TAMS 0x00000000fc200000, 0x00000000fc200000| Untracked 
|   3|0x00000000fc300000, 0x00000000fc300000, 0x00000000fc400000|  0%| F|  |TAMS 0x00000000fc300000, 0x00000000fc300000| Untracked 
|   4|0x00000000fc400000, 0x00000000fc400000, 0x00000000fc500000|  0%| F|  |TAMS 0x00000000fc400000, 0x00000000fc400000| Untracked 
|   5|0x00000000fc500000, 0x00000000fc500000, 0x00000000fc600000|  0%| F|  |TAMS 0x00000000fc500000, 0x00000000fc500000| Untracked 
|   6|0x00000000fc600000, 0x00000000fc600000, 0x00000000fc700000|  0%| F|  |TAMS 0x00000000fc600000, 0x00000000fc600000| Untracked 
|   7|0x00000000fc700000, 0x00000000fc700000, 0x00000000fc800000|  0%| F|  |TAMS 0x00000000fc700000, 0x00000000fc700000| Untracked 
|   8|0x00000000fc800000, 0x00000000fc800000, 0x00000000fc900000|  0%| F|  |TAMS 0x00000000fc800000, 0x00000000fc800000| Untracked 
|   9|0x00000000fc900000, 0x00000000fc900000, 0x00000000fca00000|  0%| F|  |TAMS 0x00000000fc900000, 0x00000000fc900000| Untracked 
|  10|0x00000000fca00000, 0x00000000fca00000, 0x00000000fcb00000|  0%| F|  |TAMS 0x00000000fca00000, 0x00000000fca00000| Untracked 
|  11|0x00000000fcb00000, 0x00000000fcb00000, 0x00000000fcc00000|  0%| F|  |TAMS 0x00000000fcb00000, 0x00000000fcb00000| Untracked 
|  12|0x00000000fcc00000, 0x00000000fcc00000, 0x00000000fcd00000|  0%| F|  |TAMS 0x00000000fcc00000, 0x00000000fcc00000| Untracked 
|  13|0x00000000fcd00000, 0x00000000fcd00000, 0x00000000fce00000|  0%| F|  |TAMS 0x00000000fcd00000, 0x00000000fcd00000| Untracked 
|  14|0x00000000fce00000, 0x00000000fce00000, 0x00000000fcf00000|  0%| F|  |TAMS 0x00000000fce00000, 0x00000000fce00000| Untracked 
|  15|0x00000000fcf00000, 0x00000000fcf00000, 0x00000000fd000000|  0%| F|  |TAMS 0x00000000fcf00000, 0x00000000fcf00000| Untracked 
|  16|0x00000000fd000000, 0x00000000fd000000, 0x00000000fd100000|  0%| F|  |TAMS 0x00000000fd000000, 0x00000000fd000000| Untracked 
|  17|0x00000000fd100000, 0x00000000fd100000, 0x00000000fd200000|  0%| F|  |TAMS 0x00000000fd100000, 0x00000000fd100000| Untracked 
|  18|0x00000000fd200000, 0x00000000fd200000, 0x00000000fd300000|  0%| F|  |TAMS 0x00000000fd200000, 0x00000000fd200000| Untracked 
|  19|0x00000000fd300000, 0x00000000fd300000, 0x00000000fd400000|  0%| F|  |TAMS 0x00000000fd300000, 0x00000000fd300000| Untracked 
|  20|0x00000000fd400000, 0x00000000fd400000, 0x00000000fd500000|  0%| F|  |TAMS 0x00000000fd400000, 0x00000000fd400000| Untracked 
|  21|0x00000000fd500000, 0x00000000fd500000, 0x00000000fd600000|  0%| F|  |TAMS 0x00000000fd500000, 0x00000000fd500000| Untracked 
|  22|0x00000000fd600000, 0x00000000fd600000, 0x00000000fd700000|  0%| F|  |TAMS 0x00000000fd600000, 0x00000000fd600000| Untracked 
|  23|0x00000000fd700000, 0x00000000fd700000, 0x00000000fd800000|  0%| F|  |TAMS 0x00000000fd700000, 0x00000000fd700000| Untracked 
|  24|0x00000000fd800000, 0x00000000fd800000, 0x00000000fd900000|  0%| F|  |TAMS 0x00000000fd800000, 0x00000000fd800000| Untracked 
|  25|0x00000000fd900000, 0x00000000fd900000, 0x00000000fda00000|  0%| F|  |TAMS 0x00000000fd900000, 0x00000000fd900000| Untracked 
|  26|0x00000000fda00000, 0x00000000fda00000, 0x00000000fdb00000|  0%| F|  |TAMS 0x00000000fda00000, 0x00000000fda00000| Untracked 
|  27|0x00000000fdb00000, 0x00000000fdb00000, 0x00000000fdc00000|  0%| F|  |TAMS 0x00000000fdb00000, 0x00000000fdb00000| Untracked 
|  28|0x00000000fdc00000, 0x00000000fdc00000, 0x00000000fdd00000|  0%| F|  |TAMS 0x00000000fdc00000, 0x00000000fdc00000| Untracked 
|  29|0x00000000fdd00000, 0x00000000fdd00000, 0x00000000fde00000|  0%| F|  |TAMS 0x00000000fdd00000, 0x00000000fdd00000| Untracked 
|  30|0x00000000fde00000, 0x00000000fde00000, 0x00000000fdf00000|  0%| F|  |TAMS 0x00000000fde00000, 0x00000000fde00000| Untracked 
|  31|0x00000000fdf00000, 0x00000000fdf00000, 0x00000000fe000000|  0%| F|  |TAMS 0x00000000fdf00000, 0x00000000fdf00000| Untracked 
|  32|0x00000000fe000000, 0x00000000fe000000, 0x00000000fe100000|  0%| F|  |TAMS 0x00000000fe000000, 0x00000000fe000000| Untracked 
|  33|0x00000000fe100000, 0x00000000fe100000, 0x00000000fe200000|  0%| F|  |TAMS 0x00000000fe100000, 0x00000000fe100000| Untracked 
|  34|0x00000000fe200000, 0x00000000fe200000, 0x00000000fe300000|  0%| F|  |TAMS 0x00000000fe200000, 0x00000000fe200000| Untracked 
|  35|0x00000000fe300000, 0x00000000fe300000, 0x00000000fe400000|  0%| F|  |TAMS 0x00000000fe300000, 0x00000000fe300000| Untracked 
|  36|0x00000000fe400000, 0x00000000fe400000, 0x00000000fe500000|  0%| F|  |TAMS 0x00000000fe400000, 0x00000000fe400000| Untracked 
|  37|0x00000000fe500000, 0x00000000fe500000, 0x00000000fe600000|  0%| F|  |TAMS 0x00000000fe500000, 0x00000000fe500000| Untracked 
|  38|0x00000000fe600000, 0x00000000fe600000, 0x00000000fe700000|  0%| F|  |TAMS 0x00000000fe600000, 0x00000000fe600000| Untracked 
|  39|0x00000000fe700000, 0x00000000fe700000, 0x00000000fe800000|  0%| F|  |TAMS 0x00000000fe700000, 0x00000000fe700000| Untracked 
|  40|0x00000000fe800000, 0x00000000fe800000, 0x00000000fe900000|  0%| F|  |TAMS 0x00000000fe800000, 0x00000000fe800000| Untracked 
|  41|0x00000000fe900000, 0x00000000fe900000, 0x00000000fea00000|  0%| F|  |TAMS 0x00000000fe900000, 0x00000000fe900000| Untracked 
|  42|0x00000000fea00000, 0x00000000fea00000, 0x00000000feb00000|  0%| F|  |TAMS 0x00000000fea00000, 0x00000000fea00000| Untracked 
|  43|0x00000000feb00000, 0x00000000feb00000, 0x00000000fec00000|  0%| F|  |TAMS 0x00000000feb00000, 0x00000000feb00000| Untracked 
|  44|0x00000000fec00000, 0x00000000fec00000, 0x00000000fed00000|  0%| F|  |TAMS 0x00000000fec00000, 0x00000000fec00000| Untracked 
|  45|0x00000000fed00000, 0x00000000fed00000, 0x00000000fee00000|  0%| F|  |TAMS 0x00000000fed00000, 0x00000000fed00000| Untracked 
|  46|0x00000000fee00000, 0x00000000fee00000, 0x00000000fef00000|  0%| F|  |TAMS 0x00000000fee00000, 0x00000000fee00000| Untracked 
|  47|0x00000000fef00000, 0x00000000fef00000, 0x00000000ff000000|  0%| F|  |TAMS 0x00000000fef00000, 0x00000000fef00000| Untracked 
|  48|0x00000000ff000000, 0x00000000ff000000, 0x00000000ff100000|  0%| F|  |TAMS 0x00000000ff000000, 0x00000000ff000000| Untracked 
|  49|0x00000000ff100000, 0x00000000ff100000, 0x00000000ff200000|  0%| F|  |TAMS 0x00000000ff100000, 0x00000000ff100000| Untracked 
|  50|0x00000000ff200000, 0x00000000ff200000, 0x00000000ff300000|  0%| F|  |TAMS 0x00000000ff200000, 0x00000000ff200000| Untracked 
|  51|0x00000000ff300000, 0x00000000ff300000, 0x00000000ff400000|  0%| F|  |TAMS 0x00000000ff300000, 0x00000000ff300000| Untracked 
|  52|0x00000000ff400000, 0x00000000ff400000, 0x00000000ff500000|  0%| F|  |TAMS 0x00000000ff400000, 0x00000000ff400000| Untracked 
|  53|0x00000000ff500000, 0x00000000ff500000, 0x00000000ff600000|  0%| F|  |TAMS 0x00000000ff500000, 0x00000000ff500000| Untracked 
|  54|0x00000000ff600000, 0x00000000ff600000, 0x00000000ff700000|  0%| F|  |TAMS 0x00000000ff600000, 0x00000000ff600000| Untracked 
|  55|0x00000000ff700000, 0x00000000ff700000, 0x00000000ff800000|  0%| F|  |TAMS 0x00000000ff700000, 0x00000000ff700000| Untracked 
|  56|0x00000000ff800000, 0x00000000ff800000, 0x00000000ff900000|  0%| F|  |TAMS 0x00000000ff800000, 0x00000000ff800000| Untracked 
|  57|0x00000000ff900000, 0x00000000ff900000, 0x00000000ffa00000|  0%| F|  |TAMS 0x00000000ff900000, 0x00000000ff900000| Untracked 
|  58|0x00000000ffa00000, 0x00000000ffa00000, 0x00000000ffb00000|  0%| F|  |TAMS 0x00000000ffa00000, 0x00000000ffa00000| Untracked 
|  59|0x00000000ffb00000, 0x00000000ffb00000, 0x00000000ffc00000|  0%| F|  |TAMS 0x00000000ffb00000, 0x00000000ffb00000| Untracked 
|  60|0x00000000ffc00000, 0x00000000ffc00000, 0x00000000ffd00000|  0%| F|  |TAMS 0x00000000ffc00000, 0x00000000ffc00000| Untracked 
|  61|0x00000000ffd00000, 0x00000000ffd00000, 0x00000000ffe00000|  0%| F|  |TAMS 0x00000000ffd00000, 0x00000000ffd00000| Untracked 
|  62|0x00000000ffe00000, 0x00000000fff00000, 0x00000000fff00000|100%| E|  |TAMS 0x00000000ffe00000, 0x00000000ffe00000| Complete 
|  63|0x00000000fff00000, 0x0000000100000000, 0x0000000100000000|100%| E|CS|TAMS 0x00000000fff00000, 0x00000000fff00000| Complete 

Card table byte_map: [0x000001c2f0c90000,0x000001c2f0cb0000] _byte_map_base: 0x000001c2f04b0000

Marking Bits (Prev, Next): (CMBitMap*) 0x000001c2f0ed8870, (CMBitMap*) 0x000001c2f0ed88b0
 Prev Bits: [0x000001c2f0cd0000, 0x000001c2f0dd0000)
 Next Bits: [0x000001c2f89e0000, 0x000001c2f8ae0000)

Polling page: 0x000001c2eed30000

Metaspace:

Usage:
  Non-class:    771.48 KB used.
      Class:     87.85 KB used.
       Both:    859.34 KB used.

Virtual space:
  Non-class space:       64.00 MB reserved,     832.00 KB (  1%) committed,  1 nodes.
      Class space:        1.00 GB reserved,     192.00 KB ( <1%) committed,  1 nodes.
             Both:        1.06 GB reserved,       1.00 MB ( <1%) committed. 

Chunk freelists:
   Non-Class:  11.92 MB
       Class:  15.73 MB
        Both:  27.66 MB

MaxMetaspaceSize: unlimited
CompressedClassSpaceSize: 1.00 GB
Initial GC threshold: 21.00 MB
Current GC threshold: 21.00 MB
CDS: on
MetaspaceReclaimPolicy: balanced
 - commit_granule_bytes: 65536.
 - commit_granule_words: 8192.
 - virtual_space_node_default_size: 8388608.
 - enlarge_chunks_in_place: 1.
 - new_chunks_are_fully_committed: 0.
 - uncommit_free_chunks: 1.
 - use_allocation_guard: 0.
 - handle_deallocations: 1.


Internal statistics:

num_allocs_failed_limit: 0.
num_arena_births: 6.
num_arena_deaths: 0.
num_vsnodes_births: 2.
num_vsnodes_deaths: 0.
num_space_committed: 16.
num_space_uncommitted: 0.
num_chunks_returned_to_freelist: 0.
num_chunks_taken_from_freelist: 16.
num_chunk_merges: 0.
num_chunk_splits: 9.
num_chunks_enlarged: 5.
num_inconsistent_stats: 0.

CodeHeap 'non-profiled nmethods': size=120000Kb used=47Kb max_used=47Kb free=119952Kb
 bounds [0x000001c287ad0000, 0x000001c287d40000, 0x000001c28f000000]
CodeHeap 'profiled nmethods': size=120000Kb used=229Kb max_used=229Kb free=119770Kb
 bounds [0x000001c280000000, 0x000001c280270000, 0x000001c287530000]
CodeHeap 'non-nmethods': size=5760Kb used=1124Kb max_used=1138Kb free=4635Kb
 bounds [0x000001c287530000, 0x000001c2877a0000, 0x000001c287ad0000]
 total_blobs=569 nmethods=177 adapters=305
 compilation: enabled
              stopped_count=0, restarted_count=0
 full_count=0

Compilation events (20 events):
Event: 0.212 Thread 0x000001c2f0f6d0c0  167       3       jdk.internal.util.ArraysSupport::newLength (27 bytes)
Event: 0.212 Thread 0x000001c2f0f6d0c0 nmethod 167 0x000001c280036990 code [0x000001c280036b40, 0x000001c280036da8]
Event: 0.212 Thread 0x000001c2f0f6d0c0  163       3       java.lang.AbstractStringBuilder::<init> (39 bytes)
Event: 0.213 Thread 0x000001c2f0f6d0c0 nmethod 163 0x000001c280036e90 code [0x000001c280037040, 0x000001c2800372d8]
Event: 0.213 Thread 0x000001c2f0f6d0c0  160       3       java.util.Objects::nonNull (10 bytes)
Event: 0.213 Thread 0x000001c2f0f6d0c0 nmethod 160 0x000001c280037390 code [0x000001c280037520, 0x000001c280037678]
Event: 0.213 Thread 0x000001c2f0f6d0c0  166       3       java.util.AbstractMap::<init> (5 bytes)
Event: 0.213 Thread 0x000001c2f0f6d0c0 nmethod 166 0x000001c280037710 code [0x000001c2800378a0, 0x000001c2800379f8]
Event: 0.214 Thread 0x000001c2f0f6d0c0  171       1       java.lang.module.ModuleDescriptor::isOpen (5 bytes)
Event: 0.214 Thread 0x000001c2f0f6d0c0 nmethod 171 0x000001c287adb390 code [0x000001c287adb520, 0x000001c287adb5f8]
Event: 0.214 Thread 0x000001c2f0f6d0c0  172       3       java.lang.AbstractStringBuilder::append (77 bytes)
Event: 0.215 Thread 0x000001c2f0f6d0c0 nmethod 172 0x000001c280037a90 code [0x000001c280037ca0, 0x000001c280038328]
Event: 0.216 Thread 0x000001c2f0f6d0c0  174       3       java.lang.StringBuilder::toString (35 bytes)
Event: 0.216 Thread 0x000001c2f0f6d0c0 nmethod 174 0x000001c280038590 code [0x000001c280038760, 0x000001c280038a38]
Event: 0.217 Thread 0x000001c2f0f6d0c0  175       3       java.lang.AbstractStringBuilder::newCapacity (59 bytes)
Event: 0.217 Thread 0x000001c2f0f6a600  177       4       java.lang.String::length (11 bytes)
Event: 0.217 Thread 0x000001c2f0f6d0c0 nmethod 175 0x000001c280038b10 code [0x000001c280038ce0, 0x000001c2800390d8]
Event: 0.218 Thread 0x000001c2f0f6d0c0  176       3       java.lang.StringBuilder::<init> (7 bytes)
Event: 0.218 Thread 0x000001c2f0f6d0c0 nmethod 176 0x000001c280039290 code [0x000001c280039420, 0x000001c280039568]
Event: 0.218 Thread 0x000001c2f0f6a600 nmethod 177 0x000001c287adba90 code [0x000001c287adbc00, 0x000001c287adbc98]

GC Heap History (0 events):
No events

Dll operation events (6 events):
Event: 0.013 Loaded shared library C:\Program Files\Microsoft\jdk-17.0.12.7-hotspot\bin\java.dll
Event: 0.047 Loaded shared library C:\Program Files\Microsoft\jdk-17.0.12.7-hotspot\bin\jsvml.dll
Event: 0.136 Loaded shared library C:\Program Files\Microsoft\jdk-17.0.12.7-hotspot\bin\net.dll
Event: 0.139 Loaded shared library C:\Program Files\Microsoft\jdk-17.0.12.7-hotspot\bin\nio.dll
Event: 0.143 Loaded shared library C:\Program Files\Microsoft\jdk-17.0.12.7-hotspot\bin\zip.dll
Event: 0.153 Loaded shared library C:\Program Files\Microsoft\jdk-17.0.12.7-hotspot\bin\verify.dll

Deoptimization events (0 events):
No events

Classes loaded (20 events):
Event: 0.216 Loading class java/lang/invoke/VarHandle$VarHandleDesc$Kind done
Event: 0.216 Loading class java/lang/constant/ConstantDescs
Event: 0.217 Loading class java/lang/constant/ConstantDescs done
Event: 0.217 Loading class java/lang/constant/ClassDesc
Event: 0.217 Loading class java/lang/constant/ClassDesc done
Event: 0.217 Loading class java/lang/constant/ConstantUtils
Event: 0.217 Loading class java/lang/constant/ConstantUtils done
Event: 0.217 Loading class java/lang/constant/ReferenceClassDescImpl
Event: 0.217 Loading class java/lang/constant/ReferenceClassDescImpl done
Event: 0.218 Loading class java/lang/constant/DirectMethodHandleDesc$Kind
Event: 0.218 Loading class java/lang/constant/DirectMethodHandleDesc$Kind done
Event: 0.218 Loading class java/lang/constant/MethodTypeDesc
Event: 0.218 Loading class java/lang/constant/MethodTypeDesc done
Event: 0.218 Loading class java/lang/constant/MethodTypeDescImpl
Event: 0.218 Loading class java/lang/constant/MethodTypeDescImpl done
Event: 0.218 Loading class java/lang/constant/MethodHandleDesc
Event: 0.218 Loading class java/lang/constant/MethodHandleDesc done
Event: 0.218 Loading class java/lang/constant/MethodHandleDesc$1
Event: 0.218 Loading class java/lang/constant/MethodHandleDesc$1 done
Event: 0.218 Loading class java/lang/constant/DirectMethodHandleDescImpl

Classes unloaded (0 events):
No events

Classes redefined (0 events):
No events

Internal exceptions (0 events):
No events

VM Operations (2 events):
Event: 0.144 Executing VM operation: HandshakeAllThreads
Event: 0.144 Executing VM operation: HandshakeAllThreads done

Events (12 events):
Event: 0.047 Thread 0x000001c2f0eb8a20 Thread added: 0x000001c2f0eb8a20
Event: 0.056 Thread 0x000001c2f0f4cf80 Thread added: 0x000001c2f0f4cf80
Event: 0.056 Thread 0x000001c2f0f4eb50 Thread added: 0x000001c2f0f4eb50
Event: 0.074 Thread 0x000001c2f0f63a00 Thread added: 0x000001c2f0f63a00
Event: 0.074 Thread 0x000001c2f0f684e0 Thread added: 0x000001c2f0f684e0
Event: 0.074 Thread 0x000001c2f0f68ea0 Thread added: 0x000001c2f0f68ea0
Event: 0.074 Thread 0x000001c2f0f69860 Thread added: 0x000001c2f0f69860
Event: 0.074 Thread 0x000001c2f0f6a600 Thread added: 0x000001c2f0f6a600
Event: 0.075 Thread 0x000001c2f0f6d0c0 Thread added: 0x000001c2f0f6d0c0
Event: 0.080 Thread 0x000001c2fb0b23b0 Thread added: 0x000001c2fb0b23b0
Event: 0.124 Thread 0x000001c2d4063fd0 Thread added: 0x000001c2d4063fd0
Event: 0.127 Thread 0x000001c2d4066910 Thread added: 0x000001c2d4066910


Dynamic libraries:
0x00007ff6b44e0000 - 0x00007ff6b44ee000 	C:\Program Files\Microsoft\jdk-17.0.12.7-hotspot\bin\java.exe
0x00007ffb4acd0000 - 0x00007ffb4aee7000 	C:\WINDOWS\SYSTEM32\ntdll.dll
0x00007ffb4a270000 - 0x00007ffb4a334000 	C:\WINDOWS\System32\KERNEL32.DLL
0x00007ffb47fe0000 - 0x00007ffb48397000 	C:\WINDOWS\System32\KERNELBASE.dll
0x00007ffb488e0000 - 0x00007ffb489f1000 	C:\WINDOWS\System32\ucrtbase.dll
0x00007ffb11480000 - 0x00007ffb11497000 	C:\Program Files\Microsoft\jdk-17.0.12.7-hotspot\bin\jli.dll
0x00007ffb4aae0000 - 0x00007ffb4ac8f000 	C:\WINDOWS\System32\USER32.dll
0x00007ffb486d0000 - 0x00007ffb486f6000 	C:\WINDOWS\System32\win32u.dll
0x00007ffb4aa10000 - 0x00007ffb4aa39000 	C:\WINDOWS\System32\GDI32.dll
0x00007ffb48530000 - 0x00007ffb48648000 	C:\WINDOWS\System32\gdi32full.dll
0x00007ffb48490000 - 0x00007ffb4852a000 	C:\WINDOWS\System32\msvcp_win.dll
0x00007ffb111b0000 - 0x00007ffb111cd000 	C:\Program Files\Microsoft\jdk-17.0.12.7-hotspot\bin\VCRUNTIME140.dll
0x00007ffb2d310000 - 0x00007ffb2d5a3000 	C:\WINDOWS\WinSxS\amd64_microsoft.windows.common-controls_6595b64144ccf1df_6.0.22621.3672_none_2713b9d173822955\COMCTL32.dll
0x00007ffb4a950000 - 0x00007ffb4a9f7000 	C:\WINDOWS\System32\msvcrt.dll
0x00007ffb4a660000 - 0x00007ffb4a691000 	C:\WINDOWS\System32\IMM32.DLL
0x00007ffb3b830000 - 0x00007ffb3b83c000 	C:\Program Files\Microsoft\jdk-17.0.12.7-hotspot\bin\vcruntime140_1.dll
0x00007ffae9b10000 - 0x00007ffae9b9d000 	C:\Program Files\Microsoft\jdk-17.0.12.7-hotspot\bin\msvcp140.dll
0x00007ffa7ba50000 - 0x00007ffa7c6c0000 	C:\Program Files\Microsoft\jdk-17.0.12.7-hotspot\bin\server\jvm.dll
0x00007ffb49840000 - 0x00007ffb498f2000 	C:\WINDOWS\System32\ADVAPI32.dll
0x00007ffb4a4b0000 - 0x00007ffb4a558000 	C:\WINDOWS\System32\sechost.dll
0x00007ffb483a0000 - 0x00007ffb483c8000 	C:\WINDOWS\System32\bcrypt.dll
0x00007ffb499c0000 - 0x00007ffb49ad4000 	C:\WINDOWS\System32\RPCRT4.dll
0x00007ffb4aa40000 - 0x00007ffb4aab1000 	C:\WINDOWS\System32\WS2_32.dll
0x00007ffb47e00000 - 0x00007ffb47e4d000 	C:\WINDOWS\SYSTEM32\POWRPROF.dll
0x00007ffb3f4d0000 - 0x00007ffb3f504000 	C:\WINDOWS\SYSTEM32\WINMM.dll
0x00007ffb3efd0000 - 0x00007ffb3efda000 	C:\WINDOWS\SYSTEM32\VERSION.dll
0x00007ffb47ce0000 - 0x00007ffb47cf3000 	C:\WINDOWS\SYSTEM32\UMPDC.dll
0x00007ffb46ff0000 - 0x00007ffb47008000 	C:\WINDOWS\SYSTEM32\kernel.appcore.dll
0x00007ffb31d90000 - 0x00007ffb31d9a000 	C:\Program Files\Microsoft\jdk-17.0.12.7-hotspot\bin\jimage.dll
0x00007ffb458c0000 - 0x00007ffb45af2000 	C:\WINDOWS\SYSTEM32\DBGHELP.DLL
0x00007ffb48a00000 - 0x00007ffb48d8e000 	C:\WINDOWS\System32\combase.dll
0x00007ffb4a6a0000 - 0x00007ffb4a777000 	C:\WINDOWS\System32\OLEAUT32.dll
0x00007ffb3e5d0000 - 0x00007ffb3e602000 	C:\WINDOWS\SYSTEM32\dbgcore.DLL
0x00007ffb48650000 - 0x00007ffb486cb000 	C:\WINDOWS\System32\bcryptPrimitives.dll
0x00007ffb0fc50000 - 0x00007ffb0fc75000 	C:\Program Files\Microsoft\jdk-17.0.12.7-hotspot\bin\java.dll
0x00007ffa9b7a0000 - 0x00007ffa9b877000 	C:\Program Files\Microsoft\jdk-17.0.12.7-hotspot\bin\jsvml.dll
0x00007ffb48de0000 - 0x00007ffb49649000 	C:\WINDOWS\System32\SHELL32.dll
0x00007ffb45f00000 - 0x00007ffb467ff000 	C:\WINDOWS\SYSTEM32\windows.storage.dll
0x00007ffb45dc0000 - 0x00007ffb45eff000 	C:\WINDOWS\SYSTEM32\wintypes.dll
0x00007ffb496b0000 - 0x00007ffb497a9000 	C:\WINDOWS\System32\SHCORE.dll
0x00007ffb49650000 - 0x00007ffb496ae000 	C:\WINDOWS\System32\shlwapi.dll
0x00007ffb47f10000 - 0x00007ffb47f37000 	C:\WINDOWS\SYSTEM32\profapi.dll
0x00007ffb0fc20000 - 0x00007ffb0fc3a000 	C:\Program Files\Microsoft\jdk-17.0.12.7-hotspot\bin\net.dll
0x00007ffb405c0000 - 0x00007ffb406f6000 	C:\WINDOWS\SYSTEM32\WINHTTP.dll
0x00007ffb47460000 - 0x00007ffb474c9000 	C:\WINDOWS\system32\mswsock.dll
0x00007ffb0fc00000 - 0x00007ffb0fc16000 	C:\Program Files\Microsoft\jdk-17.0.12.7-hotspot\bin\nio.dll
0x00007ffb0fb30000 - 0x00007ffb0fb48000 	C:\Program Files\Microsoft\jdk-17.0.12.7-hotspot\bin\zip.dll
0x00007ffb2b450000 - 0x00007ffb2b460000 	C:\Program Files\Microsoft\jdk-17.0.12.7-hotspot\bin\verify.dll

dbghelp: loaded successfully - version: 4.0.5 - missing functions: none
symbol engine: initialized successfully - sym options: 0x614 - pdb path: .;C:\Program Files\Microsoft\jdk-17.0.12.7-hotspot\bin;C:\WINDOWS\SYSTEM32;C:\WINDOWS\WinSxS\amd64_microsoft.windows.common-controls_6595b64144ccf1df_6.0.22621.3672_none_2713b9d173822955;C:\Program Files\Microsoft\jdk-17.0.12.7-hotspot\bin\server

VM Arguments:
jvm_args: -Xmx64m -Xms64m -Dorg.gradle.appname=gradlew 
java_command: org.gradle.wrapper.GradleWrapperMain app:installDebug -PreactNativeDevServerPort=8081
java_class_path (initial): C:\Mobile\Work\android\\gradle\wrapper\gradle-wrapper.jar
Launcher Type: SUN_STANDARD

[Global flags]
     intx CICompilerCount                          = 3                                         {product} {ergonomic}
     uint ConcGCThreads                            = 1                                         {product} {ergonomic}
     uint G1ConcRefinementThreads                  = 4                                         {product} {ergonomic}
   size_t G1HeapRegionSize                         = 1048576                                   {product} {ergonomic}
    uintx GCDrainStackTargetSize                   = 64                                        {product} {ergonomic}
   size_t InitialHeapSize                          = 67108864                                  {product} {command line}
   size_t MarkStackSize                            = 4194304                                   {product} {ergonomic}
   size_t MaxHeapSize                              = 67108864                                  {product} {command line}
   size_t MaxNewSize                               = 39845888                                  {product} {ergonomic}
   size_t MinHeapDeltaBytes                        = 1048576                                   {product} {ergonomic}
   size_t MinHeapSize                              = 67108864                                  {product} {command line}
    uintx NonNMethodCodeHeapSize                   = 5832780                                {pd product} {ergonomic}
    uintx NonProfiledCodeHeapSize                  = 122912730                              {pd product} {ergonomic}
    uintx ProfiledCodeHeapSize                     = 122912730                              {pd product} {ergonomic}
    uintx ReservedCodeCacheSize                    = 251658240                              {pd product} {ergonomic}
     bool SegmentedCodeCache                       = true                                      {product} {ergonomic}
   size_t SoftMaxHeapSize                          = 67108864                               {manageable} {ergonomic}
     bool UseCompressedClassPointers               = true                           {product lp64_product} {ergonomic}
     bool UseCompressedOops                        = true                           {product lp64_product} {ergonomic}
     bool UseG1GC                                  = true                                      {product} {ergonomic}
     bool UseLargePagesIndividualAllocation        = false                                  {pd product} {ergonomic}

Logging:
Log output configuration:
 #0: stdout all=warning uptime,level,tags
 #1: stderr all=off uptime,level,tags

Environment Variables:
JAVA_HOME=C:\Program Files\Microsoft\jdk-17.0.12.7-hotspot\
CLASSPATH=C:\Mobile\Work\android\\gradle\wrapper\gradle-wrapper.jar
PATH=C:\Mobile\Work\node_modules\.bin;C:\Mobile\Work\node_modules\.bin;C:\Mobile\node_modules\.bin;C:\node_modules\.bin;C:\Program Files\nodejs\node_modules\npm\node_modules\@npmcli\run-script\lib\node-gyp-bin;C:\Program Files\Microsoft\jdk-17.0.12.7-hotspot\bin;C:\Program Files (x86)\Common Files\Oracle\Java\java8path;C:\Program Files (x86)\Common Files\Oracle\Java\javapath;C:\Python312\Scripts\;C:\Python312\;C:\WINDOWS\system32;C:\WINDOWS;C:\WINDOWS\System32\Wbem;C:\WINDOWS\System32\WindowsPowerShell\v1.0\;C:\WINDOWS\System32\OpenSSH\;C:\Program Files (x86)\Pulse Secure\VC142.CRT\X64\;C:\Program Files (x86)\Pulse Secure\VC142.CRT\X86\;C:\Program Files\dotnet\;C:\composer;C:\ProgramData\chocolatey\bin;C:\Program Files\Git\cmd;C:\Program Files\nodejs\;C:\Users\halic\AppData\Local\Android\Sdk\platform-tools;C:\Users\halic\AppData\Local\Android\Sdk\tools;C:\Users\halic\AppData\Local\Microsoft\WindowsApps;C:\Users\halic\AppData\Local\Programs\Microsoft VS Code\bin;C:\MinGW\bin;C:\xampp\php;C:\stripe_1.21.0_windows_x86_64;C:\Users\halic\AppData\Roaming\npm;C:\Users\halic\AppData\Local\Android\Sdk\platform-tools;
USERNAME=halic
OS=Windows_NT
PROCESSOR_IDENTIFIER=Intel64 Family 6 Model 140 Stepping 1, GenuineIntel
TMP=C:\Users\halic\AppData\Local\Temp
TEMP=C:\Users\halic\AppData\Local\Temp



Periodic native trim disabled


---------------  S Y S T E M  ---------------

OS:
 Windows 11 , 64 bit Build 22621 (10.0.22621.3958)
OS uptime: 14 days 13:50 hours
Hyper-V role detected

CPU: total 4 (initial active 4) (2 cores per cpu, 2 threads per core) family 6 model 140 stepping 1 microcode 0xb4, cx8, cmov, fxsr, ht, mmx, 3dnowpref, sse, sse2, sse3, ssse3, sse4.1, sse4.2, popcnt, lzcnt, tsc, tscinvbit, avx, avx2, aes, erms, clmul, bmi1, bmi2, adx, avx512f, avx512dq, avx512cd, avx512bw, avx512vl, sha, fma, vzeroupper, avx512_vpopcntdq, avx512_vpclmulqdq, avx512_vaes, avx512_vnni, clflush, clflushopt, clwb, avx512_vbmi2, avx512_vbmi, hv
Processor Information for the first 4 processors :
  Max Mhz: 2901, Current Mhz: 2901, Mhz Limit: 2901

Memory: 4k page, system-wide physical 7834M (231M free)
TotalPageFile size 31386M (AvailPageFile size 2M)
current process WorkingSet (physical memory assigned to process): 37M, peak: 37M
current process commit charge ("private bytes"): 136M, peak: 136M

vm_info: OpenJDK 64-Bit Server VM (17.0.12+7-LTS) for windows-amd64 JRE (17.0.12+7-LTS), built on Jul 16 2024 18:11:44 by "MicrosoftCorporation" with unknown MS VC++:1939

END.
