#
# There is insufficient memory for the Java Runtime Environment to continue.
# Native memory allocation (mmap) failed to map 65536 bytes. Error detail: Failed to commit metaspace.
# Possible reasons:
#   The system is out of physical RAM or swap space
#   This process is running with CompressedOops enabled, and the Java Heap may be blocking the growth of the native heap
# Possible solutions:
#   Reduce memory load on the system
#   Increase physical memory or swap space
#   Check if swap backing store is full
#   Decrease Java heap size (-Xmx/-Xms)
#   Decrease number of Java threads
#   Decrease Java thread stack sizes (-Xss)
#   Set larger code cache with -XX:ReservedCodeCacheSize=
#   JVM is running with Unscaled Compressed Oops mode in which the Java heap is
#     placed in the first 4GB address space. The Java Heap base address is the
#     maximum limit for the native heap growth. Please use -XX:HeapBaseMinAddress
#     to set the Java Heap base and to place the Java Heap above 4GB virtual address.
# This output file may be truncated or incomplete.
#
#  Out of Memory Error (virtualSpaceNode.cpp:110), pid=94692, tid=89236
#
# JRE version: OpenJDK Runtime Environment Microsoft-9889599 (17.0.12+7) (build 17.0.12+7-LTS)
# Java VM: OpenJDK 64-Bit Server VM Microsoft-9889599 (17.0.12+7-LTS, mixed mode, sharing, tiered, compressed oops, compressed class ptrs, g1 gc, windows-amd64)
# No core dump will be written. Minidumps are not enabled by default on client versions of Windows
#

---------------  S U M M A R Y ------------

Command Line: -Xmx64m -Xms64m -Dorg.gradle.appname=gradlew org.gradle.wrapper.GradleWrapperMain app:installDebug -PreactNativeDevServerPort=8081

Host: 11th Gen Intel(R) Core(TM) i3-1115G4 @ 3.00GHz, 4 cores, 7G,  Windows 11 , 64 bit Build 22621 (10.0.22621.3958)
Time: Wed Oct 23 20:28:43 2024 Paris, Madrid (heure duild 22621 (10.0.22621.3958) elapsed time: 1.993134 seconds (0d 0h 0m 1s)

---------------  T H R E A D  ---------------

Current thread (0x000001c67cae8af0):  JavaThread "main" [_thread_in_vm, id=89236, stack(0x00000015d9400000,0x00000015d9500000)]

Stack: [0x00000015d9400000,0x00000015d9500000]
Native frames: (J=compiled Java code, j=interpreted, Vv=VM code, C=native code)
V  [jvm.dll+0x686d99]
V  [jvm.dll+0x83daf8]
V  [jvm.dll+0x83f5a3]
V  [jvm.dll+0x83fc13]
V  [jvm.dll+0x2492ef]
V  [jvm.dll+0x8398ad]
V  [jvm.dll+0x62b25e]
V  [jvm.dll+0x62b2ca]
V  [jvm.dll+0x62dab3]
V  [jvm.dll+0x62bc06]
V  [jvm.dll+0x63cdc9]
V  [jvm.dll+0x635f34]
V  [jvm.dll+0x3868f1]
C  0x000001c60efac7a7

The last pc belongs to method entry point (kind = zerolocals) (printed below).
Java frames: (J=compiled Java code, j=interpreted, Vv=VM code)
j  java.nio.HeapByteBuffer.get()B+0 java.base@17.0.12
j  sun.reflect.annotation.AnnotationParser.skipMemberValue(Ljava/nio/ByteBuffer;)V+1 java.base@17.0.12
j  sun.reflect.annotation.AnnotationParser.skipAnnotation(Ljava/nio/ByteBuffer;Z)V+30 java.base@17.0.12
j  sun.reflect.annotation.AnnotationParser.parseAnnotation2(Ljava/nio/ByteBuffer;Ljdk/internal/reflect/ConstantPool;Ljava/lang/Class;Z[Ljava/lang/Class;)Ljava/lang/annotation/Annotation;+93 java.base@17.0.12
j  sun.reflect.annotation.AnnotationParser.parseAnnotations2([BLjdk/internal/reflect/ConstantPool;Ljava/lang/Class;[Ljava/lang/Class;)Ljava/util/Map;+41 java.base@17.0.12
j  sun.reflect.annotation.AnnotationParser.parseSelectAnnotations([BLjdk/internal/reflect/ConstantPool;Ljava/lang/Class;[Ljava/lang/Class;)Ljava/util/Map;+12 java.base@17.0.12
j  sun.reflect.annotation.AnnotationType.<init>(Ljava/lang/Class;)V+291 java.base@17.0.12
j  sun.reflect.annotation.AnnotationType.getInstance(Ljava/lang/Class;)Lsun/reflect/annotation/AnnotationType;+21 java.base@17.0.12
j  sun.reflect.annotation.AnnotationParser.parseAnnotation2(Ljava/nio/ByteBuffer;Ljdk/internal/reflect/ConstantPool;Ljava/lang/Class;Z[Ljava/lang/Class;)Ljava/lang/annotation/Annotation;+103 java.base@17.0.12
j  sun.reflect.annotation.AnnotationParser.parseAnnotations2([BLjdk/internal/reflect/ConstantPool;Ljava/lang/Class;[Ljava/lang/Class;)Ljava/util/Map;+41 java.base@17.0.12
j  sun.reflect.annotation.AnnotationParser.parseAnnotations([BLjdk/internal/reflect/ConstantPool;Ljava/lang/Class;)Ljava/util/Map;+12 java.base@17.0.12
j  java.lang.Class.createAnnotationData(I)Ljava/lang/Class$AnnotationData;+9 java.base@17.0.12
j  java.lang.Class.annotationData()Ljava/lang/Class$AnnotationData;+26 java.base@17.0.12
j  java.lang.Class.getAnnotation(Ljava/lang/Class;)Ljava/lang/annotation/Annotation;+6 java.base@17.0.12
j  org.gradle.internal.service.DefaultServiceRegistry$ClassInspector$ClassDetails.locateAnnotation(Ljava/lang/Class;)Z+31
j  org.gradle.internal.service.DefaultServiceRegistry$ClassInspector$ClassDetails.hasAnnotation(Ljava/lang/Class;)Z+20
j  org.gradle.internal.service.DefaultServiceRegistry$ClassInspector.hasAnnotation(Ljava/lang/Class;Ljava/lang/Class;)Z+6
j  org.gradle.internal.service.DefaultServiceRegistry$OwnServices.instanceRealized(Lorg/gradle/internal/service/DefaultServiceRegistry$ManagedObjectServiceProvider;Ljava/lang/Object;)V+157
j  org.gradle.internal.service.DefaultServiceRegistry$ManagedObjectServiceProvider.setInstance(Ljava/lang/Object;)V+14
j  org.gradle.internal.service.DefaultServiceRegistry$FixedInstanceService.<init>(Lorg/gradle/internal/service/DefaultServiceRegistry;Ljava/lang/Class;Ljava/lang/Object;)V+8
j  org.gradle.internal.service.DefaultServiceRegistry.add(Ljava/lang/Class;Ljava/lang/Object;)Lorg/gradle/internal/service/DefaultServiceRegistry;+15
j  org.gradle.internal.service.DefaultServiceRegistry.add(Ljava/lang/Object;)Lorg/gradle/internal/service/DefaultServiceRegistry;+6
j  org.gradle.internal.service.ScopedServiceRegistry.addServiceValidator(Ljava/lang/Class;)V+9
j  org.gradle.internal.service.ScopedServiceRegistry.<init>(Ljava/lang/Class;Ljava/lang/String;[Lorg/gradle/internal/service/ServiceRegistry;)V+8
j  org.gradle.internal.service.ServiceRegistryBuilder.build()Lorg/gradle/internal/service/ServiceRegistry;+37
j  org.gradle.launcher.cli.BuildActionsFactory.<init>(Lorg/gradle/internal/service/ServiceRegistry;)V+38
j  org.gradle.launcher.cli.DefaultCommandLineActionFactory.createBuildActionFactoryActionCreator(Lorg/gradle/internal/service/ServiceRegistry;Ljava/util/List;)V+6
j  org.gradle.launcher.cli.DefaultCommandLineActionFactory$ParseAndBuildAction.execute(Lorg/gradle/launcher/bootstrap/ExecutionListener;)V+12
j  org.gradle.launcher.cli.DefaultCommandLineActionFactory$ParseAndBuildAction.execute(Ljava/lang/Object;)V+5
j  org.gradle.launcher.cli.DebugLoggerWarningAction.execute(Lorg/gradle/launcher/bootstrap/ExecutionListener;)V+9
j  org.gradle.launcher.cli.DebugLoggerWarningAction.execute(Ljava/lang/Object;)V+5
j  org.gradle.launcher.cli.WelcomeMessageAction.execute(Lorg/gradle/launcher/bootstrap/ExecutionListener;)V+218
j  org.gradle.launcher.cli.WelcomeMessageAction.execute(Ljava/lang/Object;)V+5
j  org.gradle.launcher.cli.NativeServicesInitializingAction.execute(Lorg/gradle/launcher/bootstrap/ExecutionListener;)V+38
j  org.gradle.launcher.cli.NativeServicesInitializingAction.execute(Ljava/lang/Object;)V+5
j  org.gradle.launcher.cli.ExceptionReportingAction.execute(Lorg/gradle/launcher/bootstrap/ExecutionListener;)V+5
j  org.gradle.launcher.cli.ExceptionReportingAction.execute(Ljava/lang/Object;)V+5
j  org.gradle.launcher.cli.DefaultCommandLineActionFactory$WithLogging.execute(Lorg/gradle/launcher/bootstrap/ExecutionListener;)V+325
j  org.gradle.launcher.Main.doAction([Ljava/lang/String;Lorg/gradle/launcher/bootstrap/ExecutionListener;)V+14
j  org.gradle.launcher.bootstrap.EntryPoint.run([Ljava/lang/String;)V+12
v  ~StubRoutines::call_stub
j  jdk.internal.reflect.NativeMethodAccessorImpl.invoke0(Ljava/lang/reflect/Method;Ljava/lang/Object;[Ljava/lang/Object;)Ljava/lang/Object;+0 java.base@17.0.12
j  jdk.internal.reflect.NativeMethodAccessorImpl.invoke(Ljava/lang/Object;[Ljava/lang/Object;)Ljava/lang/Object;+133 java.base@17.0.12
j  jdk.internal.reflect.DelegatingMethodAccessorImpl.invoke(Ljava/lang/Object;[Ljava/lang/Object;)Ljava/lang/Object;+6 java.base@17.0.12
j  java.lang.reflect.Method.invoke(Ljava/lang/Object;[Ljava/lang/Object;)Ljava/lang/Object;+59 java.base@17.0.12
j  org.gradle.launcher.bootstrap.ProcessBootstrap.runNoExit(Ljava/lang/String;[Ljava/lang/String;)V+155
j  org.gradle.launcher.bootstrap.ProcessBootstrap.run(Ljava/lang/String;[Ljava/lang/String;)V+2
v  ~StubRoutines::call_stub
j  jdk.internal.reflect.NativeMethodAccessorImpl.invoke0(Ljava/lang/reflect/Method;Ljava/lang/Object;[Ljava/lang/Object;)Ljava/lang/Object;+0 java.base@17.0.12
j  jdk.internal.reflect.NativeMethodAccessorImpl.invoke(Ljava/lang/Object;[Ljava/lang/Object;)Ljava/lang/Object;+133 java.base@17.0.12
j  jdk.internal.reflect.DelegatingMethodAccessorImpl.invoke(Ljava/lang/Object;[Ljava/lang/Object;)Ljava/lang/Object;+6 java.base@17.0.12
j  java.lang.reflect.Method.invoke(Ljava/lang/Object;[Ljava/lang/Object;)Ljava/lang/Object;+59 java.base@17.0.12
j  org.gradle.launcher.GradleMain.main([Ljava/lang/String;)V+100
v  ~StubRoutines::call_stub
j  jdk.internal.reflect.NativeMethodAccessorImpl.invoke0(Ljava/lang/reflect/Method;Ljava/lang/Object;[Ljava/lang/Object;)Ljava/lang/Object;+0 java.base@17.0.12
j  jdk.internal.reflect.NativeMethodAccessorImpl.invoke(Ljava/lang/Object;[Ljava/lang/Object;)Ljava/lang/Object;+133 java.base@17.0.12
j  jdk.internal.reflect.DelegatingMethodAccessorImpl.invoke(Ljava/lang/Object;[Ljava/lang/Object;)Ljava/lang/Object;+6 java.base@17.0.12
j  java.lang.reflect.Method.invoke(Ljava/lang/Object;[Ljava/lang/Object;)Ljava/lang/Object;+59 java.base@17.0.12
j  org.gradle.wrapper.GradleWrapperMain.main([Ljava/lang/String;)V+1823
v  ~StubRoutines::call_stub
method entry point (kind = zerolocals)  [0x000001c60efac5c0, 0x000001c60efac980]  960 bytes
[MachCode]
  0x000001c60efac5c0: 488b 5308 | 0fb7 4a2c | 0fb7 522a | 2bd1 81fa | f501 0000 | 0f86 2500 | 0000 488b | c248 c1e0 
  0x000001c60efac5e0: 0348 83c0 | 5849 0387 | c003 0000 | 483b e00f | 870a 0000 | 0058 498b | e550 e981 | c2ff ff58 
  0x000001c60efac600: 4c8d 74cc | f885 d20f | 8e09 0000 | 0068 0000 | 0000 ffca | 7ff7 5055 | 488b ec41 | 5568 0000 
  0x000001c60efac620: 0000 4c8b | 6b08 4d8d | 6d30 5348 | 8b53 0848 | 8b52 0848 | 8b52 1848 | 8b52 7048 | 8b12 5248 
  0x000001c60efac640: 8b53 1048 | 85d2 0f84 | 0700 0000 | 4881 c208 | 0100 0052 | 488b 5308 | 488b 5208 | 488b 5210 
  0x000001c60efac660: 5241 5641 | 5568 0000 | 0000 4889 | 2424 41c6 | 8779 0300 | 0001 488b | 45d8 4885 | c00f 84a3 
  0x000001c60efac680: 0000 008b | 48fc 85c9 | 0f88 9800 | 0000 4803 | c148 8b48 | 0848 83e9 | 0248 8b54 | c810 48f7 
  0x000001c60efac6a0: da49 8b14 | d648 85d2 | 7514 48f7 | 44c8 1801 | 0000 0075 | 67f0 4883 | 4cc8 1801 | eb5e 8b52 
  0x000001c60efac6c0: 0849 ba00 | 0000 17c6 | 0100 0049 | 03d2 4c8b | d248 3354 | c818 48f7 | c2fc ffff | ff74 3d48 
  0x000001c60efac6e0: f7c2 0200 | 0000 7534 | 4881 7cc8 | 1800 0000 | 0074 2448 | 817c c818 | 0100 0000 | 7419 498b 
  0x000001c60efac700: d248 3354 | c818 48f7 | c2fc ffff | ff74 0d48 | 834c c818 | 02eb 0548 | 8954 c818 | 4883 e902 
  0x000001c60efac720: 0f89 73ff | ffff 488b | 4310 4885 | c074 208b | 88cc 0000 | 0083 c102 | 8988 cc00 | 0000 2388 
  0x000001c60efac740: e000 0000 | 0f84 7801 | 0000 e9d1 | 0000 0048 | 8b43 1848 | 85c0 0f85 | b200 0000 | e805 0000 
  0x000001c60efac760: 00e9 9b00 | 0000 488b | d348 8d44 | 2408 4c89 | 6dc0 498b | cfc5 f877 | 4989 afa8 | 0200 0049 
  0x000001c60efac780: 8987 9802 | 0000 4883 | ec20 f7c4 | 0f00 0000 | 0f84 1a00 | 0000 4883 | ec08 49ba | d068 dd7b 
  0x000001c60efac7a0: fa7f 0000 | 41ff d248 | 83c4 08e9 | 0d00 0000 | 49ba d068 | dd7b fa7f | 0000 41ff | d248 83c4 
  0x000001c60efac7c0: 2049 c787 | 9802 0000 | 0000 0000 | 49c7 87a8 | 0200 0000 | 0000 0049 | c787 a002 | 0000 0000 
  0x000001c60efac7e0: 0000 c5f8 | 7749 817f | 0800 0000 | 000f 8405 | 0000 00e9 | 0847 ffff | 4c8b 6dc0 | 4c8b 75c8 
  0x000001c60efac800: c348 8b43 | 1848 85c0 | 0f84 1200 | 0000 8b48 | 0883 c102 | 8948 0823 | 4820 0f84 | a200 0000 
  0x000001c60efac820: 8984 2400 | f0ff ff89 | 8424 00e0 | ffff 8984 | 2400 d0ff | ff89 8424 | 00c0 ffff | 8984 2400 
  0x000001c60efac840: b0ff ff89 | 8424 00a0 | ffff 8984 | 2400 90ff | ff41 c687 | 7903 0000 | 0049 ba17 | 175e 7cfa 
  0x000001c60efac860: 7f00 0041 | 803a 000f | 8442 0000 | 0048 8b55 | e849 8bcf | 4883 ec20 | f7c4 0f00 | 0000 0f84 
  0x000001c60efac880: 1a00 0000 | 4883 ec08 | 49ba 40d0 | 137c fa7f | 0000 41ff | d248 83c4 | 08e9 0d00 | 0000 49ba 
  0x000001c60efac8a0: 40d0 137c | fa7f 0000 | 41ff d248 | 83c4 2041 | 0fb6 5d00 | 49ba d08b | 607c fa7f | 0000 41ff 
  0x000001c60efac8c0: 24da ba00 | 0000 00e8 | 0500 0000 | e998 0000 | 0048 8d44 | 2408 4c89 | 6dc0 498b | cfc5 f877 
  0x000001c60efac8e0: 4989 afa8 | 0200 0049 | 8987 9802 | 0000 4883 | ec20 f7c4 | 0f00 0000 | 0f84 1a00 | 0000 4883 
  0x000001c60efac900: ec08 49ba | d073 dd7b | fa7f 0000 | 41ff d248 | 83c4 08e9 | 0d00 0000 | 49ba d073 | dd7b fa7f 
  0x000001c60efac920: 0000 41ff | d248 83c4 | 2049 c787 | 9802 0000 | 0000 0000 | 49c7 87a8 | 0200 0000 | 0000 0049 
  0x000001c60efac940: c787 a002 | 0000 0000 | 0000 c5f8 | 7749 817f | 0800 0000 | 000f 8405 | 0000 00e9 | a045 ffff 
  0x000001c60efac960: 4c8b 6dc0 | 4c8b 75c8 | c348 8b5d | e8e9 aefe | ffff 660f | 1f44 0000 | 0000 0000 | 0000 0000 
[/MachCode]

---------------  P R O C E S S  ---------------

Threads class SMR info:
_java_thread_list=0x000001c65ccc7970, length=13, elements={
0x000001c67cae8af0, 0x000001c67cb7d050, 0x000001c67cb7ec20, 0x000001c67cb93ad0,
0x000001c67cb98dc0, 0x000001c67cb99780, 0x000001c67cb9a140, 0x000001c67cb9d700,
0x000001c67cb9e1b0, 0x000001c616bbe6f0, 0x000001c65c050b10, 0x000001c65c055c60,
0x000001c65cb61590
}

Java Threads: ( => current thread )
=>0x000001c67cae8af0 JavaThread "main" [_thread_in_vm, id=89236, stack(0x00000015d9400000,0x00000015d9500000)]
  0x000001c67cb7d050 JavaThread "Reference Handler" daemon [_thread_blocked, id=107288, stack(0x00000015d9b00000,0x00000015d9c00000)]
  0x000001c67cb7ec20 JavaThread "Finalizer" daemon [_thread_blocked, id=101972, stack(0x00000015d9c00000,0x00000015d9d00000)]
  0x000001c67cb93ad0 JavaThread "Signal Dispatcher" daemon [_thread_blocked, id=70100, stack(0x00000015d9d00000,0x00000015d9e00000)]
  0x000001c67cb98dc0 JavaThread "Attach Listener" daemon [_thread_blocked, id=70108, stack(0x00000015d9e00000,0x00000015d9f00000)]
  0x000001c67cb99780 JavaThread "Service Thread" daemon [_thread_blocked, id=105344, stack(0x00000015d9f00000,0x00000015da000000)]
  0x000001c67cb9a140 JavaThread "Monitor Deflation Thread" daemon [_thread_blocked, id=75864, stack(0x00000015da000000,0x00000015da100000)]
  0x000001c67cb9d700 JavaThread "C2 CompilerThread0" daemon [_thread_blocked, id=111876, stack(0x00000015da100000,0x00000015da200000)]
  0x000001c67cb9e1b0 JavaThread "C1 CompilerThread0" daemon [_thread_blocked, id=83720, stack(0x00000015da200000,0x00000015da300000)]
  0x000001c616bbe6f0 JavaThread "Sweeper thread" daemon [_thread_blocked, id=98784, stack(0x00000015da300000,0x00000015da400000)]
  0x000001c65c050b10 JavaThread "Notification Thread" daemon [_thread_blocked, id=74128, stack(0x00000015da400000,0x00000015da500000)]
  0x000001c65c055c60 JavaThread "Common-Cleaner" daemon [_thread_blocked, id=75328, stack(0x00000015da600000,0x00000015da700000)]
  0x000001c65cb61590 JavaThread "pool-1-thread-1" [_thread_in_vm, id=115700, stack(0x00000015daa00000,0x00000015dab00000)]

Other Threads:
  0x000001c67cb79e10 VMThread "VM Thread" [stack: 0x00000015d9a00000,0x00000015d9b00000] [id=85544]
  0x000001c65c050ff0 WatcherThread [stack: 0x00000015da500000,0x00000015da600000] [id=60720]
  0x000001c67cb073b0 GCTaskThread "GC Thread#0" [stack: 0x00000015d9500000,0x00000015d9600000] [id=48004]
  0x000001c65c26eef0 GCTaskThread "GC Thread#1" [stack: 0x00000015da700000,0x00000015da800000] [id=102452]
  0x000001c65c2b3bd0 GCTaskThread "GC Thread#2" [stack: 0x00000015da800000,0x00000015da900000] [id=73744]
  0x000001c65c2b3e90 GCTaskThread "GC Thread#3" [stack: 0x00000015da900000,0x00000015daa00000] [id=70424]
  0x000001c67cb09b10 ConcurrentGCThread "G1 Main Marker" [stack: 0x00000015d9600000,0x00000015d9700000] [id=109036]
  0x000001c67cb0a530 ConcurrentGCThread "G1 Conc#0" [stack: 0x00000015d9700000,0x00000015d9800000] [id=115456]
  0x000001c67cb58080 ConcurrentGCThread "G1 Refine#0" [stack: 0x00000015d9800000,0x00000015d9900000] [id=102304]
  0x000001c67cb58ab0 ConcurrentGCThread "G1 Service" [stack: 0x00000015d9900000,0x00000015d9a00000] [id=41148]

Threads with active compile tasks:

VM state: not at safepoint (normal execution)

VM Mutex/Monitor currently owned by a thread:  ([mutex/lock_event])
[0x000001c67a9389e0] Metaspace_lock - owner thread: 0x000001c67cae8af0

Heap address: 0x00000000fc000000, size: 64 MB, Compressed Oops mode: 32-bit

CDS archive(s) mapped at: [0x000001c617000000-0x000001c617bb0000-0x000001c617bb0000), size 12255232, SharedBaseAddress: 0x000001c617000000, ArchiveRelocationMode: 1.
Compressed class space mapped at: 0x000001c618000000-0x000001c658000000, reserved size: 1073741824
Narrow klass base: 0x000001c617000000, Narrow klass shift: 0, Narrow klass range: 0x100000000

GC Precious Log:
 CPUs: 4 total, 4 available
 Memory: 7834M
 Large Page Support: Disabled
 NUMA Support: Disabled
 Compressed Oops: Enabled (32-bit)
 Heap Region Size: 1M
 Heap Min Capacity: 64M
 Heap Initial Capacity: 64M
 Heap Max Capacity: 64M
 Pre-touch: Disabled
 Parallel Workers: 4
 Concurrent Workers: 1
 Concurrent Refinement Workers: 4
 Periodic GC: Disabled

Heap:
 garbage-first heap   total 65536K, used 12369K [0x00000000fc000000, 0x0000000100000000)
  region size 1024K, 5 young (5120K), 3 survivors (3072K)
 Metaspace       used 4738K, committed 4864K, reserved 1114112K
  class space    used 619K, committed 704K, reserved 1048576K

Heap Regions: E=young(eden), S=young(survivor), O=old, HS=humongous(starts), HC=humongous(continues), CS=collection set, F=free, OA=open archive, CA=closed archive, TAMS=top-at-mark-start (previous, next)
|   0|0x00000000fc000000, 0x00000000fc100000, 0x00000000fc100000|100%|HS|  |TAMS 0x00000000fc000000, 0x00000000fc000000| Complete 
|   1|0x00000000fc100000, 0x00000000fc200000, 0x00000000fc200000|100%|HC|  |TAMS 0x00000000fc100000, 0x00000000fc100000| Complete 
|   2|0x00000000fc200000, 0x00000000fc300000, 0x00000000fc300000|100%|HC|  |TAMS 0x00000000fc200000, 0x00000000fc200000| Complete 
|   3|0x00000000fc300000, 0x00000000fc400000, 0x00000000fc400000|100%|HC|  |TAMS 0x00000000fc300000, 0x00000000fc300000| Complete 
|   4|0x00000000fc400000, 0x00000000fc500000, 0x00000000fc500000|100%| O|  |TAMS 0x00000000fc400000, 0x00000000fc400000| Untracked 
|   5|0x00000000fc500000, 0x00000000fc600000, 0x00000000fc600000|100%| O|  |TAMS 0x00000000fc500000, 0x00000000fc500000| Untracked 
|   6|0x00000000fc600000, 0x00000000fc700000, 0x00000000fc700000|100%| O|  |TAMS 0x00000000fc600000, 0x00000000fc600000| Untracked 
|   7|0x00000000fc700000, 0x00000000fc800000, 0x00000000fc800000|100%| O|  |TAMS 0x00000000fc700000, 0x00000000fc700000| Untracked 
|   8|0x00000000fc800000, 0x00000000fc814600, 0x00000000fc900000|  7%| O|  |TAMS 0x00000000fc800000, 0x00000000fc800000| Untracked 
|   9|0x00000000fc900000, 0x00000000fc900000, 0x00000000fca00000|  0%| F|  |TAMS 0x00000000fc900000, 0x00000000fc900000| Untracked 
|  10|0x00000000fca00000, 0x00000000fca00000, 0x00000000fcb00000|  0%| F|  |TAMS 0x00000000fca00000, 0x00000000fca00000| Untracked 
|  11|0x00000000fcb00000, 0x00000000fcb00000, 0x00000000fcc00000|  0%| F|  |TAMS 0x00000000fcb00000, 0x00000000fcb00000| Untracked 
|  12|0x00000000fcc00000, 0x00000000fcc00000, 0x00000000fcd00000|  0%| F|  |TAMS 0x00000000fcc00000, 0x00000000fcc00000| Untracked 
|  13|0x00000000fcd00000, 0x00000000fcd00000, 0x00000000fce00000|  0%| F|  |TAMS 0x00000000fcd00000, 0x00000000fcd00000| Untracked 
|  14|0x00000000fce00000, 0x00000000fce00000, 0x00000000fcf00000|  0%| F|  |TAMS 0x00000000fce00000, 0x00000000fce00000| Untracked 
|  15|0x00000000fcf00000, 0x00000000fcf00000, 0x00000000fd000000|  0%| F|  |TAMS 0x00000000fcf00000, 0x00000000fcf00000| Untracked 
|  16|0x00000000fd000000, 0x00000000fd000000, 0x00000000fd100000|  0%| F|  |TAMS 0x00000000fd000000, 0x00000000fd000000| Untracked 
|  17|0x00000000fd100000, 0x00000000fd100000, 0x00000000fd200000|  0%| F|  |TAMS 0x00000000fd100000, 0x00000000fd100000| Untracked 
|  18|0x00000000fd200000, 0x00000000fd200000, 0x00000000fd300000|  0%| F|  |TAMS 0x00000000fd200000, 0x00000000fd200000| Untracked 
|  19|0x00000000fd300000, 0x00000000fd300000, 0x00000000fd400000|  0%| F|  |TAMS 0x00000000fd300000, 0x00000000fd300000| Untracked 
|  20|0x00000000fd400000, 0x00000000fd400000, 0x00000000fd500000|  0%| F|  |TAMS 0x00000000fd400000, 0x00000000fd400000| Untracked 
|  21|0x00000000fd500000, 0x00000000fd500000, 0x00000000fd600000|  0%| F|  |TAMS 0x00000000fd500000, 0x00000000fd500000| Untracked 
|  22|0x00000000fd600000, 0x00000000fd600000, 0x00000000fd700000|  0%| F|  |TAMS 0x00000000fd600000, 0x00000000fd600000| Untracked 
|  23|0x00000000fd700000, 0x00000000fd700000, 0x00000000fd800000|  0%| F|  |TAMS 0x00000000fd700000, 0x00000000fd700000| Untracked 
|  24|0x00000000fd800000, 0x00000000fd800000, 0x00000000fd900000|  0%| F|  |TAMS 0x00000000fd800000, 0x00000000fd800000| Untracked 
|  25|0x00000000fd900000, 0x00000000fd900000, 0x00000000fda00000|  0%| F|  |TAMS 0x00000000fd900000, 0x00000000fd900000| Untracked 
|  26|0x00000000fda00000, 0x00000000fda00000, 0x00000000fdb00000|  0%| F|  |TAMS 0x00000000fda00000, 0x00000000fda00000| Untracked 
|  27|0x00000000fdb00000, 0x00000000fdb00000, 0x00000000fdc00000|  0%| F|  |TAMS 0x00000000fdb00000, 0x00000000fdb00000| Untracked 
|  28|0x00000000fdc00000, 0x00000000fdc00000, 0x00000000fdd00000|  0%| F|  |TAMS 0x00000000fdc00000, 0x00000000fdc00000| Untracked 
|  29|0x00000000fdd00000, 0x00000000fdd00000, 0x00000000fde00000|  0%| F|  |TAMS 0x00000000fdd00000, 0x00000000fdd00000| Untracked 
|  30|0x00000000fde00000, 0x00000000fde00000, 0x00000000fdf00000|  0%| F|  |TAMS 0x00000000fde00000, 0x00000000fde00000| Untracked 
|  31|0x00000000fdf00000, 0x00000000fdf00000, 0x00000000fe000000|  0%| F|  |TAMS 0x00000000fdf00000, 0x00000000fdf00000| Untracked 
|  32|0x00000000fe000000, 0x00000000fe000000, 0x00000000fe100000|  0%| F|  |TAMS 0x00000000fe000000, 0x00000000fe000000| Untracked 
|  33|0x00000000fe100000, 0x00000000fe100000, 0x00000000fe200000|  0%| F|  |TAMS 0x00000000fe100000, 0x00000000fe100000| Untracked 
|  34|0x00000000fe200000, 0x00000000fe200000, 0x00000000fe300000|  0%| F|  |TAMS 0x00000000fe200000, 0x00000000fe200000| Untracked 
|  35|0x00000000fe300000, 0x00000000fe300000, 0x00000000fe400000|  0%| F|  |TAMS 0x00000000fe300000, 0x00000000fe300000| Untracked 
|  36|0x00000000fe400000, 0x00000000fe400000, 0x00000000fe500000|  0%| F|  |TAMS 0x00000000fe400000, 0x00000000fe400000| Untracked 
|  37|0x00000000fe500000, 0x00000000fe500000, 0x00000000fe600000|  0%| F|  |TAMS 0x00000000fe500000, 0x00000000fe500000| Untracked 
|  38|0x00000000fe600000, 0x00000000fe600000, 0x00000000fe700000|  0%| F|  |TAMS 0x00000000fe600000, 0x00000000fe600000| Untracked 
|  39|0x00000000fe700000, 0x00000000fe700000, 0x00000000fe800000|  0%| F|  |TAMS 0x00000000fe700000, 0x00000000fe700000| Untracked 
|  40|0x00000000fe800000, 0x00000000fe800000, 0x00000000fe900000|  0%| F|  |TAMS 0x00000000fe800000, 0x00000000fe800000| Untracked 
|  41|0x00000000fe900000, 0x00000000fe900000, 0x00000000fea00000|  0%| F|  |TAMS 0x00000000fe900000, 0x00000000fe900000| Untracked 
|  42|0x00000000fea00000, 0x00000000feb00000, 0x00000000feb00000|100%| S|CS|TAMS 0x00000000fea00000, 0x00000000fea00000| Complete 
|  43|0x00000000feb00000, 0x00000000fec00000, 0x00000000fec00000|100%| S|CS|TAMS 0x00000000feb00000, 0x00000000feb00000| Complete 
|  44|0x00000000fec00000, 0x00000000fed00000, 0x00000000fed00000|100%| S|CS|TAMS 0x00000000fec00000, 0x00000000fec00000| Complete 
|  45|0x00000000fed00000, 0x00000000fed00000, 0x00000000fee00000|  0%| F|  |TAMS 0x00000000fed00000, 0x00000000fed00000| Untracked 
|  46|0x00000000fee00000, 0x00000000fee00000, 0x00000000fef00000|  0%| F|  |TAMS 0x00000000fee00000, 0x00000000fee00000| Untracked 
|  47|0x00000000fef00000, 0x00000000fef00000, 0x00000000ff000000|  0%| F|  |TAMS 0x00000000fef00000, 0x00000000fef00000| Untracked 
|  48|0x00000000ff000000, 0x00000000ff000000, 0x00000000ff100000|  0%| F|  |TAMS 0x00000000ff000000, 0x00000000ff000000| Untracked 
|  49|0x00000000ff100000, 0x00000000ff100000, 0x00000000ff200000|  0%| F|  |TAMS 0x00000000ff100000, 0x00000000ff100000| Untracked 
|  50|0x00000000ff200000, 0x00000000ff200000, 0x00000000ff300000|  0%| F|  |TAMS 0x00000000ff200000, 0x00000000ff200000| Untracked 
|  51|0x00000000ff300000, 0x00000000ff300000, 0x00000000ff400000|  0%| F|  |TAMS 0x00000000ff300000, 0x00000000ff300000| Untracked 
|  52|0x00000000ff400000, 0x00000000ff400000, 0x00000000ff500000|  0%| F|  |TAMS 0x00000000ff400000, 0x00000000ff400000| Untracked 
|  53|0x00000000ff500000, 0x00000000ff500000, 0x00000000ff600000|  0%| F|  |TAMS 0x00000000ff500000, 0x00000000ff500000| Untracked 
|  54|0x00000000ff600000, 0x00000000ff600000, 0x00000000ff700000|  0%| F|  |TAMS 0x00000000ff600000, 0x00000000ff600000| Untracked 
|  55|0x00000000ff700000, 0x00000000ff700000, 0x00000000ff800000|  0%| F|  |TAMS 0x00000000ff700000, 0x00000000ff700000| Untracked 
|  56|0x00000000ff800000, 0x00000000ff800000, 0x00000000ff900000|  0%| F|  |TAMS 0x00000000ff800000, 0x00000000ff800000| Untracked 
|  57|0x00000000ff900000, 0x00000000ff900000, 0x00000000ffa00000|  0%| F|  |TAMS 0x00000000ff900000, 0x00000000ff900000| Untracked 
|  58|0x00000000ffa00000, 0x00000000ffa00000, 0x00000000ffb00000|  0%| F|  |TAMS 0x00000000ffa00000, 0x00000000ffa00000| Untracked 
|  59|0x00000000ffb00000, 0x00000000ffb00000, 0x00000000ffc00000|  0%| F|  |TAMS 0x00000000ffb00000, 0x00000000ffb00000| Untracked 
|  60|0x00000000ffc00000, 0x00000000ffc00000, 0x00000000ffd00000|  0%| F|  |TAMS 0x00000000ffc00000, 0x00000000ffc00000| Untracked 
|  61|0x00000000ffd00000, 0x00000000ffd00000, 0x00000000ffe00000|  0%| F|  |TAMS 0x00000000ffd00000, 0x00000000ffd00000| Untracked 
|  62|0x00000000ffe00000, 0x00000000ffe4ac48, 0x00000000fff00000| 29%| E|  |TAMS 0x00000000ffe00000, 0x00000000ffe00000| Complete 
|  63|0x00000000fff00000, 0x0000000100000000, 0x0000000100000000|100%| E|CS|TAMS 0x00000000fff00000, 0x00000000fff00000| Complete 

Card table byte_map: [0x000001c67c900000,0x000001c67c920000] _byte_map_base: 0x000001c67c120000

Marking Bits (Prev, Next): (CMBitMap*) 0x000001c67cb089e0, (CMBitMap*) 0x000001c67cb08a20
 Prev Bits: [0x000001c67c940000, 0x000001c67ca40000)
 Next Bits: [0x000001c67cba0000, 0x000001c67cca0000)

Polling page: 0x000001c67a9a0000

Metaspace:

Usage:
  Non-class:      4.02 MB used.
      Class:    619.79 KB used.
       Both:      4.63 MB used.

Virtual space:
  Non-class space:       64.00 MB reserved,       4.06 MB (  6%) committed,  1 nodes.
      Class space:        1.00 GB reserved,     704.00 KB ( <1%) committed,  1 nodes.
             Both:        1.06 GB reserved,       4.75 MB ( <1%) committed. 

Chunk freelists:
   Non-Class:  10.00 MB
       Class:  15.31 MB
        Both:  25.31 MB

MaxMetaspaceSize: unlimited
CompressedClassSpaceSize: 1.00 GB
Initial GC threshold: 21.00 MB
Current GC threshold: 21.00 MB
CDS: on
MetaspaceReclaimPolicy: balanced
 - commit_granule_bytes: 65536.
 - commit_granule_words: 8192.
 - virtual_space_node_default_size: 8388608.
 - enlarge_chunks_in_place: 1.
 - new_chunks_are_fully_committed: 0.
 - uncommit_free_chunks: 1.
 - use_allocation_guard: 0.
 - handle_deallocations: 1.


Internal statistics:

num_allocs_failed_limit: 0.
num_arena_births: 46.
num_arena_deaths: 0.
num_vsnodes_births: 2.
num_vsnodes_deaths: 0.
num_space_committed: 76.
num_space_uncommitted: 0.
num_chunks_returned_to_freelist: 0.
num_chunks_taken_from_freelist: 163.
num_chunk_merges: 0.
num_chunk_splits: 113.
num_chunks_enlarged: 96.
num_inconsistent_stats: 0.

CodeHeap 'non-profiled nmethods': size=120000Kb used=455Kb max_used=455Kb free=119544Kb
 bounds [0x000001c60f540000, 0x000001c60f7b0000, 0x000001c616a70000]
CodeHeap 'profiled nmethods': size=120000Kb used=1893Kb max_used=1893Kb free=118106Kb
 bounds [0x000001c607a70000, 0x000001c607ce0000, 0x000001c60efa0000]
CodeHeap 'non-nmethods': size=5760Kb used=1151Kb max_used=1172Kb free=4608Kb
 bounds [0x000001c60efa0000, 0x000001c60f210000, 0x000001c60f540000]
 total_blobs=1387 nmethods=959 adapters=341
 compilation: enabled
              stopped_count=0, restarted_count=0
 full_count=0

Compilation events (20 events):
Event: 1.904 Thread 0x000001c67cb9e1b0  952       3       java.lang.ClassLoader::checkCerts (121 bytes)
Event: 1.905 Thread 0x000001c67cb9e1b0 nmethod 952 0x000001c607c3f090 code [0x000001c607c3f380, 0x000001c607c401e8]
Event: 1.905 Thread 0x000001c67cb9e1b0  953       3       java.lang.ClassLoader::defineClassSourceLocation (28 bytes)
Event: 1.906 Thread 0x000001c67cb9e1b0 nmethod 953 0x000001c607c40790 code [0x000001c607c40960, 0x000001c607c40ce8]
Event: 1.907 Thread 0x000001c67cb9e1b0  954       3       sun.nio.fs.WindowsPathParser::parse (6 bytes)
Event: 1.907 Thread 0x000001c67cb9e1b0 nmethod 954 0x000001c607c40e90 code [0x000001c607c41020, 0x000001c607c41148]
Event: 1.907 Thread 0x000001c67cb9e1b0  955       3       sun.nio.fs.WindowsPathParser::parse (384 bytes)
Event: 1.911 Thread 0x000001c67cb9e1b0 nmethod 955 0x000001c607c41210 code [0x000001c607c41920, 0x000001c607c456c8]
Event: 1.911 Thread 0x000001c67cb9e1b0  956       3       sun.nio.fs.WindowsPathParser$Result::<init> (20 bytes)
Event: 1.911 Thread 0x000001c67cb9e1b0 nmethod 956 0x000001c607c46d10 code [0x000001c607c46ec0, 0x000001c607c47138]
Event: 1.911 Thread 0x000001c67cb9e1b0  957       3       sun.nio.fs.WindowsPath::parse (26 bytes)
Event: 1.911 Thread 0x000001c67cb9e1b0 nmethod 957 0x000001c607c47210 code [0x000001c607c473e0, 0x000001c607c47888]
Event: 1.911 Thread 0x000001c67cb9e1b0  958       3       sun.nio.fs.WindowsFileSystem::getPath (106 bytes)
Event: 1.912 Thread 0x000001c67cb9e1b0 nmethod 958 0x000001c607c47a10 code [0x000001c607c47ca0, 0x000001c607c48738]
Event: 1.914 Thread 0x000001c67cb9d700 nmethod 938 0x000001c60f5acf90 code [0x000001c60f5ad1c0, 0x000001c60f5ae760]
Event: 1.915 Thread 0x000001c67cb9d700  959       4       java.util.concurrent.ConcurrentHashMap::setTabAt (20 bytes)
Event: 1.927 Thread 0x000001c67cb9d700 nmethod 959 0x000001c60f5af510 code [0x000001c60f5af680, 0x000001c60f5af798]
Event: 1.927 Thread 0x000001c67cb9d700  941   !   4       jdk.internal.loader.URLClassPath$JarLoader::getResource (354 bytes)
Event: 1.971 Thread 0x000001c67cb9d700 nmethod 941 0x000001c60f5af810 code [0x000001c60f5afa40, 0x000001c60f5b0f10]
Event: 1.976 Thread 0x000001c67cb9e1b0  960       3       sun.reflect.generics.parser.SignatureParser::current (59 bytes)

GC Heap History (4 events):
Event: 0.889 GC heap before
{Heap before GC invocations=0 (full 0):
 garbage-first heap   total 65536K, used 12288K [0x00000000fc000000, 0x0000000100000000)
  region size 1024K, 13 young (13312K), 0 survivors (0K)
 Metaspace       used 1665K, committed 1792K, reserved 1114112K
  class space    used 155K, committed 192K, reserved 1048576K
}
Event: 0.904 GC heap after
{Heap after GC invocations=1 (full 0):
 garbage-first heap   total 65536K, used 1952K [0x00000000fc000000, 0x0000000100000000)
  region size 1024K, 2 young (2048K), 2 survivors (2048K)
 Metaspace       used 1665K, committed 1792K, reserved 1114112K
  class space    used 155K, committed 192K, reserved 1048576K
}
Event: 1.874 GC heap before
{Heap before GC invocations=1 (full 0):
 garbage-first heap   total 65536K, used 23456K [0x00000000fc000000, 0x0000000100000000)
  region size 1024K, 19 young (19456K), 2 survivors (2048K)
 Metaspace       used 4415K, committed 4608K, reserved 1114112K
  class space    used 569K, committed 640K, reserved 1048576K
}
Event: 1.882 GC heap after
{Heap after GC invocations=2 (full 0):
 garbage-first heap   total 65536K, used 11345K [0x00000000fc000000, 0x0000000100000000)
  region size 1024K, 3 young (3072K), 3 survivors (3072K)
 Metaspace       used 4415K, committed 4608K, reserved 1114112K
  class space    used 569K, committed 640K, reserved 1048576K
}

Dll operation events (9 events):
Event: 0.013 Loaded shared library C:\Program Files\Microsoft\jdk-17.0.12.7-hotspot\bin\java.dll
Event: 0.060 Loaded shared library C:\Program Files\Microsoft\jdk-17.0.12.7-hotspot\bin\jsvml.dll
Event: 0.135 Loaded shared library C:\Program Files\Microsoft\jdk-17.0.12.7-hotspot\bin\net.dll
Event: 0.138 Loaded shared library C:\Program Files\Microsoft\jdk-17.0.12.7-hotspot\bin\nio.dll
Event: 0.144 Loaded shared library C:\Program Files\Microsoft\jdk-17.0.12.7-hotspot\bin\zip.dll
Event: 0.151 Loaded shared library C:\Program Files\Microsoft\jdk-17.0.12.7-hotspot\bin\verify.dll
Event: 0.930 Loaded shared library C:\Program Files\Microsoft\jdk-17.0.12.7-hotspot\bin\jimage.dll
Event: 1.731 Loaded shared library C:\Users\halic\.gradle\native\c067742578af261105cb4f569cf0c3c89f3d7b1fecec35dd04571415982c5e48\windows-amd64\native-platform.dll
Event: 1.824 Loaded shared library C:\Users\halic\.gradle\native\jansi\1.18\windows64\jansi.dll

Deoptimization events (20 events):
Event: 1.515 Thread 0x000001c67cae8af0 Uncommon trap: trap_request=0xffffff45 fr.pc=0x000001c60f55cacc relative=0x00000000000001ac
Event: 1.515 Thread 0x000001c67cae8af0 Uncommon trap: reason=unstable_if action=reinterpret pc=0x000001c60f55cacc method=java.util.regex.Matcher.reset()Ljava/util/regex/Matcher; @ 47 c2
Event: 1.515 Thread 0x000001c67cae8af0 DEOPT PACKING pc=0x000001c60f55cacc sp=0x00000015d94fcee0
Event: 1.515 Thread 0x000001c67cae8af0 DEOPT UNPACKING pc=0x000001c60effa1a3 sp=0x00000015d94fce68 mode 2
Event: 1.515 Thread 0x000001c67cae8af0 Uncommon trap: trap_request=0xffffffde fr.pc=0x000001c60f55f090 relative=0x00000000000003b0
Event: 1.515 Thread 0x000001c67cae8af0 Uncommon trap: reason=class_check action=maybe_recompile pc=0x000001c60f55f090 method=java.util.regex.Matcher.match(II)Z @ 121 c2
Event: 1.515 Thread 0x000001c67cae8af0 DEOPT PACKING pc=0x000001c60f55f090 sp=0x00000015d94fcf20
Event: 1.515 Thread 0x000001c67cae8af0 DEOPT UNPACKING pc=0x000001c60effa1a3 sp=0x00000015d94fcec8 mode 2
Event: 1.515 Thread 0x000001c67cae8af0 Uncommon trap: trap_request=0xffffffde fr.pc=0x000001c60f55f090 relative=0x00000000000003b0
Event: 1.515 Thread 0x000001c67cae8af0 Uncommon trap: reason=class_check action=maybe_recompile pc=0x000001c60f55f090 method=java.util.regex.Matcher.match(II)Z @ 121 c2
Event: 1.515 Thread 0x000001c67cae8af0 DEOPT PACKING pc=0x000001c60f55f090 sp=0x00000015d94fcf20
Event: 1.515 Thread 0x000001c67cae8af0 DEOPT UNPACKING pc=0x000001c60effa1a3 sp=0x00000015d94fcec8 mode 2
Event: 1.518 Thread 0x000001c67cae8af0 Uncommon trap: trap_request=0xffffffde fr.pc=0x000001c60f55f090 relative=0x00000000000003b0
Event: 1.518 Thread 0x000001c67cae8af0 Uncommon trap: reason=class_check action=maybe_recompile pc=0x000001c60f55f090 method=java.util.regex.Matcher.match(II)Z @ 121 c2
Event: 1.518 Thread 0x000001c67cae8af0 DEOPT PACKING pc=0x000001c60f55f090 sp=0x00000015d94fcdb0
Event: 1.518 Thread 0x000001c67cae8af0 DEOPT UNPACKING pc=0x000001c60effa1a3 sp=0x00000015d94fcd58 mode 2
Event: 1.518 Thread 0x000001c67cae8af0 Uncommon trap: trap_request=0xffffffde fr.pc=0x000001c60f55f090 relative=0x00000000000003b0
Event: 1.518 Thread 0x000001c67cae8af0 Uncommon trap: reason=class_check action=maybe_recompile pc=0x000001c60f55f090 method=java.util.regex.Matcher.match(II)Z @ 121 c2
Event: 1.518 Thread 0x000001c67cae8af0 DEOPT PACKING pc=0x000001c60f55f090 sp=0x00000015d94fcdb0
Event: 1.518 Thread 0x000001c67cae8af0 DEOPT UNPACKING pc=0x000001c60effa1a3 sp=0x00000015d94fcd58 mode 2

Classes loaded (20 events):
Event: 1.894 Loading class java/util/concurrent/ThreadPoolExecutor$Worker
Event: 1.894 Loading class java/util/concurrent/ThreadPoolExecutor$Worker done
Event: 1.894 Loading class java/lang/Thread$State
Event: 1.894 Loading class java/lang/Thread$State done
Event: 1.941 Loading class java/lang/Class$AnnotationData
Event: 1.971 Loading class java/lang/Class$AnnotationData done
Event: 1.972 Loading class java/lang/reflect/GenericArrayType
Event: 1.972 Loading class java/lang/reflect/GenericArrayType done
Event: 1.972 Loading class sun/reflect/annotation/AnnotationType
Event: 1.972 Loading class java/util/concurrent/TimeUnit$1
Event: 1.972 Loading class sun/reflect/annotation/AnnotationType done
Event: 1.972 Loading class sun/reflect/annotation/AnnotationType$1
Event: 1.975 Loading class java/util/concurrent/TimeUnit$1 done
Event: 1.975 Loading class sun/reflect/annotation/AnnotationType$1 done
Event: 1.975 Loading class java/lang/annotation/Retention
Event: 1.976 Loading class java/lang/annotation/Retention done
Event: 1.976 Loading class java/lang/annotation/Inherited
Event: 1.976 Loading class java/lang/annotation/Inherited done
Event: 1.976 Loading class java/lang/annotation/Target
Event: 1.976 Loading class java/lang/annotation/Target done

Classes unloaded (0 events):
No events

Classes redefined (0 events):
No events

Internal exceptions (10 events):
Event: 0.347 Thread 0x000001c67cae8af0 Exception <a 'java/lang/NoSuchMethodError'{0x00000000ffdfbcf8}: 'int java.lang.invoke.DirectMethodHandle$Holder.invokeStaticInit(java.lang.Object, java.lang.Object)'> (0x00000000ffdfbcf8) 
thrown [s\src\hotspot\share\interpreter\linkResolver.cpp, line 759]
Event: 1.547 Thread 0x000001c67cae8af0 Exception <a 'java/lang/NoSuchMethodError'{0x00000000ff0780b8}: 'void java.lang.invoke.DirectMethodHandle$Holder.invokeStatic(java.lang.Object, java.lang.Object)'> (0x00000000ff0780b8) 
thrown [s\src\hotspot\share\interpreter\linkResolver.cpp, line 759]
Event: 1.622 Thread 0x000001c67cae8af0 Exception <a 'java/lang/NoClassDefFoundError'{0x00000000fef0df48}: org/slf4j/impl/StaticMarkerBinder> (0x00000000fef0df48) 
thrown [s\src\hotspot\share\classfile\systemDictionary.cpp, line 245]
Event: 1.663 Thread 0x000001c67cae8af0 Exception <a 'java/lang/NoSuchMethodError'{0x00000000fef7f1d0}: 'java.lang.Object java.lang.invoke.DirectMethodHandle$Holder.invokeVirtual(java.lang.Object, java.lang.Object, java.lang.Object)'> (0x00000000fef7f1d0) 
thrown [s\src\hotspot\share\interpreter\linkResolver.cpp, line 759]
Event: 1.682 Thread 0x000001c67cae8af0 Exception <a 'java/lang/NoSuchMethodError'{0x00000000fefc5e00}: 'java.lang.Object java.lang.invoke.DirectMethodHandle$Holder.invokeVirtual(java.lang.Object, java.lang.Object, java.lang.Object, java.lang.Object, java.lang.Object, java.lang.Object, java.lang.Object)'> (0x00000000fefc5e00) 
thrown [s\src\hotspot\share\interpreter\linkResolver.cpp, line 759]
Event: 1.684 Thread 0x000001c67cae8af0 Exception <a 'java/lang/NoSuchMethodError'{0x00000000fefd73c0}: 'java.lang.Object java.lang.invoke.Invokers$Holder.invoker(java.lang.Object, java.lang.Object, java.lang.Object)'> (0x00000000fefd73c0) 
thrown [s\src\hotspot\share\interpreter\linkResolver.cpp, line 759]
Event: 1.686 Thread 0x000001c67cae8af0 Exception <a 'java/lang/NoSuchMethodError'{0x00000000fefe0338}: 'java.lang.Object java.lang.invoke.DirectMethodHandle$Holder.invokeStatic(java.lang.Object, java.lang.Object, int)'> (0x00000000fefe0338) 
thrown [s\src\hotspot\share\interpreter\linkResolver.cpp, line 759]
Event: 1.688 Thread 0x000001c67cae8af0 Exception <a 'java/lang/NoSuchMethodError'{0x00000000fefec028}: 'void java.lang.invoke.DelegatingMethodHandle$Holder.delegate(java.lang.Object, java.lang.Object, int, java.lang.Object)'> (0x00000000fefec028) 
thrown [s\src\hotspot\share\interpreter\linkResolver.cpp, line 759]
Event: 1.689 Thread 0x000001c67cae8af0 Exception <a 'java/lang/NoSuchMethodError'{0x00000000feff0170}: 'int java.lang.invoke.DirectMethodHandle$Holder.invokeSpecial(java.lang.Object, java.lang.Object, java.lang.Object)'> (0x00000000feff0170) 
thrown [s\src\hotspot\share\interpreter\linkResolver.cpp, line 759]
Event: 1.692 Thread 0x000001c67cae8af0 Exception <a 'java/lang/NoSuchMethodError'{0x00000000fee03b58}: 'java.lang.Object java.lang.invoke.Invokers$Holder.invokeExact_MT(java.lang.Object, java.lang.Object, java.lang.Object, java.lang.Object)'> (0x00000000fee03b58) 
thrown [s\src\hotspot\share\interpreter\linkResolver.cpp, line 759]

VM Operations (14 events):
Event: 0.146 Executing VM operation: HandshakeAllThreads
Event: 0.146 Executing VM operation: HandshakeAllThreads done
Event: 0.888 Executing VM operation: G1CollectForAllocation
Event: 0.904 Executing VM operation: G1CollectForAllocation done
Event: 1.308 Executing VM operation: HandshakeAllThreads
Event: 1.308 Executing VM operation: HandshakeAllThreads done
Event: 1.614 Executing VM operation: HandshakeAllThreads
Event: 1.614 Executing VM operation: HandshakeAllThreads done
Event: 1.615 Executing VM operation: HandshakeAllThreads
Event: 1.615 Executing VM operation: HandshakeAllThreads done
Event: 1.686 Executing VM operation: HandshakeAllThreads
Event: 1.686 Executing VM operation: HandshakeAllThreads done
Event: 1.873 Executing VM operation: G1CollectForAllocation
Event: 1.882 Executing VM operation: G1CollectForAllocation done

Events (13 events):
Event: 0.061 Thread 0x000001c67cae8af0 Thread added: 0x000001c67cae8af0
Event: 0.067 Thread 0x000001c67cb7d050 Thread added: 0x000001c67cb7d050
Event: 0.067 Thread 0x000001c67cb7ec20 Thread added: 0x000001c67cb7ec20
Event: 0.086 Thread 0x000001c67cb93ad0 Thread added: 0x000001c67cb93ad0
Event: 0.086 Thread 0x000001c67cb98dc0 Thread added: 0x000001c67cb98dc0
Event: 0.086 Thread 0x000001c67cb99780 Thread added: 0x000001c67cb99780
Event: 0.086 Thread 0x000001c67cb9a140 Thread added: 0x000001c67cb9a140
Event: 0.086 Thread 0x000001c67cb9d700 Thread added: 0x000001c67cb9d700
Event: 0.086 Thread 0x000001c67cb9e1b0 Thread added: 0x000001c67cb9e1b0
Event: 0.087 Thread 0x000001c616bbe6f0 Thread added: 0x000001c616bbe6f0
Event: 0.127 Thread 0x000001c65c050b10 Thread added: 0x000001c65c050b10
Event: 0.130 Thread 0x000001c65c055c60 Thread added: 0x000001c65c055c60
Event: 1.895 Thread 0x000001c65cb61590 Thread added: 0x000001c65cb61590


Dynamic libraries:
0x00007ff6b44e0000 - 0x00007ff6b44ee000 	C:\Program Files\Microsoft\jdk-17.0.12.7-hotspot\bin\java.exe
0x00007ffb4acd0000 - 0x00007ffb4aee7000 	C:\WINDOWS\SYSTEM32\ntdll.dll
0x00007ffb4a270000 - 0x00007ffb4a334000 	C:\WINDOWS\System32\KERNEL32.DLL
0x00007ffb47fe0000 - 0x00007ffb48397000 	C:\WINDOWS\System32\KERNELBASE.dll
0x00007ffb488e0000 - 0x00007ffb489f1000 	C:\WINDOWS\System32\ucrtbase.dll
0x00007ffb11480000 - 0x00007ffb11497000 	C:\Program Files\Microsoft\jdk-17.0.12.7-hotspot\bin\jli.dll
0x00007ffb4aae0000 - 0x00007ffb4ac8f000 	C:\WINDOWS\System32\USER32.dll
0x00007ffb486d0000 - 0x00007ffb486f6000 	C:\WINDOWS\System32\win32u.dll
0x00007ffb4aa10000 - 0x00007ffb4aa39000 	C:\WINDOWS\System32\GDI32.dll
0x00007ffb48530000 - 0x00007ffb48648000 	C:\WINDOWS\System32\gdi32full.dll
0x00007ffb48490000 - 0x00007ffb4852a000 	C:\WINDOWS\System32\msvcp_win.dll
0x00007ffb111b0000 - 0x00007ffb111cd000 	C:\Program Files\Microsoft\jdk-17.0.12.7-hotspot\bin\VCRUNTIME140.dll
0x00007ffb2d310000 - 0x00007ffb2d5a3000 	C:\WINDOWS\WinSxS\amd64_microsoft.windows.common-controls_6595b64144ccf1df_6.0.22621.3672_none_2713b9d173822955\COMCTL32.dll
0x00007ffb4a950000 - 0x00007ffb4a9f7000 	C:\WINDOWS\System32\msvcrt.dll
0x00007ffb4a660000 - 0x00007ffb4a691000 	C:\WINDOWS\System32\IMM32.DLL
0x00007ffb3b830000 - 0x00007ffb3b83c000 	C:\Program Files\Microsoft\jdk-17.0.12.7-hotspot\bin\vcruntime140_1.dll
0x00007ffae9b10000 - 0x00007ffae9b9d000 	C:\Program Files\Microsoft\jdk-17.0.12.7-hotspot\bin\msvcp140.dll
0x00007ffa7ba50000 - 0x00007ffa7c6c0000 	C:\Program Files\Microsoft\jdk-17.0.12.7-hotspot\bin\server\jvm.dll
0x00007ffb49840000 - 0x00007ffb498f2000 	C:\WINDOWS\System32\ADVAPI32.dll
0x00007ffb4a4b0000 - 0x00007ffb4a558000 	C:\WINDOWS\System32\sechost.dll
0x00007ffb483a0000 - 0x00007ffb483c8000 	C:\WINDOWS\System32\bcrypt.dll
0x00007ffb499c0000 - 0x00007ffb49ad4000 	C:\WINDOWS\System32\RPCRT4.dll
0x00007ffb4aa40000 - 0x00007ffb4aab1000 	C:\WINDOWS\System32\WS2_32.dll
0x00007ffb47e00000 - 0x00007ffb47e4d000 	C:\WINDOWS\SYSTEM32\POWRPROF.dll
0x00007ffb3f4d0000 - 0x00007ffb3f504000 	C:\WINDOWS\SYSTEM32\WINMM.dll
0x00007ffb3efd0000 - 0x00007ffb3efda000 	C:\WINDOWS\SYSTEM32\VERSION.dll
0x00007ffb47ce0000 - 0x00007ffb47cf3000 	C:\WINDOWS\SYSTEM32\UMPDC.dll
0x00007ffb46ff0000 - 0x00007ffb47008000 	C:\WINDOWS\SYSTEM32\kernel.appcore.dll
0x00007ffb31d90000 - 0x00007ffb31d9a000 	C:\Program Files\Microsoft\jdk-17.0.12.7-hotspot\bin\jimage.dll
0x00007ffb458c0000 - 0x00007ffb45af2000 	C:\WINDOWS\SYSTEM32\DBGHELP.DLL
0x00007ffb48a00000 - 0x00007ffb48d8e000 	C:\WINDOWS\System32\combase.dll
0x00007ffb4a6a0000 - 0x00007ffb4a777000 	C:\WINDOWS\System32\OLEAUT32.dll
0x00007ffb3e5d0000 - 0x00007ffb3e602000 	C:\WINDOWS\SYSTEM32\dbgcore.DLL
0x00007ffb48650000 - 0x00007ffb486cb000 	C:\WINDOWS\System32\bcryptPrimitives.dll
0x00007ffb0fc50000 - 0x00007ffb0fc75000 	C:\Program Files\Microsoft\jdk-17.0.12.7-hotspot\bin\java.dll
0x00007ffa9b7a0000 - 0x00007ffa9b877000 	C:\Program Files\Microsoft\jdk-17.0.12.7-hotspot\bin\jsvml.dll
0x00007ffb48de0000 - 0x00007ffb49649000 	C:\WINDOWS\System32\SHELL32.dll
0x00007ffb45f00000 - 0x00007ffb467ff000 	C:\WINDOWS\SYSTEM32\windows.storage.dll
0x00007ffb45dc0000 - 0x00007ffb45eff000 	C:\WINDOWS\SYSTEM32\wintypes.dll
0x00007ffb496b0000 - 0x00007ffb497a9000 	C:\WINDOWS\System32\SHCORE.dll
0x00007ffb49650000 - 0x00007ffb496ae000 	C:\WINDOWS\System32\shlwapi.dll
0x00007ffb47f10000 - 0x00007ffb47f37000 	C:\WINDOWS\SYSTEM32\profapi.dll
0x00007ffb0fc20000 - 0x00007ffb0fc3a000 	C:\Program Files\Microsoft\jdk-17.0.12.7-hotspot\bin\net.dll
0x00007ffb405c0000 - 0x00007ffb406f6000 	C:\WINDOWS\SYSTEM32\WINHTTP.dll
0x00007ffb47460000 - 0x00007ffb474c9000 	C:\WINDOWS\system32\mswsock.dll
0x00007ffb0fc00000 - 0x00007ffb0fc16000 	C:\Program Files\Microsoft\jdk-17.0.12.7-hotspot\bin\nio.dll
0x00007ffb0fb30000 - 0x00007ffb0fb48000 	C:\Program Files\Microsoft\jdk-17.0.12.7-hotspot\bin\zip.dll
0x00007ffb2b450000 - 0x00007ffb2b460000 	C:\Program Files\Microsoft\jdk-17.0.12.7-hotspot\bin\verify.dll
0x00007ffb0f9a0000 - 0x00007ffb0f9c7000 	C:\Users\halic\.gradle\native\c067742578af261105cb4f569cf0c3c89f3d7b1fecec35dd04571415982c5e48\windows-amd64\native-platform.dll
0x00007ffb3bb90000 - 0x00007ffb3bb9a000 	C:\Users\halic\.gradle\native\jansi\1.18\windows64\jansi.dll

dbghelp: loaded successfully - version: 4.0.5 - missing functions: none
symbol engine: initialized successfully - sym options: 0x614 - pdb path: .;C:\Program Files\Microsoft\jdk-17.0.12.7-hotspot\bin;C:\WINDOWS\SYSTEM32;C:\WINDOWS\WinSxS\amd64_microsoft.windows.common-controls_6595b64144ccf1df_6.0.22621.3672_none_2713b9d173822955;C:\Program Files\Microsoft\jdk-17.0.12.7-hotspot\bin\server;C:\Users\halic\.gradle\native\c067742578af261105cb4f569cf0c3c89f3d7b1fecec35dd04571415982c5e48\windows-amd64;C:\Users\halic\.gradle\native\jansi\1.18\windows64

VM Arguments:
jvm_args: -Xmx64m -Xms64m -Dorg.gradle.appname=gradlew 
java_command: org.gradle.wrapper.GradleWrapperMain app:installDebug -PreactNativeDevServerPort=8081
java_class_path (initial): C:\Mobile\Work\android\\gradle\wrapper\gradle-wrapper.jar
Launcher Type: SUN_STANDARD

[Global flags]
     intx CICompilerCount                          = 3                                         {product} {ergonomic}
     uint ConcGCThreads                            = 1                                         {product} {ergonomic}
     uint G1ConcRefinementThreads                  = 4                                         {product} {ergonomic}
   size_t G1HeapRegionSize                         = 1048576                                   {product} {ergonomic}
    uintx GCDrainStackTargetSize                   = 64                                        {product} {ergonomic}
   size_t InitialHeapSize                          = 67108864                                  {product} {command line}
   size_t MarkStackSize                            = 4194304                                   {product} {ergonomic}
   size_t MaxHeapSize                              = 67108864                                  {product} {command line}
   size_t MaxNewSize                               = 39845888                                  {product} {ergonomic}
   size_t MinHeapDeltaBytes                        = 1048576                                   {product} {ergonomic}
   size_t MinHeapSize                              = 67108864                                  {product} {command line}
    uintx NonNMethodCodeHeapSize                   = 5832780                                {pd product} {ergonomic}
    uintx NonProfiledCodeHeapSize                  = 122912730                              {pd product} {ergonomic}
    uintx ProfiledCodeHeapSize                     = 122912730                              {pd product} {ergonomic}
    uintx ReservedCodeCacheSize                    = 251658240                              {pd product} {ergonomic}
     bool SegmentedCodeCache                       = true                                      {product} {ergonomic}
   size_t SoftMaxHeapSize                          = 67108864                               {manageable} {ergonomic}
     bool UseCompressedClassPointers               = true                           {product lp64_product} {ergonomic}
     bool UseCompressedOops                        = true                           {product lp64_product} {ergonomic}
     bool UseG1GC                                  = true                                      {product} {ergonomic}
     bool UseLargePagesIndividualAllocation        = false                                  {pd product} {ergonomic}

Logging:
Log output configuration:
 #0: stdout all=warning uptime,level,tags
 #1: stderr all=off uptime,level,tags

Environment Variables:
JAVA_HOME=C:\Program Files\Microsoft\jdk-17.0.12.7-hotspot\
CLASSPATH=C:\Mobile\Work\android\\gradle\wrapper\gradle-wrapper.jar
PATH=C:\Mobile\Work\node_modules\.bin;C:\Mobile\node_modules\.bin;C:\node_modules\.bin;C:\Program Files\nodejs\node_modules\npm\node_modules\@npmcli\run-script\lib\node-gyp-bin;C:\Program Files\Microsoft\jdk-17.0.12.7-hotspot\bin;C:\Program Files (x86)\Common Files\Oracle\Java\java8path;C:\Program Files (x86)\Common Files\Oracle\Java\javapath;C:\Python312\Scripts\;C:\Python312\;C:\WINDOWS\system32;C:\WINDOWS;C:\WINDOWS\System32\Wbem;C:\WINDOWS\System32\WindowsPowerShell\v1.0\;C:\WINDOWS\System32\OpenSSH\;C:\Program Files (x86)\Pulse Secure\VC142.CRT\X64\;C:\Program Files (x86)\Pulse Secure\VC142.CRT\X86\;C:\Program Files\dotnet\;C:\composer;C:\ProgramData\chocolatey\bin;C:\Program Files\Git\cmd;C:\Program Files\nodejs\;C:\Users\halic\AppData\Local\Android\Sdk\platform-tools;C:\Users\halic\AppData\Local\Android\Sdk\tools;C:\Users\halic\AppData\Local\Microsoft\WindowsApps;C:\Users\halic\AppData\Local\Programs\Microsoft VS Code\bin;C:\MinGW\bin;C:\xampp\php;C:\stripe_1.21.0_windows_x86_64;C:\Users\halic\AppData\Roaming\npm;C:\Users\halic\AppData\Local\Android\Sdk\platform-tools;
USERNAME=halic
OS=Windows_NT
PROCESSOR_IDENTIFIER=Intel64 Family 6 Model 140 Stepping 1, GenuineIntel
TMP=C:\Users\halic\AppData\Local\Temp
TEMP=C:\Users\halic\AppData\Local\Temp



Periodic native trim disabled


---------------  S Y S T E M  ---------------

OS:
 Windows 11 , 64 bit Build 22621 (10.0.22621.3958)
OS uptime: 14 days 13:42 hours
Hyper-V role detected

CPU: total 4 (initial active 4) (2 cores per cpu, 2 threads per core) family 6 model 140 stepping 1 microcode 0xb4, cx8, cmov, fxsr, ht, mmx, 3dnowpref, sse, sse2, sse3, ssse3, sse4.1, sse4.2, popcnt, lzcnt, tsc, tscinvbit, avx, avx2, aes, erms, clmul, bmi1, bmi2, adx, avx512f, avx512dq, avx512cd, avx512bw, avx512vl, sha, fma, vzeroupper, avx512_vpopcntdq, avx512_vpclmulqdq, avx512_vaes, avx512_vnni, clflush, clflushopt, clwb, avx512_vbmi2, avx512_vbmi, hv
Processor Information for the first 4 processors :
  Max Mhz: 2901, Current Mhz: 2901, Mhz Limit: 2901

Memory: 4k page, system-wide physical 7834M (396M free)
TotalPageFile size 31386M (AvailPageFile size 128M)
current process WorkingSet (physical memory assigned to process): 86M, peak: 86M
current process commit charge ("private bytes"): 155M, peak: 155M

vm_info: OpenJDK 64-Bit Server VM (17.0.12+7-LTS) for windows-amd64 JRE (17.0.12+7-LTS), built on Jul 16 2024 18:11:44 by "MicrosoftCorporation" with unknown MS VC++:1939

END.
