#
# There is insufficient memory for the Java Runtime Environment to continue.
# Native memory allocation (mmap) failed to map 67108864 bytes. Error detail: G1 virtual space
# Possible reasons:
#   The system is out of physical RAM or swap space
#   This process is running with CompressedOops enabled, and the Java Heap may be blocking the growth of the native heap
# Possible solutions:
#   Reduce memory load on the system
#   Increase physical memory or swap space
#   Check if swap backing store is full
#   Decrease Java heap size (-Xmx/-Xms)
#   Decrease number of Java threads
#   Decrease Java thread stack sizes (-Xss)
#   Set larger code cache with -XX:ReservedCodeCacheSize=
#   JVM is running with Unscaled Compressed Oops mode in which the Java heap is
#     placed in the first 4GB address space. The Java Heap base address is the
#     maximum limit for the native heap growth. Please use -XX:HeapBaseMinAddress
#     to set the Java Heap base and to place the Java Heap above 4GB virtual address.
# This output file may be truncated or incomplete.
#
#  Out of Memory Error (os_windows.cpp:3678), pid=488, tid=17404
#
# JRE version:  (17.0.12+7) (build )
# Java VM: OpenJDK 64-Bit Server VM (17.0.12+7-LTS, mixed mode, sharing, tiered, compressed oops, compressed class ptrs, g1 gc, windows-amd64)
# No core dump will be written. Minidumps are not enabled by default on client versions of Windows
#

---------------  S U M M A R Y ------------

Command Line: -Xmx64m -Xms64m -Dorg.gradle.appname=gradlew org.gradle.wrapper.GradleWrapperMain app:installDebug -PreactNativeDevServerPort=8081

Host: 11th Gen Intel(R) Core(TM) i3-1115G4 @ 3.00GHz, 4 cores, 7G,  Windows 11 , 64 bit Build 22621 (10.0.22621.3958)
Time: Wed Oct 23 20:05:15 2024 Paris, Madrid (heure duild 22621 (10.0.22621.3958) elapsed time: 0.062989 seconds (0d 0h 0m 0s)

---------------  T H R E A D  ---------------

Current thread (0x0000016d1a1ca960):  JavaThread "Unknown thread" [_thread_in_vm, id=17404, stack(0x0000004b70200000,0x0000004b70300000)]

Stack: [0x0000004b70200000,0x0000004b70300000]
Native frames: (J=compiled Java code, j=interpreted, Vv=VM code, C=native code)
V  [jvm.dll+0x686d99]
V  [jvm.dll+0x83daf8]
V  [jvm.dll+0x83f5a3]
V  [jvm.dll+0x83fc13]
V  [jvm.dll+0x2492ef]
V  [jvm.dll+0x683dd9]
V  [jvm.dll+0x6782fa]
V  [jvm.dll+0x30a797]
V  [jvm.dll+0x311d06]
V  [jvm.dll+0x36252e]
V  [jvm.dll+0x36276d]
V  [jvm.dll+0x2e1a9c]
V  [jvm.dll+0x2e29b4]
V  [jvm.dll+0x80faab]
V  [jvm.dll+0x370241]
V  [jvm.dll+0x7ee6bf]
V  [jvm.dll+0x3f6ccf]
V  [jvm.dll+0x3f87f1]
C  [jli.dll+0x5284]
C  [ucrtbase.dll+0x29333]
C  [KERNEL32.DLL+0x1257d]
C  [ntdll.dll+0x5af08]


---------------  P R O C E S S  ---------------

Threads class SMR info:
_java_thread_list=0x00007ffa7c58cf98, length=0, elements={
}

Java Threads: ( => current thread )

Other Threads:
  0x0000016d1a1eb0f0 GCTaskThread "GC Thread#0" [stack: 0x0000004b70300000,0x0000004b70400000] [id=22432]
  0x0000016d1a1ec840 ConcurrentGCThread "G1 Main Marker" [stack: 0x0000004b70400000,0x0000004b70500000] [id=30444]
  0x0000016d1a1ed260 ConcurrentGCThread "G1 Conc#0" [stack: 0x0000004b70500000,0x0000004b70600000] [id=33144]

[error occurred during error reporting (printing all threads), id 0xc0000005, EXCEPTION_ACCESS_VIOLATION (0xc0000005) at pc=0x00007ffa7bd425b7]

VM state: not at safepoint (not fully initialized)

VM Mutex/Monitor currently owned by a thread:  ([mutex/lock_event])
[0x0000016d1a1c6720] Heap_lock - owner thread: 0x0000016d1a1ca960

Heap address: 0x00000000fc000000, size: 64 MB, Compressed Oops mode: 32-bit

CDS archive(s) mapped at: [0x0000000000000000-0x0000000000000000-0x0000000000000000), size 0, SharedBaseAddress: 0x0000000800000000, ArchiveRelocationMode: 1.
Narrow klass base: 0x0000000000000000, Narrow klass shift: 0, Narrow klass range: 0x0

GC Precious Log:
<Empty>

Heap:
 garbage-first heap   total 0K, used 0K [0x00000000fc000000, 0x0000000100000000)
  region size 1024K, 0 young (0K), 0 survivors (0K)

[error occurred during error reporting (printing heap information), id 0xc0000005, EXCEPTION_ACCESS_VIOLATION (0xc0000005) at pc=0x00007ffa7c130a39]

GC Heap History (0 events):
No events

Dll operation events (1 events):
Event: 0.018 Loaded shared library C:\Program Files\Microsoft\jdk-17.0.12.7-hotspot\bin\java.dll

Deoptimization events (0 events):
No events

Classes loaded (0 events):
No events

Classes unloaded (0 events):
No events

Classes redefined (0 events):
No events

Internal exceptions (0 events):
No events

VM Operations (0 events):
No events

Events (0 events):
No events


Dynamic libraries:
0x00007ff6b44e0000 - 0x00007ff6b44ee000 	C:\Program Files\Microsoft\jdk-17.0.12.7-hotspot\bin\java.exe
0x00007ffb4acd0000 - 0x00007ffb4aee7000 	C:\WINDOWS\SYSTEM32\ntdll.dll
0x00007ffb4a270000 - 0x00007ffb4a334000 	C:\WINDOWS\System32\KERNEL32.DLL
0x00007ffb47fe0000 - 0x00007ffb48397000 	C:\WINDOWS\System32\KERNELBASE.dll
0x00007ffb488e0000 - 0x00007ffb489f1000 	C:\WINDOWS\System32\ucrtbase.dll
0x00007ffb11480000 - 0x00007ffb11497000 	C:\Program Files\Microsoft\jdk-17.0.12.7-hotspot\bin\jli.dll
0x00007ffb4aae0000 - 0x00007ffb4ac8f000 	C:\WINDOWS\System32\USER32.dll
0x00007ffb486d0000 - 0x00007ffb486f6000 	C:\WINDOWS\System32\win32u.dll
0x00007ffb4aa10000 - 0x00007ffb4aa39000 	C:\WINDOWS\System32\GDI32.dll
0x00007ffb48530000 - 0x00007ffb48648000 	C:\WINDOWS\System32\gdi32full.dll
0x00007ffb48490000 - 0x00007ffb4852a000 	C:\WINDOWS\System32\msvcp_win.dll
0x00007ffb111b0000 - 0x00007ffb111cd000 	C:\Program Files\Microsoft\jdk-17.0.12.7-hotspot\bin\VCRUNTIME140.dll
0x00007ffb2d310000 - 0x00007ffb2d5a3000 	C:\WINDOWS\WinSxS\amd64_microsoft.windows.common-controls_6595b64144ccf1df_6.0.22621.3672_none_2713b9d173822955\COMCTL32.dll
0x00007ffb4a950000 - 0x00007ffb4a9f7000 	C:\WINDOWS\System32\msvcrt.dll
0x00007ffb4a660000 - 0x00007ffb4a691000 	C:\WINDOWS\System32\IMM32.DLL
0x00007ffb3b830000 - 0x00007ffb3b83c000 	C:\Program Files\Microsoft\jdk-17.0.12.7-hotspot\bin\vcruntime140_1.dll
0x00007ffae9b10000 - 0x00007ffae9b9d000 	C:\Program Files\Microsoft\jdk-17.0.12.7-hotspot\bin\msvcp140.dll
0x00007ffa7ba50000 - 0x00007ffa7c6c0000 	C:\Program Files\Microsoft\jdk-17.0.12.7-hotspot\bin\server\jvm.dll
0x00007ffb49840000 - 0x00007ffb498f2000 	C:\WINDOWS\System32\ADVAPI32.dll
0x00007ffb4a4b0000 - 0x00007ffb4a558000 	C:\WINDOWS\System32\sechost.dll
0x00007ffb483a0000 - 0x00007ffb483c8000 	C:\WINDOWS\System32\bcrypt.dll
0x00007ffb499c0000 - 0x00007ffb49ad4000 	C:\WINDOWS\System32\RPCRT4.dll
0x00007ffb4aa40000 - 0x00007ffb4aab1000 	C:\WINDOWS\System32\WS2_32.dll
0x00007ffb47e00000 - 0x00007ffb47e4d000 	C:\WINDOWS\SYSTEM32\POWRPROF.dll
0x00007ffb3f4d0000 - 0x00007ffb3f504000 	C:\WINDOWS\SYSTEM32\WINMM.dll
0x00007ffb3efd0000 - 0x00007ffb3efda000 	C:\WINDOWS\SYSTEM32\VERSION.dll
0x00007ffb47ce0000 - 0x00007ffb47cf3000 	C:\WINDOWS\SYSTEM32\UMPDC.dll
0x00007ffb46ff0000 - 0x00007ffb47008000 	C:\WINDOWS\SYSTEM32\kernel.appcore.dll
0x00007ffb31d90000 - 0x00007ffb31d9a000 	C:\Program Files\Microsoft\jdk-17.0.12.7-hotspot\bin\jimage.dll
0x00007ffb458c0000 - 0x00007ffb45af2000 	C:\WINDOWS\SYSTEM32\DBGHELP.DLL
0x00007ffb48a00000 - 0x00007ffb48d8e000 	C:\WINDOWS\System32\combase.dll
0x00007ffb4a6a0000 - 0x00007ffb4a777000 	C:\WINDOWS\System32\OLEAUT32.dll
0x00007ffb3e5d0000 - 0x00007ffb3e602000 	C:\WINDOWS\SYSTEM32\dbgcore.DLL
0x00007ffb48650000 - 0x00007ffb486cb000 	C:\WINDOWS\System32\bcryptPrimitives.dll
0x00007ffb0fc50000 - 0x00007ffb0fc75000 	C:\Program Files\Microsoft\jdk-17.0.12.7-hotspot\bin\java.dll

dbghelp: loaded successfully - version: 4.0.5 - missing functions: none
symbol engine: initialized successfully - sym options: 0x614 - pdb path: .;C:\Program Files\Microsoft\jdk-17.0.12.7-hotspot\bin;C:\WINDOWS\SYSTEM32;C:\WINDOWS\WinSxS\amd64_microsoft.windows.common-controls_6595b64144ccf1df_6.0.22621.3672_none_2713b9d173822955;C:\Program Files\Microsoft\jdk-17.0.12.7-hotspot\bin\server

VM Arguments:
jvm_args: -Xmx64m -Xms64m -Dorg.gradle.appname=gradlew 
java_command: org.gradle.wrapper.GradleWrapperMain app:installDebug -PreactNativeDevServerPort=8081
java_class_path (initial): C:\Mobile\Work\android\\gradle\wrapper\gradle-wrapper.jar
Launcher Type: SUN_STANDARD

[Global flags]
     intx CICompilerCount                          = 3                                         {product} {ergonomic}
     uint ConcGCThreads                            = 1                                         {product} {ergonomic}
     uint G1ConcRefinementThreads                  = 4                                         {product} {ergonomic}
   size_t G1HeapRegionSize                         = 1048576                                   {product} {ergonomic}
    uintx GCDrainStackTargetSize                   = 64                                        {product} {ergonomic}
   size_t InitialHeapSize                          = 67108864                                  {product} {command line}
   size_t MarkStackSize                            = 4194304                                   {product} {ergonomic}
   size_t MaxHeapSize                              = 67108864                                  {product} {command line}
   size_t MinHeapDeltaBytes                        = 1048576                                   {product} {ergonomic}
   size_t MinHeapSize                              = 67108864                                  {product} {command line}
    uintx NonNMethodCodeHeapSize                   = 5832780                                {pd product} {ergonomic}
    uintx NonProfiledCodeHeapSize                  = 122912730                              {pd product} {ergonomic}
    uintx ProfiledCodeHeapSize                     = 122912730                              {pd product} {ergonomic}
    uintx ReservedCodeCacheSize                    = 251658240                              {pd product} {ergonomic}
     bool SegmentedCodeCache                       = true                                      {product} {ergonomic}
   size_t SoftMaxHeapSize                          = 67108864                               {manageable} {ergonomic}
     bool UseCompressedClassPointers               = true                           {product lp64_product} {ergonomic}
     bool UseCompressedOops                        = true                           {product lp64_product} {ergonomic}
     bool UseG1GC                                  = true                                      {product} {ergonomic}
     bool UseLargePagesIndividualAllocation        = false                                  {pd product} {ergonomic}

Logging:
Log output configuration:
 #0: stdout all=warning uptime,level,tags
 #1: stderr all=off uptime,level,tags

Environment Variables:
JAVA_HOME=C:\Program Files\Microsoft\jdk-17.0.12.7-hotspot\
CLASSPATH=C:\Mobile\Work\android\\gradle\wrapper\gradle-wrapper.jar
PATH=C:\Mobile\Work\node_modules\.bin;C:\Mobile\Work\node_modules\.bin;C:\Mobile\node_modules\.bin;C:\node_modules\.bin;C:\Program Files\nodejs\node_modules\npm\node_modules\@npmcli\run-script\lib\node-gyp-bin;C:\Program Files\Microsoft\jdk-17.0.12.7-hotspot\bin;C:\Program Files (x86)\Common Files\Oracle\Java\java8path;C:\Program Files (x86)\Common Files\Oracle\Java\javapath;C:\Python312\Scripts\;C:\Python312\;C:\WINDOWS\system32;C:\WINDOWS;C:\WINDOWS\System32\Wbem;C:\WINDOWS\System32\WindowsPowerShell\v1.0\;C:\WINDOWS\System32\OpenSSH\;C:\Program Files (x86)\Pulse Secure\VC142.CRT\X64\;C:\Program Files (x86)\Pulse Secure\VC142.CRT\X86\;C:\Program Files\dotnet\;C:\composer;C:\ProgramData\chocolatey\bin;C:\Program Files\Git\cmd;C:\Program Files\nodejs\;C:\Users\halic\AppData\Local\Android\Sdk\platform-tools;C:\Users\halic\AppData\Local\Android\Sdk\tools;C:\Users\halic\AppData\Local\Microsoft\WindowsApps;C:\Users\halic\AppData\Local\Programs\Microsoft VS Code\bin;C:\MinGW\bin;C:\xampp\php;C:\stripe_1.21.0_windows_x86_64;C:\Users\halic\AppData\Roaming\npm;C:\Users\halic\AppData\Local\Android\Sdk\platform-tools;
USERNAME=halic
LANG=fr_FR.UTF-8
OS=Windows_NT
PROCESSOR_IDENTIFIER=Intel64 Family 6 Model 140 Stepping 1, GenuineIntel
TMP=C:\Users\halic\AppData\Local\Temp
TEMP=C:\Users\halic\AppData\Local\Temp



Periodic native trim disabled


---------------  S Y S T E M  ---------------

OS:
 Windows 11 , 64 bit Build 22621 (10.0.22621.3958)
OS uptime: 14 days 13:19 hours
Hyper-V role detected

CPU: total 4 (initial active 4) (2 cores per cpu, 2 threads per core) family 6 model 140 stepping 1 microcode 0xb4, cx8, cmov, fxsr, ht, mmx, 3dnowpref, sse, sse2, sse3, ssse3, sse4.1, sse4.2, popcnt, lzcnt, tsc, tscinvbit, avx, avx2, aes, erms, clmul, bmi1, bmi2, adx, avx512f, avx512dq, avx512cd, avx512bw, avx512vl, sha, fma, vzeroupper, avx512_vpopcntdq, avx512_vpclmulqdq, avx512_vaes, avx512_vnni, clflush, clflushopt, clwb, avx512_vbmi2, avx512_vbmi, hv
Processor Information for the first 4 processors :
  Max Mhz: 2901, Current Mhz: 2901, Mhz Limit: 2901

Memory: 4k page, system-wide physical 7834M (369M free)
TotalPageFile size 31386M (AvailPageFile size 38M)
current process WorkingSet (physical memory assigned to process): 11M, peak: 11M
current process commit charge ("private bytes"): 51M, peak: 115M

vm_info: OpenJDK 64-Bit Server VM (17.0.12+7-LTS) for windows-amd64 JRE (17.0.12+7-LTS), built on Jul 16 2024 18:11:44 by "MicrosoftCorporation" with unknown MS VC++:1939

END.
