#
# There is insufficient memory for the Java Runtime Environment to continue.
# Native memory allocation (malloc) failed to allocate 83856 bytes. Error detail: Chunk::new
# Possible reasons:
#   The system is out of physical RAM or swap space
#   This process is running with CompressedOops enabled, and the Java Heap may be blocking the growth of the native heap
# Possible solutions:
#   Reduce memory load on the system
#   Increase physical memory or swap space
#   Check if swap backing store is full
#   Decrease Java heap size (-Xmx/-Xms)
#   Decrease number of Java threads
#   Decrease Java thread stack sizes (-Xss)
#   Set larger code cache with -XX:ReservedCodeCacheSize=
#   JVM is running with Unscaled Compressed Oops mode in which the Java heap is
#     placed in the first 4GB address space. The Java Heap base address is the
#     maximum limit for the native heap growth. Please use -XX:HeapBaseMinAddress
#     to set the Java Heap base and to place the Java Heap above 4GB virtual address.
# This output file may be truncated or incomplete.
#
#  Out of Memory Error (arena.cpp:191), pid=7008, tid=89124
#
# JRE version: OpenJDK Runtime Environment Microsoft-9889599 (17.0.12+7) (build 17.0.12+7-LTS)
# Java VM: OpenJDK 64-Bit Server VM Microsoft-9889599 (17.0.12+7-LTS, mixed mode, sharing, tiered, compressed oops, compressed class ptrs, g1 gc, windows-amd64)
# No core dump will be written. Minidumps are not enabled by default on client versions of Windows
#

---------------  S U M M A R Y ------------

Command Line: -XX:MaxMetaspaceSize=512m --add-opens=java.base/java.util=ALL-UNNAMED --add-opens=java.base/java.lang=ALL-UNNAMED --add-opens=java.base/java.lang.invoke=ALL-UNNAMED --add-opens=java.prefs/java.util.prefs=ALL-UNNAMED --add-opens=java.base/java.nio.charset=ALL-UNNAMED --add-opens=java.base/java.net=ALL-UNNAMED --add-opens=java.base/java.util.concurrent.atomic=ALL-UNNAMED -Xmx2048m -Dfile.encoding=windows-1252 -Duser.country=FR -Duser.language=fr -Duser.variant -javaagent:C:\Users\halic\.gradle\wrapper\dists\gradle-8.8-all\6gdy1pgp427xkqcjbxw3ylt6h\gradle-8.8\lib\agents\gradle-instrumentation-agent-8.8.jar org.gradle.launcher.daemon.bootstrap.GradleDaemon 8.8

Host: 11th Gen Intel(R) Core(TM) i3-1115G4 @ 3.00GHz, 4 cores, 7G,  Windows 11 , 64 bit Build 22621 (10.0.22621.3958)
Time: Wed Oct 23 19:50:30 2024 Paris, Madrid (heure duild 22621 (10.0.22621.3958) elapsed time: 72.150003 seconds (0d 0h 1m 12s)

---------------  T H R E A D  ---------------

Current thread (0x0000017fa4bacea0):  JavaThread "C2 CompilerThread0" daemon [_thread_in_native, id=89124, stack(0x0000002fbbc00000,0x0000002fbbd00000)]


Current CompileTask:
C2:  72150 14734 %     4       org.codehaus.groovy.runtime.metaclass.MetaMethodIndex::copyMethodsToSuper @ 29 (91 bytes)

Stack: [0x0000002fbbc00000,0x0000002fbbd00000]
Native frames: (J=compiled Java code, j=interpreted, Vv=VM code, C=native code)
V  [jvm.dll+0x686d99]
V  [jvm.dll+0x83daf8]
V  [jvm.dll+0x83f5a3]
V  [jvm.dll+0x83fc13]
V  [jvm.dll+0x2492ef]
V  [jvm.dll+0xad0a4]
V  [jvm.dll+0xad73c]
V  [jvm.dll+0x2b09af]
V  [jvm.dll+0x58d829]
V  [jvm.dll+0x223592]
V  [jvm.dll+0x22398f]
V  [jvm.dll+0x21c740]
V  [jvm.dll+0x21986b]
V  [jvm.dll+0x1a53e6]
V  [jvm.dll+0x229faa]
V  [jvm.dll+0x2280fb]
V  [jvm.dll+0x7f3508]
V  [jvm.dll+0x7ed87c]
V  [jvm.dll+0x685c77]
C  [ucrtbase.dll+0x29333]
C  [KERNEL32.DLL+0x1257d]
C  [ntdll.dll+0x5af08]


---------------  P R O C E S S  ---------------

Threads class SMR info:
_java_thread_list=0x0000017fc7bea1a0, length=92, elements={
0x0000017f86fbdea0, 0x0000017fa4b8bd10, 0x0000017fa4b8d8e0, 0x0000017fa4ba4280,
0x0000017fa4ba4d50, 0x0000017fa4bab740, 0x0000017fa4bac100, 0x0000017fa4bacea0,
0x0000017fa4bb0970, 0x0000017fc40187f0, 0x0000017fc409eaa0, 0x0000017fc41ad510,
0x0000017fc532a020, 0x0000017fc4de8090, 0x0000017fc596f020, 0x0000017fc5874e40,
0x0000017fc4c2eda0, 0x0000017fc4cca4c0, 0x0000017fc4cc9590, 0x0000017fc4cc9aa0,
0x0000017fc4cca9d0, 0x0000017fc4cc9fb0, 0x0000017fc4a74c70, 0x0000017fc4a70590,
0x0000017fc4a70aa0, 0x0000017fc4a765c0, 0x0000017fc4a73320, 0x0000017fc4a72900,
0x0000017fc4a70fb0, 0x0000017fc4a714c0, 0x0000017fc4a76ad0, 0x0000017fc4a774f0,
0x0000017fc4a719d0, 0x0000017fc4a75180, 0x0000017fc4a74760, 0x0000017fc4a75690,
0x0000017fc4a760b0, 0x0000017fc4a723f0, 0x0000017fc4a74250, 0x0000017fc4a73830,
0x0000017fc4a73d40, 0x0000017fc4a70080, 0x0000017fc4a77a00, 0x0000017fc51a6ef0,
0x0000017fc51a4670, 0x0000017fc51aa6a0, 0x0000017fc51a7400, 0x0000017fc51a5ab0,
0x0000017fc51a5090, 0x0000017fc51a8840, 0x0000017fc51a8330, 0x0000017fc51a4b80,
0x0000017fc51a69e0, 0x0000017fc51a5fc0, 0x0000017fc51a7910, 0x0000017fc51a64d0,
0x0000017fc51a7e20, 0x0000017fc51aabb0, 0x0000017fc51a9770, 0x0000017fc51aa190,
0x0000017fc51a3740, 0x0000017fc51a3c50, 0x0000017fc51a8d50, 0x0000017fc51a9c80,
0x0000017fc51a9260, 0x0000017fc51ab0c0, 0x0000017fc51a4160, 0x0000017fc8209820,
0x0000017fc820a750, 0x0000017fc8207ed0, 0x0000017fc820cac0, 0x0000017fc8206fa0,
0x0000017fc8206580, 0x0000017fc82083e0, 0x0000017fc820a240, 0x0000017fc820ac60,
0x0000017fc82074b0, 0x0000017fc82088f0, 0x0000017fc820cfd0, 0x0000017fc820b170,
0x0000017fc8208e00, 0x0000017fc82079c0, 0x0000017fc8209310, 0x0000017fc820b680,
0x0000017fc820bb90, 0x0000017fc820c0a0, 0x0000017fc820c5b0, 0x0000017fc820d4e0,
0x0000017fc8206070, 0x0000017fc820d9f0, 0x0000017fc85fac50, 0x0000017fc85f9810
}

Java Threads: ( => current thread )
  0x0000017f86fbdea0 JavaThread "main" [_thread_blocked, id=95788, stack(0x0000002fbaf00000,0x0000002fbb000000)]
  0x0000017fa4b8bd10 JavaThread "Reference Handler" daemon [_thread_blocked, id=108080, stack(0x0000002fbb600000,0x0000002fbb700000)]
  0x0000017fa4b8d8e0 JavaThread "Finalizer" daemon [_thread_blocked, id=98156, stack(0x0000002fbb700000,0x0000002fbb800000)]
  0x0000017fa4ba4280 JavaThread "Signal Dispatcher" daemon [_thread_blocked, id=95260, stack(0x0000002fbb800000,0x0000002fbb900000)]
  0x0000017fa4ba4d50 JavaThread "Attach Listener" daemon [_thread_blocked, id=114992, stack(0x0000002fbb900000,0x0000002fbba00000)]
  0x0000017fa4bab740 JavaThread "Service Thread" daemon [_thread_blocked, id=98632, stack(0x0000002fbba00000,0x0000002fbbb00000)]
  0x0000017fa4bac100 JavaThread "Monitor Deflation Thread" daemon [_thread_blocked, id=101664, stack(0x0000002fbbb00000,0x0000002fbbc00000)]
=>0x0000017fa4bacea0 JavaThread "C2 CompilerThread0" daemon [_thread_in_native, id=89124, stack(0x0000002fbbc00000,0x0000002fbbd00000)]
  0x0000017fa4bb0970 JavaThread "C1 CompilerThread0" daemon [_thread_blocked, id=99748, stack(0x0000002fbbd00000,0x0000002fbbe00000)]
  0x0000017fc40187f0 JavaThread "Sweeper thread" daemon [_thread_blocked, id=104112, stack(0x0000002fbbe00000,0x0000002fbbf00000)]
  0x0000017fc409eaa0 JavaThread "Common-Cleaner" daemon [_thread_blocked, id=106748, stack(0x0000002fbbf00000,0x0000002fbc000000)]
  0x0000017fc41ad510 JavaThread "Notification Thread" daemon [_thread_blocked, id=45204, stack(0x0000002fbc000000,0x0000002fbc100000)]
  0x0000017fc532a020 JavaThread "Daemon health stats" [_thread_blocked, id=86696, stack(0x0000002fbc500000,0x0000002fbc600000)]
  0x0000017fc4de8090 JavaThread "Incoming local TCP Connector on port 51840" [_thread_in_native, id=99256, stack(0x0000002fbc600000,0x0000002fbc700000)]
  0x0000017fc596f020 JavaThread "Daemon periodic checks" [_thread_blocked, id=108260, stack(0x0000002fbc700000,0x0000002fbc800000)]
  0x0000017fc5874e40 JavaThread "Daemon" [_thread_blocked, id=98108, stack(0x0000002fbc800000,0x0000002fbc900000)]
  0x0000017fc4c2eda0 JavaThread "Handler for socket connection from /127.0.0.1:51840 to /127.0.0.1:51841" [_thread_in_native, id=89820, stack(0x0000002fbc900000,0x0000002fbca00000)]
  0x0000017fc4cca4c0 JavaThread "Cancel handler" [_thread_blocked, id=81720, stack(0x0000002fbca00000,0x0000002fbcb00000)]
  0x0000017fc4cc9590 JavaThread "Daemon worker" [_thread_in_Java, id=105592, stack(0x0000002fbcb00000,0x0000002fbcc00000)]
  0x0000017fc4cc9aa0 JavaThread "Asynchronous log dispatcher for DefaultDaemonConnection: socket connection from /127.0.0.1:51840 to /127.0.0.1:51841" [_thread_blocked, id=74504, stack(0x0000002fbcc00000,0x0000002fbcd00000)]
  0x0000017fc4cca9d0 JavaThread "Stdin handler" [_thread_blocked, id=36848, stack(0x0000002fbcd00000,0x0000002fbce00000)]
  0x0000017fc4cc9fb0 JavaThread "Daemon client event forwarder" [_thread_blocked, id=106068, stack(0x0000002fbce00000,0x0000002fbcf00000)]
  0x0000017fc4a74c70 JavaThread "Cache worker for journal cache (C:\Users\halic\.gradle\caches\journal-1)" [_thread_blocked, id=100172, stack(0x0000002fbcf00000,0x0000002fbd000000)]
  0x0000017fc4a70590 JavaThread "File lock request listener" [_thread_in_native, id=58512, stack(0x0000002fbd000000,0x0000002fbd100000)]
  0x0000017fc4a70aa0 JavaThread "Cache worker for file hash cache (C:\Users\halic\.gradle\caches\8.8\fileHashes)" [_thread_blocked, id=106392, stack(0x0000002fbd100000,0x0000002fbd200000)]
  0x0000017fc4a765c0 JavaThread "Cache worker for file hash cache (C:\Mobile\Work\android\.gradle\8.8\fileHashes)" [_thread_blocked, id=84348, stack(0x0000002fbd200000,0x0000002fbd300000)]
  0x0000017fc4a73320 JavaThread "File watcher server" daemon [_thread_in_native, id=92636, stack(0x0000002fbd300000,0x0000002fbd400000)]
  0x0000017fc4a72900 JavaThread "File watcher consumer" daemon [_thread_blocked, id=99364, stack(0x0000002fbd400000,0x0000002fbd500000)]
  0x0000017fc4a70fb0 JavaThread "Cache worker for checksums cache (C:\Mobile\Work\android\.gradle\8.8\checksums)" [_thread_blocked, id=106536, stack(0x0000002fbd500000,0x0000002fbd600000)]
  0x0000017fc4a714c0 JavaThread "Cache worker for file content cache (C:\Users\halic\.gradle\caches\8.8\fileContent)" [_thread_blocked, id=110480, stack(0x0000002fbd600000,0x0000002fbd700000)]
  0x0000017fc4a76ad0 JavaThread "Cache worker for cache directory md-rule (C:\Users\halic\.gradle\caches\8.8\md-rule)" [_thread_blocked, id=77132, stack(0x0000002fbd700000,0x0000002fbd800000)]
  0x0000017fc4a774f0 JavaThread "Cache worker for cache directory md-supplier (C:\Users\halic\.gradle\caches\8.8\md-supplier)" [_thread_blocked, id=114216, stack(0x0000002fbd800000,0x0000002fbd900000)]
  0x0000017fc4a719d0 JavaThread "jar transforms" [_thread_blocked, id=116188, stack(0x0000002fbd900000,0x0000002fbda00000)]
  0x0000017fc4a75180 JavaThread "Unconstrained build operations" [_thread_blocked, id=74584, stack(0x0000002fbda00000,0x0000002fbdb00000)]
  0x0000017fc4a74760 JavaThread "Unconstrained build operations Thread 2" [_thread_blocked, id=88032, stack(0x0000002fbdb00000,0x0000002fbdc00000)]
  0x0000017fc4a75690 JavaThread "Unconstrained build operations Thread 3" [_thread_blocked, id=104120, stack(0x0000002fbdc00000,0x0000002fbdd00000)]
  0x0000017fc4a760b0 JavaThread "Unconstrained build operations Thread 4" [_thread_blocked, id=102816, stack(0x0000002fbdd00000,0x0000002fbde00000)]
  0x0000017fc4a723f0 JavaThread "Unconstrained build operations Thread 5" [_thread_blocked, id=115060, stack(0x0000002fbde00000,0x0000002fbdf00000)]
  0x0000017fc4a74250 JavaThread "Unconstrained build operations Thread 6" [_thread_blocked, id=33560, stack(0x0000002fbdf00000,0x0000002fbe000000)]
  0x0000017fc4a73830 JavaThread "Cache worker for Build Output Cleanup Cache (C:\Mobile\Work\node_modules\@react-native\gradle-plugin\.gradle\buildOutputCleanup)" [_thread_blocked, id=92092, stack(0x0000002fbe000000,0x0000002fbe100000)]
  0x0000017fc4a73d40 JavaThread "Unconstrained build operations Thread 7" [_thread_blocked, id=105376, stack(0x0000002fbe100000,0x0000002fbe200000)]
  0x0000017fc4a70080 JavaThread "Unconstrained build operations Thread 8" [_thread_blocked, id=101772, stack(0x0000002fbe200000,0x0000002fbe300000)]
  0x0000017fc4a77a00 JavaThread "Unconstrained build operations Thread 9" [_thread_blocked, id=106792, stack(0x0000002fbe300000,0x0000002fbe400000)]
  0x0000017fc51a6ef0 JavaThread "Unconstrained build operations Thread 10" [_thread_blocked, id=77076, stack(0x0000002fbe400000,0x0000002fbe500000)]
  0x0000017fc51a4670 JavaThread "Unconstrained build operations Thread 11" [_thread_blocked, id=116644, stack(0x0000002fbe500000,0x0000002fbe600000)]
  0x0000017fc51aa6a0 JavaThread "Unconstrained build operations Thread 12" [_thread_blocked, id=85744, stack(0x0000002fbe600000,0x0000002fbe700000)]
  0x0000017fc51a7400 JavaThread "Unconstrained build operations Thread 13" [_thread_blocked, id=88076, stack(0x0000002fbe700000,0x0000002fbe800000)]
  0x0000017fc51a5ab0 JavaThread "Unconstrained build operations Thread 14" [_thread_blocked, id=77208, stack(0x0000002fbe800000,0x0000002fbe900000)]
  0x0000017fc51a5090 JavaThread "Unconstrained build operations Thread 15" [_thread_blocked, id=94540, stack(0x0000002fbe900000,0x0000002fbea00000)]
  0x0000017fc51a8840 JavaThread "Memory manager" [_thread_blocked, id=99384, stack(0x0000002fbea00000,0x0000002fbeb00000)]
  0x0000017fc51a8330 JavaThread "build event listener" [_thread_blocked, id=106244, stack(0x0000002fbeb00000,0x0000002fbec00000)]
  0x0000017fc51a4b80 JavaThread "ForkJoinPool.commonPool-worker-1" daemon [_thread_blocked, id=82756, stack(0x0000002fbec00000,0x0000002fbed00000)]
  0x0000017fc51a69e0 JavaThread "ForkJoinPool.commonPool-worker-2" daemon [_thread_blocked, id=102620, stack(0x0000002fbed00000,0x0000002fbee00000)]
  0x0000017fc51a5fc0 JavaThread "ForkJoinPool.commonPool-worker-3" daemon [_thread_blocked, id=84976, stack(0x0000002fbee00000,0x0000002fbef00000)]
  0x0000017fc51a7910 JavaThread "Exec process" [_thread_blocked, id=101828, stack(0x0000002fbef00000,0x0000002fbf000000)]
  0x0000017fc51a64d0 JavaThread "Exec process Thread 2" [_thread_blocked, id=94980, stack(0x0000002fbf000000,0x0000002fbf100000)]
  0x0000017fc51a7e20 JavaThread "Exec process Thread 3" [_thread_blocked, id=102360, stack(0x0000002fbf100000,0x0000002fbf200000)]
  0x0000017fc51aabb0 JavaThread "included builds" [_thread_blocked, id=90044, stack(0x0000002fbf200000,0x0000002fbf300000)]
  0x0000017fc51a9770 JavaThread "Execution worker" [_thread_blocked, id=108844, stack(0x0000002fbf300000,0x0000002fbf400000)]
  0x0000017fc51aa190 JavaThread "Execution worker Thread 2" [_thread_blocked, id=101452, stack(0x0000002fbf400000,0x0000002fbf500000)]
  0x0000017fc51a3740 JavaThread "Execution worker Thread 3" [_thread_blocked, id=106948, stack(0x0000002fbf500000,0x0000002fbf600000)]
  0x0000017fc51a3c50 JavaThread "Cache worker for execution history cache (C:\Mobile\Work\node_modules\@react-native\gradle-plugin\.gradle\8.8\executionHistory)" [_thread_blocked, id=21012, stack(0x0000002fbf600000,0x0000002fbf700000)]
  0x0000017fc51a8d50 JavaThread "Unconstrained build operations Thread 16" [_thread_blocked, id=106100, stack(0x0000002fbf700000,0x0000002fbf800000)]
  0x0000017fc51a9c80 JavaThread "Unconstrained build operations Thread 17" [_thread_blocked, id=110340, stack(0x0000002fbf800000,0x0000002fbf900000)]
  0x0000017fc51a9260 JavaThread "Unconstrained build operations Thread 18" [_thread_blocked, id=77296, stack(0x0000002fbf900000,0x0000002fbfa00000)]
  0x0000017fc51ab0c0 JavaThread "Unconstrained build operations Thread 19" [_thread_blocked, id=96476, stack(0x0000002fbfa00000,0x0000002fbfb00000)]
  0x0000017fc51a4160 JavaThread "Unconstrained build operations Thread 20" [_thread_blocked, id=81044, stack(0x0000002fbfb00000,0x0000002fbfc00000)]
  0x0000017fc8209820 JavaThread "Unconstrained build operations Thread 21" [_thread_blocked, id=101580, stack(0x0000002fbfc00000,0x0000002fbfd00000)]
  0x0000017fc820a750 JavaThread "Unconstrained build operations Thread 22" [_thread_blocked, id=107112, stack(0x0000002fbfd00000,0x0000002fbfe00000)]
  0x0000017fc8207ed0 JavaThread "Unconstrained build operations Thread 23" [_thread_blocked, id=72268, stack(0x0000002fbfe00000,0x0000002fbff00000)]
  0x0000017fc820cac0 JavaThread "Unconstrained build operations Thread 24" [_thread_blocked, id=102716, stack(0x0000002fbff00000,0x0000002fc0000000)]
  0x0000017fc8206fa0 JavaThread "Unconstrained build operations Thread 25" [_thread_blocked, id=115344, stack(0x0000002fc0000000,0x0000002fc0100000)]
  0x0000017fc8206580 JavaThread "Unconstrained build operations Thread 26" [_thread_blocked, id=85544, stack(0x0000002fc0100000,0x0000002fc0200000)]
  0x0000017fc82083e0 JavaThread "Unconstrained build operations Thread 27" [_thread_blocked, id=106860, stack(0x0000002fc0200000,0x0000002fc0300000)]
  0x0000017fc820a240 JavaThread "Unconstrained build operations Thread 28" [_thread_blocked, id=71048, stack(0x0000002fc0300000,0x0000002fc0400000)]
  0x0000017fc820ac60 JavaThread "Unconstrained build operations Thread 29" [_thread_blocked, id=111720, stack(0x0000002fc0400000,0x0000002fc0500000)]
  0x0000017fc82074b0 JavaThread "Unconstrained build operations Thread 30" [_thread_blocked, id=98512, stack(0x0000002fc0500000,0x0000002fc0600000)]
  0x0000017fc82088f0 JavaThread "Unconstrained build operations Thread 31" [_thread_blocked, id=100596, stack(0x0000002fc0600000,0x0000002fc0700000)]
  0x0000017fc820cfd0 JavaThread "Unconstrained build operations Thread 32" [_thread_blocked, id=79684, stack(0x0000002fc0700000,0x0000002fc0800000)]
  0x0000017fc820b170 JavaThread "Unconstrained build operations Thread 33" [_thread_blocked, id=101180, stack(0x0000002fc0800000,0x0000002fc0900000)]
  0x0000017fc8208e00 JavaThread "Unconstrained build operations Thread 34" [_thread_blocked, id=111200, stack(0x0000002fc0900000,0x0000002fc0a00000)]
  0x0000017fc82079c0 JavaThread "Unconstrained build operations Thread 35" [_thread_blocked, id=77716, stack(0x0000002fc0a00000,0x0000002fc0b00000)]
  0x0000017fc8209310 JavaThread "Unconstrained build operations Thread 36" [_thread_blocked, id=49196, stack(0x0000002fc0b00000,0x0000002fc0c00000)]
  0x0000017fc820b680 JavaThread "jar transforms Thread 2" [_thread_blocked, id=102756, stack(0x0000002fc0c00000,0x0000002fc0d00000)]
  0x0000017fc820bb90 JavaThread "Cache worker for Build Output Cleanup Cache (C:\Mobile\Work\android\.gradle\buildOutputCleanup)" [_thread_blocked, id=90224, stack(0x0000002fc0d00000,0x0000002fc0e00000)]
  0x0000017fc820c0a0 JavaThread "jar transforms Thread 3" [_thread_blocked, id=91956, stack(0x0000002fc0e00000,0x0000002fc0f00000)]
  0x0000017fc820c5b0 JavaThread "Unconstrained build operations Thread 37" [_thread_blocked, id=79236, stack(0x0000002fc0f00000,0x0000002fc1000000)]
  0x0000017fc820d4e0 JavaThread "Unconstrained build operations Thread 38" [_thread_blocked, id=89792, stack(0x0000002fc1000000,0x0000002fc1100000)]
  0x0000017fc8206070 JavaThread "Unconstrained build operations Thread 39" [_thread_blocked, id=104232, stack(0x0000002fc1100000,0x0000002fc1200000)]
  0x0000017fc820d9f0 JavaThread "Unconstrained build operations Thread 40" [_thread_blocked, id=79104, stack(0x0000002fc1200000,0x0000002fc1300000)]
  0x0000017fc85fac50 JavaThread "jar transforms Thread 4" [_thread_blocked, id=97028, stack(0x0000002fc1300000,0x0000002fc1400000)]
  0x0000017fc85f9810 JavaThread "build event listener" [_thread_blocked, id=72960, stack(0x0000002fc1400000,0x0000002fc1500000)]

Other Threads:
  0x0000017fa4b88010 VMThread "VM Thread" [stack: 0x0000002fbb500000,0x0000002fbb600000] [id=104596]
  0x0000017f86fbed20 WatcherThread [stack: 0x0000002fbc100000,0x0000002fbc200000] [id=76308]
  0x0000017f87017410 GCTaskThread "GC Thread#0" [stack: 0x0000002fbb000000,0x0000002fbb100000] [id=48456]
  0x0000017fc42371e0 GCTaskThread "GC Thread#1" [stack: 0x0000002fbc200000,0x0000002fbc300000] [id=3760]
  0x0000017fc43bd280 GCTaskThread "GC Thread#2" [stack: 0x0000002fbc300000,0x0000002fbc400000] [id=101260]
  0x0000017fc5336ee0 GCTaskThread "GC Thread#3" [stack: 0x0000002fbc400000,0x0000002fbc500000] [id=111744]
  0x0000017f87028360 ConcurrentGCThread "G1 Main Marker" [stack: 0x0000002fbb100000,0x0000002fbb200000] [id=86700]
  0x0000017f87028d80 ConcurrentGCThread "G1 Conc#0" [stack: 0x0000002fbb200000,0x0000002fbb300000] [id=68276]
  0x0000017fa4a420c0 ConcurrentGCThread "G1 Refine#0" [stack: 0x0000002fbb300000,0x0000002fbb400000] [id=69284]
  0x0000017fa4a42900 ConcurrentGCThread "G1 Service" [stack: 0x0000002fbb400000,0x0000002fbb500000] [id=14572]

Threads with active compile tasks:
C2 CompilerThread0    72198 14734 %     4       org.codehaus.groovy.runtime.metaclass.MetaMethodIndex::copyMethodsToSuper @ 29 (91 bytes)

VM state: not at safepoint (normal execution)

VM Mutex/Monitor currently owned by a thread: None

Heap address: 0x0000000080000000, size: 2048 MB, Compressed Oops mode: 32-bit

CDS archive(s) mapped at: [0x0000017fa5000000-0x0000017fa5bb0000-0x0000017fa5bb0000), size 12255232, SharedBaseAddress: 0x0000017fa5000000, ArchiveRelocationMode: 1.
Compressed class space mapped at: 0x0000017fa6000000-0x0000017fc0000000, reserved size: 436207616
Narrow klass base: 0x0000017fa5000000, Narrow klass shift: 0, Narrow klass range: 0x100000000

GC Precious Log:
 CPUs: 4 total, 4 available
 Memory: 7834M
 Large Page Support: Disabled
 NUMA Support: Disabled
 Compressed Oops: Enabled (32-bit)
 Heap Region Size: 1M
 Heap Min Capacity: 8M
 Heap Initial Capacity: 124M
 Heap Max Capacity: 2G
 Pre-touch: Disabled
 Parallel Workers: 4
 Concurrent Workers: 1
 Concurrent Refinement Workers: 4
 Periodic GC: Disabled

Heap:
 garbage-first heap   total 282624K, used 229461K [0x0000000080000000, 0x0000000100000000)
  region size 1024K, 47 young (48128K), 5 survivors (5120K)
 Metaspace       used 104614K, committed 105728K, reserved 557056K
  class space    used 14659K, committed 15168K, reserved 425984K

Heap Regions: E=young(eden), S=young(survivor), O=old, HS=humongous(starts), HC=humongous(continues), CS=collection set, F=free, OA=open archive, CA=closed archive, TAMS=top-at-mark-start (previous, next)
|   0|0x0000000080000000, 0x0000000080100000, 0x0000000080100000|100%|HS|  |TAMS 0x0000000080100000, 0x0000000080000000| Complete 
|   1|0x0000000080100000, 0x0000000080200000, 0x0000000080200000|100%|HC|  |TAMS 0x0000000080200000, 0x0000000080100000| Complete 
|   2|0x0000000080200000, 0x0000000080300000, 0x0000000080300000|100%|HC|  |TAMS 0x0000000080300000, 0x0000000080200000| Complete 
|   3|0x0000000080300000, 0x0000000080400000, 0x0000000080400000|100%|HC|  |TAMS 0x0000000080400000, 0x0000000080300000| Complete 
|   4|0x0000000080400000, 0x0000000080500000, 0x0000000080500000|100%| O|  |TAMS 0x0000000080500000, 0x0000000080400000| Untracked 
|   5|0x0000000080500000, 0x0000000080600000, 0x0000000080600000|100%| O|  |TAMS 0x0000000080600000, 0x0000000080500000| Untracked 
|   6|0x0000000080600000, 0x0000000080700000, 0x0000000080700000|100%| O|  |TAMS 0x0000000080700000, 0x0000000080600000| Untracked 
|   7|0x0000000080700000, 0x0000000080800000, 0x0000000080800000|100%| O|  |TAMS 0x0000000080800000, 0x0000000080700000| Untracked 
|   8|0x0000000080800000, 0x0000000080900000, 0x0000000080900000|100%| O|  |TAMS 0x0000000080900000, 0x0000000080800000| Untracked 
|   9|0x0000000080900000, 0x0000000080a00000, 0x0000000080a00000|100%| O|  |TAMS 0x0000000080a00000, 0x0000000080900000| Untracked 
|  10|0x0000000080a00000, 0x0000000080b00000, 0x0000000080b00000|100%| O|  |TAMS 0x0000000080b00000, 0x0000000080a00000| Untracked 
|  11|0x0000000080b00000, 0x0000000080c00000, 0x0000000080c00000|100%|HS|  |TAMS 0x0000000080c00000, 0x0000000080b00000| Complete 
|  12|0x0000000080c00000, 0x0000000080d00000, 0x0000000080d00000|100%| O|  |TAMS 0x0000000080d00000, 0x0000000080c00000| Untracked 
|  13|0x0000000080d00000, 0x0000000080e00000, 0x0000000080e00000|100%| O|  |TAMS 0x0000000080e00000, 0x0000000080d00000| Untracked 
|  14|0x0000000080e00000, 0x0000000080f00000, 0x0000000080f00000|100%| O|  |TAMS 0x0000000080f00000, 0x0000000080e00000| Untracked 
|  15|0x0000000080f00000, 0x0000000081000000, 0x0000000081000000|100%| O|  |TAMS 0x0000000081000000, 0x0000000080f00000| Untracked 
|  16|0x0000000081000000, 0x0000000081100000, 0x0000000081100000|100%| O|  |TAMS 0x0000000081100000, 0x0000000081000000| Untracked 
|  17|0x0000000081100000, 0x0000000081200000, 0x0000000081200000|100%| O|  |TAMS 0x0000000081200000, 0x0000000081100000| Untracked 
|  18|0x0000000081200000, 0x0000000081300000, 0x0000000081300000|100%| O|  |TAMS 0x0000000081300000, 0x0000000081200000| Untracked 
|  19|0x0000000081300000, 0x0000000081400000, 0x0000000081400000|100%| O|  |TAMS 0x0000000081400000, 0x0000000081300000| Untracked 
|  20|0x0000000081400000, 0x0000000081500000, 0x0000000081500000|100%| O|  |TAMS 0x0000000081500000, 0x0000000081400000| Untracked 
|  21|0x0000000081500000, 0x0000000081600000, 0x0000000081600000|100%| O|  |TAMS 0x0000000081600000, 0x0000000081500000| Untracked 
|  22|0x0000000081600000, 0x0000000081700000, 0x0000000081700000|100%| O|  |TAMS 0x0000000081700000, 0x0000000081600000| Untracked 
|  23|0x0000000081700000, 0x0000000081800000, 0x0000000081800000|100%| O|  |TAMS 0x0000000081800000, 0x0000000081700000| Untracked 
|  24|0x0000000081800000, 0x0000000081900000, 0x0000000081900000|100%| O|  |TAMS 0x0000000081900000, 0x0000000081800000| Untracked 
|  25|0x0000000081900000, 0x0000000081a00000, 0x0000000081a00000|100%| O|  |TAMS 0x0000000081a00000, 0x0000000081900000| Untracked 
|  26|0x0000000081a00000, 0x0000000081b00000, 0x0000000081b00000|100%| O|  |TAMS 0x0000000081b00000, 0x0000000081a00000| Untracked 
|  27|0x0000000081b00000, 0x0000000081c00000, 0x0000000081c00000|100%| O|  |TAMS 0x0000000081c00000, 0x0000000081b00000| Untracked 
|  28|0x0000000081c00000, 0x0000000081d00000, 0x0000000081d00000|100%| O|  |TAMS 0x0000000081d00000, 0x0000000081c00000| Untracked 
|  29|0x0000000081d00000, 0x0000000081e00000, 0x0000000081e00000|100%| O|  |TAMS 0x0000000081e00000, 0x0000000081d00000| Untracked 
|  30|0x0000000081e00000, 0x0000000081f00000, 0x0000000081f00000|100%| O|  |TAMS 0x0000000081f00000, 0x0000000081e00000| Untracked 
|  31|0x0000000081f00000, 0x0000000082000000, 0x0000000082000000|100%| O|  |TAMS 0x0000000082000000, 0x0000000081f00000| Untracked 
|  32|0x0000000082000000, 0x0000000082100000, 0x0000000082100000|100%| O|  |TAMS 0x0000000082100000, 0x0000000082000000| Untracked 
|  33|0x0000000082100000, 0x0000000082200000, 0x0000000082200000|100%| O|  |TAMS 0x0000000082200000, 0x0000000082100000| Untracked 
|  34|0x0000000082200000, 0x0000000082300000, 0x0000000082300000|100%| O|  |TAMS 0x0000000082300000, 0x0000000082200000| Untracked 
|  35|0x0000000082300000, 0x0000000082400000, 0x0000000082400000|100%| O|  |TAMS 0x0000000082400000, 0x0000000082300000| Untracked 
|  36|0x0000000082400000, 0x0000000082500000, 0x0000000082500000|100%| O|  |TAMS 0x0000000082500000, 0x0000000082400000| Untracked 
|  37|0x0000000082500000, 0x0000000082600000, 0x0000000082600000|100%| O|  |TAMS 0x0000000082600000, 0x0000000082500000| Untracked 
|  38|0x0000000082600000, 0x0000000082700000, 0x0000000082700000|100%| O|  |TAMS 0x0000000082700000, 0x0000000082600000| Untracked 
|  39|0x0000000082700000, 0x0000000082800000, 0x0000000082800000|100%|HS|  |TAMS 0x0000000082800000, 0x0000000082700000| Complete 
|  40|0x0000000082800000, 0x0000000082900000, 0x0000000082900000|100%|HC|  |TAMS 0x0000000082900000, 0x0000000082800000| Complete 
|  41|0x0000000082900000, 0x0000000082a00000, 0x0000000082a00000|100%|HS|  |TAMS 0x0000000082a00000, 0x0000000082900000| Complete 
|  42|0x0000000082a00000, 0x0000000082b00000, 0x0000000082b00000|100%|HC|  |TAMS 0x0000000082b00000, 0x0000000082a00000| Complete 
|  43|0x0000000082b00000, 0x0000000082c00000, 0x0000000082c00000|100%|HS|  |TAMS 0x0000000082c00000, 0x0000000082b00000| Complete 
|  44|0x0000000082c00000, 0x0000000082d00000, 0x0000000082d00000|100%|HC|  |TAMS 0x0000000082d00000, 0x0000000082c00000| Complete 
|  45|0x0000000082d00000, 0x0000000082e00000, 0x0000000082e00000|100%|HC|  |TAMS 0x0000000082e00000, 0x0000000082d00000| Complete 
|  46|0x0000000082e00000, 0x0000000082f00000, 0x0000000082f00000|100%|HC|  |TAMS 0x0000000082f00000, 0x0000000082e00000| Complete 
|  47|0x0000000082f00000, 0x0000000083000000, 0x0000000083000000|100%| O|  |TAMS 0x0000000083000000, 0x0000000082f00000| Untracked 
|  48|0x0000000083000000, 0x0000000083100000, 0x0000000083100000|100%| O|  |TAMS 0x0000000083000000, 0x0000000083000000| Untracked 
|  49|0x0000000083100000, 0x0000000083200000, 0x0000000083200000|100%| O|  |TAMS 0x0000000083100000, 0x0000000083100000| Untracked 
|  50|0x0000000083200000, 0x0000000083300000, 0x0000000083300000|100%| O|  |TAMS 0x0000000083300000, 0x0000000083200000| Untracked 
|  51|0x0000000083300000, 0x0000000083400000, 0x0000000083400000|100%|HS|  |TAMS 0x0000000083400000, 0x0000000083300000| Complete 
|  52|0x0000000083400000, 0x0000000083500000, 0x0000000083500000|100%|HC|  |TAMS 0x0000000083500000, 0x0000000083400000| Complete 
|  53|0x0000000083500000, 0x0000000083600000, 0x0000000083600000|100%|HC|  |TAMS 0x0000000083600000, 0x0000000083500000| Complete 
|  54|0x0000000083600000, 0x0000000083700000, 0x0000000083700000|100%|HC|  |TAMS 0x0000000083700000, 0x0000000083600000| Complete 
|  55|0x0000000083700000, 0x0000000083800000, 0x0000000083800000|100%| O|  |TAMS 0x0000000083800000, 0x0000000083700000| Untracked 
|  56|0x0000000083800000, 0x0000000083900000, 0x0000000083900000|100%| O|  |TAMS 0x0000000083900000, 0x0000000083800000| Untracked 
|  57|0x0000000083900000, 0x0000000083a00000, 0x0000000083a00000|100%| O|  |TAMS 0x0000000083a00000, 0x0000000083900000| Untracked 
|  58|0x0000000083a00000, 0x0000000083b00000, 0x0000000083b00000|100%| O|  |TAMS 0x0000000083b00000, 0x0000000083a00000| Untracked 
|  59|0x0000000083b00000, 0x0000000083c00000, 0x0000000083c00000|100%| O|  |TAMS 0x0000000083c00000, 0x0000000083b00000| Untracked 
|  60|0x0000000083c00000, 0x0000000083d00000, 0x0000000083d00000|100%| O|  |TAMS 0x0000000083d00000, 0x0000000083c00000| Untracked 
|  61|0x0000000083d00000, 0x0000000083e00000, 0x0000000083e00000|100%| O|  |TAMS 0x0000000083e00000, 0x0000000083d00000| Untracked 
|  62|0x0000000083e00000, 0x0000000083f00000, 0x0000000083f00000|100%| O|  |TAMS 0x0000000083f00000, 0x0000000083e00000| Untracked 
|  63|0x0000000083f00000, 0x0000000084000000, 0x0000000084000000|100%| O|  |TAMS 0x0000000084000000, 0x0000000083f00000| Untracked 
|  64|0x0000000084000000, 0x0000000084100000, 0x0000000084100000|100%| O|  |TAMS 0x0000000084100000, 0x0000000084000000| Untracked 
|  65|0x0000000084100000, 0x0000000084200000, 0x0000000084200000|100%| O|  |TAMS 0x00000000841a9c00, 0x0000000084100000| Untracked 
|  66|0x0000000084200000, 0x0000000084300000, 0x0000000084300000|100%| O|  |TAMS 0x0000000084200000, 0x0000000084200000| Untracked 
|  67|0x0000000084300000, 0x0000000084400000, 0x0000000084400000|100%| O|  |TAMS 0x0000000084300000, 0x0000000084300000| Untracked 
|  68|0x0000000084400000, 0x0000000084500000, 0x0000000084500000|100%| O|  |TAMS 0x0000000084400000, 0x0000000084400000| Untracked 
|  69|0x0000000084500000, 0x0000000084600000, 0x0000000084600000|100%| O|  |TAMS 0x0000000084500000, 0x0000000084500000| Untracked 
|  70|0x0000000084600000, 0x0000000084700000, 0x0000000084700000|100%| O|  |TAMS 0x0000000084600000, 0x0000000084600000| Untracked 
|  71|0x0000000084700000, 0x0000000084800000, 0x0000000084800000|100%| O|  |TAMS 0x0000000084700000, 0x0000000084700000| Untracked 
|  72|0x0000000084800000, 0x0000000084900000, 0x0000000084900000|100%| O|  |TAMS 0x0000000084800000, 0x0000000084800000| Untracked 
|  73|0x0000000084900000, 0x0000000084a00000, 0x0000000084a00000|100%| O|  |TAMS 0x0000000084900000, 0x0000000084900000| Untracked 
|  74|0x0000000084a00000, 0x0000000084b00000, 0x0000000084b00000|100%| O|  |TAMS 0x0000000084a00000, 0x0000000084a00000| Untracked 
|  75|0x0000000084b00000, 0x0000000084c00000, 0x0000000084c00000|100%| O|  |TAMS 0x0000000084b00000, 0x0000000084b00000| Untracked 
|  76|0x0000000084c00000, 0x0000000084d00000, 0x0000000084d00000|100%|HS|  |TAMS 0x0000000084c00000, 0x0000000084c00000| Complete 
|  77|0x0000000084d00000, 0x0000000084e00000, 0x0000000084e00000|100%|HS|  |TAMS 0x0000000084d00000, 0x0000000084d00000| Complete 
|  78|0x0000000084e00000, 0x0000000084f00000, 0x0000000084f00000|100%|HS|  |TAMS 0x0000000084e00000, 0x0000000084e00000| Complete 
|  79|0x0000000084f00000, 0x0000000085000000, 0x0000000085000000|100%|HS|  |TAMS 0x0000000084f00000, 0x0000000084f00000| Complete 
|  80|0x0000000085000000, 0x0000000085100000, 0x0000000085100000|100%| O|  |TAMS 0x0000000085000000, 0x0000000085000000| Untracked 
|  81|0x0000000085100000, 0x0000000085200000, 0x0000000085200000|100%|HS|  |TAMS 0x0000000085100000, 0x0000000085100000| Complete 
|  82|0x0000000085200000, 0x0000000085300000, 0x0000000085300000|100%|HS|  |TAMS 0x0000000085200000, 0x0000000085200000| Complete 
|  83|0x0000000085300000, 0x0000000085400000, 0x0000000085400000|100%| O|  |TAMS 0x0000000085300000, 0x0000000085300000| Untracked 
|  84|0x0000000085400000, 0x0000000085500000, 0x0000000085500000|100%| O|  |TAMS 0x0000000085400000, 0x0000000085400000| Untracked 
|  85|0x0000000085500000, 0x0000000085600000, 0x0000000085600000|100%| O|  |TAMS 0x0000000085500000, 0x0000000085500000| Untracked 
|  86|0x0000000085600000, 0x0000000085700000, 0x0000000085700000|100%|HS|  |TAMS 0x0000000085600000, 0x0000000085600000| Complete 
|  87|0x0000000085700000, 0x0000000085800000, 0x0000000085800000|100%| O|  |TAMS 0x0000000085700000, 0x0000000085700000| Untracked 
|  88|0x0000000085800000, 0x0000000085900000, 0x0000000085900000|100%| O|  |TAMS 0x0000000085800000, 0x0000000085800000| Untracked 
|  89|0x0000000085900000, 0x0000000085a00000, 0x0000000085a00000|100%| O|  |TAMS 0x0000000085900000, 0x0000000085900000| Untracked 
|  90|0x0000000085a00000, 0x0000000085b00000, 0x0000000085b00000|100%| O|  |TAMS 0x0000000085a00000, 0x0000000085a00000| Untracked 
|  91|0x0000000085b00000, 0x0000000085c00000, 0x0000000085c00000|100%| O|  |TAMS 0x0000000085b00000, 0x0000000085b00000| Untracked 
|  92|0x0000000085c00000, 0x0000000085d00000, 0x0000000085d00000|100%| O|  |TAMS 0x0000000085c00000, 0x0000000085c00000| Untracked 
|  93|0x0000000085d00000, 0x0000000085e00000, 0x0000000085e00000|100%| O|  |TAMS 0x0000000085d00000, 0x0000000085d00000| Untracked 
|  94|0x0000000085e00000, 0x0000000085f00000, 0x0000000085f00000|100%| O|  |TAMS 0x0000000085e00000, 0x0000000085e00000| Untracked 
|  95|0x0000000085f00000, 0x0000000086000000, 0x0000000086000000|100%| O|  |TAMS 0x0000000085f00000, 0x0000000085f00000| Untracked 
|  96|0x0000000086000000, 0x0000000086100000, 0x0000000086100000|100%| O|  |TAMS 0x0000000086000000, 0x0000000086000000| Untracked 
|  97|0x0000000086100000, 0x0000000086200000, 0x0000000086200000|100%| O|  |TAMS 0x0000000086100000, 0x0000000086100000| Untracked 
|  98|0x0000000086200000, 0x0000000086300000, 0x0000000086300000|100%| O|  |TAMS 0x0000000086200000, 0x0000000086200000| Untracked 
|  99|0x0000000086300000, 0x0000000086400000, 0x0000000086400000|100%| O|  |TAMS 0x0000000086300000, 0x0000000086300000| Untracked 
| 100|0x0000000086400000, 0x0000000086500000, 0x0000000086500000|100%| O|  |TAMS 0x0000000086400000, 0x0000000086400000| Untracked 
| 101|0x0000000086500000, 0x0000000086600000, 0x0000000086600000|100%| O|  |TAMS 0x0000000086500000, 0x0000000086500000| Untracked 
| 102|0x0000000086600000, 0x0000000086700000, 0x0000000086700000|100%| O|  |TAMS 0x0000000086600000, 0x0000000086600000| Untracked 
| 103|0x0000000086700000, 0x0000000086800000, 0x0000000086800000|100%| O|  |TAMS 0x0000000086700000, 0x0000000086700000| Untracked 
| 104|0x0000000086800000, 0x0000000086900000, 0x0000000086900000|100%| O|  |TAMS 0x0000000086800000, 0x0000000086800000| Untracked 
| 105|0x0000000086900000, 0x0000000086a00000, 0x0000000086a00000|100%| O|  |TAMS 0x0000000086900000, 0x0000000086900000| Untracked 
| 106|0x0000000086a00000, 0x0000000086b00000, 0x0000000086b00000|100%| O|  |TAMS 0x0000000086a00000, 0x0000000086a00000| Untracked 
| 107|0x0000000086b00000, 0x0000000086c00000, 0x0000000086c00000|100%| O|  |TAMS 0x0000000086b00000, 0x0000000086b00000| Untracked 
| 108|0x0000000086c00000, 0x0000000086d00000, 0x0000000086d00000|100%| O|  |TAMS 0x0000000086c00000, 0x0000000086c00000| Untracked 
| 109|0x0000000086d00000, 0x0000000086e00000, 0x0000000086e00000|100%| O|  |TAMS 0x0000000086d00000, 0x0000000086d00000| Untracked 
| 110|0x0000000086e00000, 0x0000000086f00000, 0x0000000086f00000|100%| O|  |TAMS 0x0000000086e00000, 0x0000000086e00000| Untracked 
| 111|0x0000000086f00000, 0x0000000087000000, 0x0000000087000000|100%| O|  |TAMS 0x0000000086f00000, 0x0000000086f00000| Untracked 
| 112|0x0000000087000000, 0x0000000087100000, 0x0000000087100000|100%| O|  |TAMS 0x0000000087000000, 0x0000000087000000| Untracked 
| 113|0x0000000087100000, 0x0000000087200000, 0x0000000087200000|100%| O|  |TAMS 0x0000000087100000, 0x0000000087100000| Untracked 
| 114|0x0000000087200000, 0x0000000087300000, 0x0000000087300000|100%| O|  |TAMS 0x0000000087200000, 0x0000000087200000| Untracked 
| 115|0x0000000087300000, 0x0000000087400000, 0x0000000087400000|100%| O|  |TAMS 0x0000000087300000, 0x0000000087300000| Untracked 
| 116|0x0000000087400000, 0x0000000087500000, 0x0000000087500000|100%| O|  |TAMS 0x0000000087400000, 0x0000000087400000| Untracked 
| 117|0x0000000087500000, 0x0000000087600000, 0x0000000087600000|100%| O|  |TAMS 0x0000000087500000, 0x0000000087500000| Untracked 
| 118|0x0000000087600000, 0x0000000087700000, 0x0000000087700000|100%| O|  |TAMS 0x0000000087600000, 0x0000000087600000| Untracked 
| 119|0x0000000087700000, 0x0000000087800000, 0x0000000087800000|100%| O|  |TAMS 0x0000000087700000, 0x0000000087700000| Untracked 
| 120|0x0000000087800000, 0x0000000087900000, 0x0000000087900000|100%| O|  |TAMS 0x0000000087800000, 0x0000000087800000| Untracked 
| 121|0x0000000087900000, 0x0000000087a00000, 0x0000000087a00000|100%|HS|  |TAMS 0x0000000087900000, 0x0000000087900000| Complete 
| 122|0x0000000087a00000, 0x0000000087b00000, 0x0000000087b00000|100%|HS|  |TAMS 0x0000000087a00000, 0x0000000087a00000| Complete 
| 123|0x0000000087b00000, 0x0000000087c00000, 0x0000000087c00000|100%|HS|  |TAMS 0x0000000087b00000, 0x0000000087b00000| Complete 
| 124|0x0000000087c00000, 0x0000000087d00000, 0x0000000087d00000|100%|HC|  |TAMS 0x0000000087c00000, 0x0000000087c00000| Complete 
| 125|0x0000000087d00000, 0x0000000087e00000, 0x0000000087e00000|100%| O|  |TAMS 0x0000000087d00000, 0x0000000087d00000| Untracked 
| 126|0x0000000087e00000, 0x0000000087f00000, 0x0000000087f00000|100%| O|  |TAMS 0x0000000087e00000, 0x0000000087e00000| Untracked 
| 127|0x0000000087f00000, 0x0000000088000000, 0x0000000088000000|100%| O|  |TAMS 0x0000000087f00000, 0x0000000087f00000| Untracked 
| 128|0x0000000088000000, 0x0000000088100000, 0x0000000088100000|100%| O|  |TAMS 0x0000000088000000, 0x0000000088000000| Untracked 
| 129|0x0000000088100000, 0x0000000088200000, 0x0000000088200000|100%| O|  |TAMS 0x0000000088100000, 0x0000000088100000| Untracked 
| 130|0x0000000088200000, 0x0000000088300000, 0x0000000088300000|100%| O|  |TAMS 0x0000000088200000, 0x0000000088200000| Untracked 
| 131|0x0000000088300000, 0x0000000088400000, 0x0000000088400000|100%| O|  |TAMS 0x0000000088300000, 0x0000000088300000| Untracked 
| 132|0x0000000088400000, 0x0000000088500000, 0x0000000088500000|100%| O|  |TAMS 0x0000000088400000, 0x0000000088400000| Untracked 
| 133|0x0000000088500000, 0x0000000088600000, 0x0000000088600000|100%| O|  |TAMS 0x0000000088500000, 0x0000000088500000| Untracked 
| 134|0x0000000088600000, 0x0000000088700000, 0x0000000088700000|100%| O|  |TAMS 0x0000000088600000, 0x0000000088600000| Untracked 
| 135|0x0000000088700000, 0x0000000088800000, 0x0000000088800000|100%| O|  |TAMS 0x0000000088700000, 0x0000000088700000| Untracked 
| 136|0x0000000088800000, 0x0000000088900000, 0x0000000088900000|100%| O|  |TAMS 0x0000000088800000, 0x0000000088800000| Untracked 
| 137|0x0000000088900000, 0x0000000088a00000, 0x0000000088a00000|100%| O|  |TAMS 0x0000000088900000, 0x0000000088900000| Untracked 
| 138|0x0000000088a00000, 0x0000000088b00000, 0x0000000088b00000|100%| O|  |TAMS 0x0000000088a00000, 0x0000000088a00000| Untracked 
| 139|0x0000000088b00000, 0x0000000088c00000, 0x0000000088c00000|100%| O|  |TAMS 0x0000000088b00000, 0x0000000088b00000| Untracked 
| 140|0x0000000088c00000, 0x0000000088d00000, 0x0000000088d00000|100%| O|  |TAMS 0x0000000088c00000, 0x0000000088c00000| Untracked 
| 141|0x0000000088d00000, 0x0000000088e00000, 0x0000000088e00000|100%| O|  |TAMS 0x0000000088d00000, 0x0000000088d00000| Untracked 
| 142|0x0000000088e00000, 0x0000000088f00000, 0x0000000088f00000|100%| O|  |TAMS 0x0000000088e00000, 0x0000000088e00000| Untracked 
| 143|0x0000000088f00000, 0x0000000089000000, 0x0000000089000000|100%|HS|  |TAMS 0x0000000088f00000, 0x0000000088f00000| Complete 
| 144|0x0000000089000000, 0x0000000089100000, 0x0000000089100000|100%|HS|  |TAMS 0x0000000089000000, 0x0000000089000000| Complete 
| 145|0x0000000089100000, 0x0000000089200000, 0x0000000089200000|100%| O|  |TAMS 0x0000000089100000, 0x0000000089100000| Untracked 
| 146|0x0000000089200000, 0x0000000089300000, 0x0000000089300000|100%| O|  |TAMS 0x0000000089200000, 0x0000000089200000| Untracked 
| 147|0x0000000089300000, 0x0000000089400000, 0x0000000089400000|100%| O|  |TAMS 0x0000000089300000, 0x0000000089300000| Untracked 
| 148|0x0000000089400000, 0x0000000089500000, 0x0000000089500000|100%| O|  |TAMS 0x0000000089400000, 0x0000000089400000| Untracked 
| 149|0x0000000089500000, 0x0000000089600000, 0x0000000089600000|100%| O|  |TAMS 0x0000000089500000, 0x0000000089500000| Untracked 
| 150|0x0000000089600000, 0x0000000089700000, 0x0000000089700000|100%| O|  |TAMS 0x0000000089600000, 0x0000000089600000| Untracked 
| 151|0x0000000089700000, 0x0000000089800000, 0x0000000089800000|100%| O|  |TAMS 0x0000000089700000, 0x0000000089700000| Untracked 
| 152|0x0000000089800000, 0x0000000089900000, 0x0000000089900000|100%| O|  |TAMS 0x0000000089800000, 0x0000000089800000| Untracked 
| 153|0x0000000089900000, 0x0000000089a00000, 0x0000000089a00000|100%| O|  |TAMS 0x0000000089900000, 0x0000000089900000| Untracked 
| 154|0x0000000089a00000, 0x0000000089b00000, 0x0000000089b00000|100%| O|  |TAMS 0x0000000089a00000, 0x0000000089a00000| Untracked 
| 155|0x0000000089b00000, 0x0000000089c00000, 0x0000000089c00000|100%| O|  |TAMS 0x0000000089b00000, 0x0000000089b00000| Untracked 
| 156|0x0000000089c00000, 0x0000000089d00000, 0x0000000089d00000|100%| O|  |TAMS 0x0000000089c00000, 0x0000000089c00000| Untracked 
| 157|0x0000000089d00000, 0x0000000089e00000, 0x0000000089e00000|100%| O|  |TAMS 0x0000000089d00000, 0x0000000089d00000| Untracked 
| 158|0x0000000089e00000, 0x0000000089f00000, 0x0000000089f00000|100%| O|  |TAMS 0x0000000089e00000, 0x0000000089e00000| Untracked 
| 159|0x0000000089f00000, 0x000000008a000000, 0x000000008a000000|100%| O|  |TAMS 0x0000000089f00000, 0x0000000089f00000| Untracked 
| 160|0x000000008a000000, 0x000000008a100000, 0x000000008a100000|100%| O|  |TAMS 0x000000008a000000, 0x000000008a000000| Untracked 
| 161|0x000000008a100000, 0x000000008a200000, 0x000000008a200000|100%| O|  |TAMS 0x000000008a100000, 0x000000008a100000| Untracked 
| 162|0x000000008a200000, 0x000000008a300000, 0x000000008a300000|100%| O|  |TAMS 0x000000008a200000, 0x000000008a200000| Untracked 
| 163|0x000000008a300000, 0x000000008a400000, 0x000000008a400000|100%| O|  |TAMS 0x000000008a300000, 0x000000008a300000| Untracked 
| 164|0x000000008a400000, 0x000000008a500000, 0x000000008a500000|100%| O|  |TAMS 0x000000008a400000, 0x000000008a400000| Untracked 
| 165|0x000000008a500000, 0x000000008a600000, 0x000000008a600000|100%| O|  |TAMS 0x000000008a500000, 0x000000008a500000| Untracked 
| 166|0x000000008a600000, 0x000000008a700000, 0x000000008a700000|100%| O|  |TAMS 0x000000008a600000, 0x000000008a600000| Untracked 
| 167|0x000000008a700000, 0x000000008a800000, 0x000000008a800000|100%| O|  |TAMS 0x000000008a700000, 0x000000008a700000| Untracked 
| 168|0x000000008a800000, 0x000000008a900000, 0x000000008a900000|100%| O|  |TAMS 0x000000008a800000, 0x000000008a800000| Untracked 
| 169|0x000000008a900000, 0x000000008aa00000, 0x000000008aa00000|100%| O|  |TAMS 0x000000008a900000, 0x000000008a900000| Untracked 
| 170|0x000000008aa00000, 0x000000008ab00000, 0x000000008ab00000|100%| O|  |TAMS 0x000000008aa00000, 0x000000008aa00000| Untracked 
| 171|0x000000008ab00000, 0x000000008ac00000, 0x000000008ac00000|100%| O|  |TAMS 0x000000008ab00000, 0x000000008ab00000| Untracked 
| 172|0x000000008ac00000, 0x000000008ad00000, 0x000000008ad00000|100%| O|  |TAMS 0x000000008ac00000, 0x000000008ac00000| Untracked 
| 173|0x000000008ad00000, 0x000000008ae00000, 0x000000008ae00000|100%| O|  |TAMS 0x000000008ad00000, 0x000000008ad00000| Untracked 
| 174|0x000000008ae00000, 0x000000008af00000, 0x000000008af00000|100%| O|  |TAMS 0x000000008ae00000, 0x000000008ae00000| Untracked 
| 175|0x000000008af00000, 0x000000008b000000, 0x000000008b000000|100%| O|  |TAMS 0x000000008af00000, 0x000000008af00000| Untracked 
| 176|0x000000008b000000, 0x000000008b100000, 0x000000008b100000|100%| O|  |TAMS 0x000000008b000000, 0x000000008b000000| Untracked 
| 177|0x000000008b100000, 0x000000008b200000, 0x000000008b200000|100%| O|  |TAMS 0x000000008b100000, 0x000000008b100000| Untracked 
| 178|0x000000008b200000, 0x000000008b300000, 0x000000008b300000|100%| O|  |TAMS 0x000000008b200000, 0x000000008b200000| Untracked 
| 179|0x000000008b300000, 0x000000008b400000, 0x000000008b400000|100%| O|  |TAMS 0x000000008b300000, 0x000000008b300000| Untracked 
| 180|0x000000008b400000, 0x000000008b400000, 0x000000008b500000|  0%| F|  |TAMS 0x000000008b400000, 0x000000008b400000| Untracked 
| 181|0x000000008b500000, 0x000000008b500000, 0x000000008b600000|  0%| F|  |TAMS 0x000000008b500000, 0x000000008b500000| Untracked 
| 182|0x000000008b600000, 0x000000008b600000, 0x000000008b700000|  0%| F|  |TAMS 0x000000008b600000, 0x000000008b600000| Untracked 
| 183|0x000000008b700000, 0x000000008b700000, 0x000000008b800000|  0%| F|  |TAMS 0x000000008b700000, 0x000000008b700000| Untracked 
| 184|0x000000008b800000, 0x000000008b800000, 0x000000008b900000|  0%| F|  |TAMS 0x000000008b800000, 0x000000008b800000| Untracked 
| 185|0x000000008b900000, 0x000000008b900000, 0x000000008ba00000|  0%| F|  |TAMS 0x000000008b900000, 0x000000008b900000| Untracked 
| 186|0x000000008ba00000, 0x000000008ba00000, 0x000000008bb00000|  0%| F|  |TAMS 0x000000008ba00000, 0x000000008ba00000| Untracked 
| 187|0x000000008bb00000, 0x000000008bb00000, 0x000000008bc00000|  0%| F|  |TAMS 0x000000008bb00000, 0x000000008bb00000| Untracked 
| 188|0x000000008bc00000, 0x000000008bc00000, 0x000000008bd00000|  0%| F|  |TAMS 0x000000008bc00000, 0x000000008bc00000| Untracked 
| 189|0x000000008bd00000, 0x000000008bd00000, 0x000000008be00000|  0%| F|  |TAMS 0x000000008bd00000, 0x000000008bd00000| Untracked 
| 190|0x000000008be00000, 0x000000008be00000, 0x000000008bf00000|  0%| F|  |TAMS 0x000000008be00000, 0x000000008be00000| Untracked 
| 191|0x000000008bf00000, 0x000000008bf00000, 0x000000008c000000|  0%| F|  |TAMS 0x000000008bf00000, 0x000000008bf00000| Untracked 
| 192|0x000000008c000000, 0x000000008c000000, 0x000000008c100000|  0%| F|  |TAMS 0x000000008c000000, 0x000000008c000000| Untracked 
| 193|0x000000008c100000, 0x000000008c100000, 0x000000008c200000|  0%| F|  |TAMS 0x000000008c100000, 0x000000008c100000| Untracked 
| 194|0x000000008c200000, 0x000000008c200000, 0x000000008c300000|  0%| F|  |TAMS 0x000000008c200000, 0x000000008c200000| Untracked 
| 195|0x000000008c300000, 0x000000008c300000, 0x000000008c400000|  0%| F|  |TAMS 0x000000008c300000, 0x000000008c300000| Untracked 
| 196|0x000000008c400000, 0x000000008c400000, 0x000000008c500000|  0%| F|  |TAMS 0x000000008c400000, 0x000000008c400000| Untracked 
| 197|0x000000008c500000, 0x000000008c500000, 0x000000008c600000|  0%| F|  |TAMS 0x000000008c500000, 0x000000008c500000| Untracked 
| 198|0x000000008c600000, 0x000000008c600000, 0x000000008c700000|  0%| F|  |TAMS 0x000000008c600000, 0x000000008c600000| Untracked 
| 199|0x000000008c700000, 0x000000008c700000, 0x000000008c800000|  0%| F|  |TAMS 0x000000008c700000, 0x000000008c700000| Untracked 
| 200|0x000000008c800000, 0x000000008c800000, 0x000000008c900000|  0%| F|  |TAMS 0x000000008c800000, 0x000000008c800000| Untracked 
| 201|0x000000008c900000, 0x000000008c900000, 0x000000008ca00000|  0%| F|  |TAMS 0x000000008c900000, 0x000000008c900000| Untracked 
| 202|0x000000008ca00000, 0x000000008ca00000, 0x000000008cb00000|  0%| F|  |TAMS 0x000000008ca00000, 0x000000008ca00000| Untracked 
| 203|0x000000008cb00000, 0x000000008cb00000, 0x000000008cc00000|  0%| F|  |TAMS 0x000000008cb00000, 0x000000008cb00000| Untracked 
| 204|0x000000008cc00000, 0x000000008cc00000, 0x000000008cd00000|  0%| F|  |TAMS 0x000000008cc00000, 0x000000008cc00000| Untracked 
| 205|0x000000008cd00000, 0x000000008cd00000, 0x000000008ce00000|  0%| F|  |TAMS 0x000000008cd00000, 0x000000008cd00000| Untracked 
| 206|0x000000008ce00000, 0x000000008ce00000, 0x000000008cf00000|  0%| F|  |TAMS 0x000000008ce00000, 0x000000008ce00000| Untracked 
| 207|0x000000008cf00000, 0x000000008cf00000, 0x000000008d000000|  0%| F|  |TAMS 0x000000008cf00000, 0x000000008cf00000| Untracked 
| 208|0x000000008d000000, 0x000000008d000000, 0x000000008d100000|  0%| F|  |TAMS 0x000000008d000000, 0x000000008d000000| Untracked 
| 209|0x000000008d100000, 0x000000008d100000, 0x000000008d200000|  0%| F|  |TAMS 0x000000008d100000, 0x000000008d100000| Untracked 
| 210|0x000000008d200000, 0x000000008d200000, 0x000000008d300000|  0%| F|  |TAMS 0x000000008d200000, 0x000000008d200000| Untracked 
| 211|0x000000008d300000, 0x000000008d300000, 0x000000008d400000|  0%| F|  |TAMS 0x000000008d300000, 0x000000008d300000| Untracked 
| 212|0x000000008d400000, 0x000000008d400000, 0x000000008d500000|  0%| F|  |TAMS 0x000000008d400000, 0x000000008d400000| Untracked 
| 213|0x000000008d500000, 0x000000008d500000, 0x000000008d600000|  0%| F|  |TAMS 0x000000008d500000, 0x000000008d500000| Untracked 
| 214|0x000000008d600000, 0x000000008d600000, 0x000000008d700000|  0%| F|  |TAMS 0x000000008d600000, 0x000000008d600000| Untracked 
| 215|0x000000008d700000, 0x000000008d700000, 0x000000008d800000|  0%| F|  |TAMS 0x000000008d700000, 0x000000008d700000| Untracked 
| 216|0x000000008d800000, 0x000000008d800000, 0x000000008d900000|  0%| F|  |TAMS 0x000000008d800000, 0x000000008d800000| Untracked 
| 217|0x000000008d900000, 0x000000008d900000, 0x000000008da00000|  0%| F|  |TAMS 0x000000008d900000, 0x000000008d900000| Untracked 
| 218|0x000000008da00000, 0x000000008da00000, 0x000000008db00000|  0%| F|  |TAMS 0x000000008da00000, 0x000000008da00000| Untracked 
| 219|0x000000008db00000, 0x000000008db00000, 0x000000008dc00000|  0%| F|  |TAMS 0x000000008db00000, 0x000000008db00000| Untracked 
| 220|0x000000008dc00000, 0x000000008dc00000, 0x000000008dd00000|  0%| F|  |TAMS 0x000000008dc00000, 0x000000008dc00000| Untracked 
| 221|0x000000008dd00000, 0x000000008dd00000, 0x000000008de00000|  0%| F|  |TAMS 0x000000008dd00000, 0x000000008dd00000| Untracked 
| 222|0x000000008de00000, 0x000000008de00000, 0x000000008df00000|  0%| F|  |TAMS 0x000000008de00000, 0x000000008de00000| Untracked 
| 223|0x000000008df00000, 0x000000008df00000, 0x000000008e000000|  0%| F|  |TAMS 0x000000008df00000, 0x000000008df00000| Untracked 
| 224|0x000000008e000000, 0x000000008e000000, 0x000000008e100000|  0%| F|  |TAMS 0x000000008e000000, 0x000000008e000000| Untracked 
| 225|0x000000008e100000, 0x000000008e115750, 0x000000008e200000|  8%| S|CS|TAMS 0x000000008e100000, 0x000000008e100000| Complete 
| 226|0x000000008e200000, 0x000000008e300000, 0x000000008e300000|100%| S|CS|TAMS 0x000000008e200000, 0x000000008e200000| Complete 
| 227|0x000000008e300000, 0x000000008e400000, 0x000000008e400000|100%| S|CS|TAMS 0x000000008e300000, 0x000000008e300000| Complete 
| 228|0x000000008e400000, 0x000000008e500000, 0x000000008e500000|100%| S|CS|TAMS 0x000000008e400000, 0x000000008e400000| Complete 
| 229|0x000000008e500000, 0x000000008e600000, 0x000000008e600000|100%| S|CS|TAMS 0x000000008e500000, 0x000000008e500000| Complete 
| 230|0x000000008e600000, 0x000000008e600000, 0x000000008e700000|  0%| F|  |TAMS 0x000000008e600000, 0x000000008e600000| Untracked 
| 231|0x000000008e700000, 0x000000008e700000, 0x000000008e800000|  0%| F|  |TAMS 0x000000008e700000, 0x000000008e700000| Untracked 
| 232|0x000000008e800000, 0x000000008e800000, 0x000000008e900000|  0%| F|  |TAMS 0x000000008e800000, 0x000000008e800000| Untracked 
| 233|0x000000008e900000, 0x000000008e900000, 0x000000008ea00000|  0%| F|  |TAMS 0x000000008e900000, 0x000000008e900000| Untracked 
| 234|0x000000008ea00000, 0x000000008ea00800, 0x000000008eb00000|  0%| E|  |TAMS 0x000000008ea00000, 0x000000008ea00000| Complete 
| 235|0x000000008eb00000, 0x000000008ec00000, 0x000000008ec00000|100%| E|CS|TAMS 0x000000008eb00000, 0x000000008eb00000| Complete 
| 236|0x000000008ec00000, 0x000000008ed00000, 0x000000008ed00000|100%| E|CS|TAMS 0x000000008ec00000, 0x000000008ec00000| Complete 
| 237|0x000000008ed00000, 0x000000008ee00000, 0x000000008ee00000|100%| E|CS|TAMS 0x000000008ed00000, 0x000000008ed00000| Complete 
| 238|0x000000008ee00000, 0x000000008ef00000, 0x000000008ef00000|100%| E|CS|TAMS 0x000000008ee00000, 0x000000008ee00000| Complete 
| 239|0x000000008ef00000, 0x000000008f000000, 0x000000008f000000|100%| E|CS|TAMS 0x000000008ef00000, 0x000000008ef00000| Complete 
| 240|0x000000008f000000, 0x000000008f100000, 0x000000008f100000|100%| E|CS|TAMS 0x000000008f000000, 0x000000008f000000| Complete 
| 241|0x000000008f100000, 0x000000008f200000, 0x000000008f200000|100%| E|  |TAMS 0x000000008f100000, 0x000000008f100000| Complete 
| 242|0x000000008f200000, 0x000000008f300000, 0x000000008f300000|100%| E|CS|TAMS 0x000000008f200000, 0x000000008f200000| Complete 
| 243|0x000000008f300000, 0x000000008f400000, 0x000000008f400000|100%| E|CS|TAMS 0x000000008f300000, 0x000000008f300000| Complete 
| 244|0x000000008f400000, 0x000000008f500000, 0x000000008f500000|100%| E|CS|TAMS 0x000000008f400000, 0x000000008f400000| Complete 
| 245|0x000000008f500000, 0x000000008f600000, 0x000000008f600000|100%| E|CS|TAMS 0x000000008f500000, 0x000000008f500000| Complete 
| 246|0x000000008f600000, 0x000000008f700000, 0x000000008f700000|100%| E|CS|TAMS 0x000000008f600000, 0x000000008f600000| Complete 
| 247|0x000000008f700000, 0x000000008f800000, 0x000000008f800000|100%| E|CS|TAMS 0x000000008f700000, 0x000000008f700000| Complete 
| 248|0x000000008f800000, 0x000000008f900000, 0x000000008f900000|100%| E|CS|TAMS 0x000000008f800000, 0x000000008f800000| Complete 
| 249|0x000000008f900000, 0x000000008fa00000, 0x000000008fa00000|100%| E|CS|TAMS 0x000000008f900000, 0x000000008f900000| Complete 
| 250|0x000000008fa00000, 0x000000008fb00000, 0x000000008fb00000|100%| E|CS|TAMS 0x000000008fa00000, 0x000000008fa00000| Complete 
| 251|0x000000008fb00000, 0x000000008fc00000, 0x000000008fc00000|100%| E|CS|TAMS 0x000000008fb00000, 0x000000008fb00000| Complete 
| 252|0x000000008fc00000, 0x000000008fd00000, 0x000000008fd00000|100%| E|CS|TAMS 0x000000008fc00000, 0x000000008fc00000| Complete 
| 253|0x000000008fd00000, 0x000000008fe00000, 0x000000008fe00000|100%| E|CS|TAMS 0x000000008fd00000, 0x000000008fd00000| Complete 
| 254|0x000000008fe00000, 0x000000008ff00000, 0x000000008ff00000|100%| E|CS|TAMS 0x000000008fe00000, 0x000000008fe00000| Complete 
| 255|0x000000008ff00000, 0x0000000090000000, 0x0000000090000000|100%| E|CS|TAMS 0x000000008ff00000, 0x000000008ff00000| Complete 
| 256|0x0000000090000000, 0x0000000090100000, 0x0000000090100000|100%| E|CS|TAMS 0x0000000090000000, 0x0000000090000000| Complete 
| 257|0x0000000090100000, 0x0000000090200000, 0x0000000090200000|100%| E|CS|TAMS 0x0000000090100000, 0x0000000090100000| Complete 
| 258|0x0000000090200000, 0x0000000090300000, 0x0000000090300000|100%| E|CS|TAMS 0x0000000090200000, 0x0000000090200000| Complete 
| 259|0x0000000090300000, 0x0000000090400000, 0x0000000090400000|100%| E|CS|TAMS 0x0000000090300000, 0x0000000090300000| Complete 
| 260|0x0000000090400000, 0x0000000090500000, 0x0000000090500000|100%| E|CS|TAMS 0x0000000090400000, 0x0000000090400000| Complete 
| 261|0x0000000090500000, 0x0000000090600000, 0x0000000090600000|100%| E|CS|TAMS 0x0000000090500000, 0x0000000090500000| Complete 
| 262|0x0000000090600000, 0x0000000090700000, 0x0000000090700000|100%| E|CS|TAMS 0x0000000090600000, 0x0000000090600000| Complete 
| 263|0x0000000090700000, 0x0000000090800000, 0x0000000090800000|100%| E|CS|TAMS 0x0000000090700000, 0x0000000090700000| Complete 
| 264|0x0000000090800000, 0x0000000090900000, 0x0000000090900000|100%| E|CS|TAMS 0x0000000090800000, 0x0000000090800000| Complete 
| 265|0x0000000090900000, 0x0000000090a00000, 0x0000000090a00000|100%| E|CS|TAMS 0x0000000090900000, 0x0000000090900000| Complete 
| 266|0x0000000090a00000, 0x0000000090b00000, 0x0000000090b00000|100%| E|CS|TAMS 0x0000000090a00000, 0x0000000090a00000| Complete 
| 267|0x0000000090b00000, 0x0000000090c00000, 0x0000000090c00000|100%| E|CS|TAMS 0x0000000090b00000, 0x0000000090b00000| Complete 
| 268|0x0000000090c00000, 0x0000000090d00000, 0x0000000090d00000|100%| E|CS|TAMS 0x0000000090c00000, 0x0000000090c00000| Complete 
| 269|0x0000000090d00000, 0x0000000090e00000, 0x0000000090e00000|100%| E|CS|TAMS 0x0000000090d00000, 0x0000000090d00000| Complete 
| 270|0x0000000090e00000, 0x0000000090f00000, 0x0000000090f00000|100%| E|CS|TAMS 0x0000000090e00000, 0x0000000090e00000| Complete 
| 271|0x0000000090f00000, 0x0000000091000000, 0x0000000091000000|100%| E|CS|TAMS 0x0000000090f00000, 0x0000000090f00000| Complete 
| 272|0x0000000091000000, 0x0000000091100000, 0x0000000091100000|100%| E|CS|TAMS 0x0000000091000000, 0x0000000091000000| Complete 
| 273|0x0000000091100000, 0x0000000091200000, 0x0000000091200000|100%| E|CS|TAMS 0x0000000091100000, 0x0000000091100000| Complete 
| 274|0x0000000091200000, 0x0000000091300000, 0x0000000091300000|100%| E|CS|TAMS 0x0000000091200000, 0x0000000091200000| Complete 
| 275|0x0000000091300000, 0x0000000091400000, 0x0000000091400000|100%| E|CS|TAMS 0x0000000091300000, 0x0000000091300000| Complete 

Card table byte_map: [0x0000017f9dee0000,0x0000017f9e2e0000] _byte_map_base: 0x0000017f9dae0000

Marking Bits (Prev, Next): (CMBitMap*) 0x0000017f87017a30, (CMBitMap*) 0x0000017f87017a70
 Prev Bits: [0x0000017f9e6e0000, 0x0000017fa06e0000)
 Next Bits: [0x0000017fa06e0000, 0x0000017fa26e0000)

Polling page: 0x0000017f84d60000

Metaspace:

Usage:
  Non-class:     87.85 MB used.
      Class:     14.32 MB used.
       Both:    102.16 MB used.

Virtual space:
  Non-class space:      128.00 MB reserved,      88.44 MB ( 69%) committed,  2 nodes.
      Class space:      416.00 MB reserved,      14.81 MB (  4%) committed,  1 nodes.
             Both:      544.00 MB reserved,     103.25 MB ( 19%) committed. 

Chunk freelists:
   Non-Class:  7.02 MB
       Class:  1.20 MB
        Both:  8.22 MB

MaxMetaspaceSize: 512.00 MB
CompressedClassSpaceSize: 416.00 MB
Initial GC threshold: 21.00 MB
Current GC threshold: 107.81 MB
CDS: on
MetaspaceReclaimPolicy: balanced
 - commit_granule_bytes: 65536.
 - commit_granule_words: 8192.
 - virtual_space_node_default_size: 8388608.
 - enlarge_chunks_in_place: 1.
 - new_chunks_are_fully_committed: 0.
 - uncommit_free_chunks: 1.
 - use_allocation_guard: 0.
 - handle_deallocations: 1.


Internal statistics:

num_allocs_failed_limit: 6.
num_arena_births: 1466.
num_arena_deaths: 0.
num_vsnodes_births: 3.
num_vsnodes_deaths: 0.
num_space_committed: 1652.
num_space_uncommitted: 0.
num_chunks_returned_to_freelist: 6.
num_chunks_taken_from_freelist: 6225.
num_chunk_merges: 6.
num_chunk_splits: 3953.
num_chunks_enlarged: 2457.
num_inconsistent_stats: 0.

CodeHeap 'non-profiled nmethods': size=120000Kb used=9003Kb max_used=9003Kb free=110996Kb
 bounds [0x0000017f965b0000, 0x0000017f96e80000, 0x0000017f9dae0000]
CodeHeap 'profiled nmethods': size=120000Kb used=24498Kb max_used=24920Kb free=95501Kb
 bounds [0x0000017f8eae0000, 0x0000017f90340000, 0x0000017f96010000]
CodeHeap 'non-nmethods': size=5760Kb used=2453Kb max_used=2501Kb free=3306Kb
 bounds [0x0000017f96010000, 0x0000017f962a0000, 0x0000017f965b0000]
 total_blobs=13370 nmethods=12390 adapters=890
 compilation: enabled
              stopped_count=0, restarted_count=0
 full_count=0

Compilation events (20 events):
Event: 69.913 Thread 0x0000017fa4bacea0 nmethod 14726 0x0000017f96e74090 code [0x0000017f96e74200, 0x0000017f96e74318]
Event: 69.913 Thread 0x0000017fa4bacea0 14725       4       org.gradle.internal.hash.HashCode$HashCode128::toByteArray (26 bytes)
Event: 69.915 Thread 0x0000017fa4bacea0 nmethod 14725 0x0000017f96e74410 code [0x0000017f96e745a0, 0x0000017f96e747b8]
Event: 69.915 Thread 0x0000017fa4bacea0 14724       4       org.gradle.api.internal.artifacts.transform.AbstractTransformExecution::emitIdentifyTransformExecutionProgressDetails (33 bytes)
Event: 69.948 Thread 0x0000017fa4bacea0 nmethod 14724 0x0000017f96e74890 code [0x0000017f96e74b40, 0x0000017f96e75d50]
Event: 70.300 Thread 0x0000017fa4bacea0 14727       4       com.google.common.io.Files::getNameWithoutExtension (40 bytes)
Event: 70.311 Thread 0x0000017fa4bb0970 14731       3       java.nio.MappedByteBuffer::flip (5 bytes)
Event: 70.311 Thread 0x0000017fa4bb0970 nmethod 14731 0x0000017f8eda4790 code [0x0000017f8eda4940, 0x0000017f8eda4b78]
Event: 70.312 Thread 0x0000017fa4bacea0 nmethod 14727 0x0000017f96e76d90 code [0x0000017f96e76f60, 0x0000017f96e77998]
Event: 70.312 Thread 0x0000017fa4bacea0 14730       4       java.io.File::getAbsolutePath (8 bytes)
Event: 70.313 Thread 0x0000017fa4bacea0 nmethod 14730 0x0000017f96e78010 code [0x0000017f96e781a0, 0x0000017f96e78248]
Event: 70.313 Thread 0x0000017fa4bacea0 14729       4       org.gradle.api.internal.initialization.transform.utils.InstrumentationClasspathMerger$OriginalArtifactIdentifier::hashCode (22 bytes)
Event: 70.315 Thread 0x0000017fa4bacea0 nmethod 14729 0x0000017f96e78310 code [0x0000017f96e784a0, 0x0000017f96e78658]
Event: 70.315 Thread 0x0000017fa4bacea0 14728       4       org.gradle.internal.component.model.DefaultIvyArtifactName::forFileName (22 bytes)
Event: 70.358 Thread 0x0000017fa4bacea0 nmethod 14728 0x0000017f96e78790 code [0x0000017f96e789c0, 0x0000017f96e79f20]
Event: 72.134 Thread 0x0000017fa4bb0970 14732       3       java.io.FilePermission::<init> (14 bytes)
Event: 72.135 Thread 0x0000017fa4bb0970 nmethod 14732 0x0000017f8eda4210 code [0x0000017f8eda43e0, 0x0000017f8eda4678]
Event: 72.137 Thread 0x0000017fa4bb0970 14733       3       org.gradle.internal.instantiation.generator.AsmBackedClassGenerator$NoOpBuilder::applyConventionMappingToProperty (1 bytes)
Event: 72.137 Thread 0x0000017fa4bb0970 nmethod 14733 0x0000017f8fd6d310 code [0x0000017f8fd6d4a0, 0x0000017f8fd6d5b8]
Event: 72.140 Thread 0x0000017fa4bacea0 14734 %     4       org.codehaus.groovy.runtime.metaclass.MetaMethodIndex::copyMethodsToSuper @ 29 (91 bytes)

GC Heap History (20 events):
Event: 58.914 GC heap before
{Heap before GC invocations=49 (full 0):
 garbage-first heap   total 224256K, used 189306K [0x0000000080000000, 0x0000000100000000)
  region size 1024K, 28 young (28672K), 3 survivors (3072K)
 Metaspace       used 100629K, committed 101696K, reserved 557056K
  class space    used 14139K, committed 14656K, reserved 425984K
}
Event: 58.921 GC heap after
{Heap after GC invocations=50 (full 0):
 garbage-first heap   total 224256K, used 165033K [0x0000000080000000, 0x0000000100000000)
  region size 1024K, 4 young (4096K), 4 survivors (4096K)
 Metaspace       used 100629K, committed 101696K, reserved 557056K
  class space    used 14139K, committed 14656K, reserved 425984K
}
Event: 60.972 GC heap before
{Heap before GC invocations=50 (full 0):
 garbage-first heap   total 224256K, used 190633K [0x0000000080000000, 0x0000000100000000)
  region size 1024K, 29 young (29696K), 4 survivors (4096K)
 Metaspace       used 101922K, committed 103040K, reserved 557056K
  class space    used 14326K, committed 14848K, reserved 425984K
}
Event: 60.980 GC heap after
{Heap after GC invocations=51 (full 0):
 garbage-first heap   total 224256K, used 166491K [0x0000000080000000, 0x0000000100000000)
  region size 1024K, 3 young (3072K), 3 survivors (3072K)
 Metaspace       used 101922K, committed 103040K, reserved 557056K
  class space    used 14326K, committed 14848K, reserved 425984K
}
Event: 62.935 GC heap before
{Heap before GC invocations=51 (full 0):
 garbage-first heap   total 224256K, used 191067K [0x0000000080000000, 0x0000000100000000)
  region size 1024K, 28 young (28672K), 3 survivors (3072K)
 Metaspace       used 103288K, committed 104384K, reserved 557056K
  class space    used 14493K, committed 14976K, reserved 425984K
}
Event: 62.943 GC heap after
{Heap after GC invocations=52 (full 0):
 garbage-first heap   total 224256K, used 167799K [0x0000000080000000, 0x0000000100000000)
  region size 1024K, 3 young (3072K), 3 survivors (3072K)
 Metaspace       used 103288K, committed 104384K, reserved 557056K
  class space    used 14493K, committed 14976K, reserved 425984K
}
Event: 64.011 GC heap before
{Heap before GC invocations=52 (full 0):
 garbage-first heap   total 224256K, used 192375K [0x0000000080000000, 0x0000000100000000)
  region size 1024K, 27 young (27648K), 3 survivors (3072K)
 Metaspace       used 104352K, committed 105472K, reserved 557056K
  class space    used 14635K, committed 15168K, reserved 425984K
}
Event: 64.024 GC heap after
{Heap after GC invocations=53 (full 0):
 garbage-first heap   total 224256K, used 170399K [0x0000000080000000, 0x0000000100000000)
  region size 1024K, 4 young (4096K), 4 survivors (4096K)
 Metaspace       used 104352K, committed 105472K, reserved 557056K
  class space    used 14635K, committed 15168K, reserved 425984K
}
Event: 64.403 GC heap before
{Heap before GC invocations=53 (full 0):
 garbage-first heap   total 224256K, used 193951K [0x0000000080000000, 0x0000000100000000)
  region size 1024K, 27 young (27648K), 4 survivors (4096K)
 Metaspace       used 104409K, committed 105536K, reserved 557056K
  class space    used 14641K, committed 15168K, reserved 425984K
}
Event: 64.415 GC heap after
{Heap after GC invocations=54 (full 0):
 garbage-first heap   total 224256K, used 174525K [0x0000000080000000, 0x0000000100000000)
  region size 1024K, 4 young (4096K), 4 survivors (4096K)
 Metaspace       used 104409K, committed 105536K, reserved 557056K
  class space    used 14641K, committed 15168K, reserved 425984K
}
Event: 64.779 GC heap before
{Heap before GC invocations=54 (full 0):
 garbage-first heap   total 224256K, used 193981K [0x0000000080000000, 0x0000000100000000)
  region size 1024K, 23 young (23552K), 4 survivors (4096K)
 Metaspace       used 104437K, committed 105536K, reserved 557056K
  class space    used 14643K, committed 15168K, reserved 425984K
}
Event: 64.787 GC heap after
{Heap after GC invocations=55 (full 0):
 garbage-first heap   total 224256K, used 178176K [0x0000000080000000, 0x0000000100000000)
  region size 1024K, 3 young (3072K), 3 survivors (3072K)
 Metaspace       used 104437K, committed 105536K, reserved 557056K
  class space    used 14643K, committed 15168K, reserved 425984K
}
Event: 64.950 GC heap before
{Heap before GC invocations=55 (full 0):
 garbage-first heap   total 224256K, used 194560K [0x0000000080000000, 0x0000000100000000)
  region size 1024K, 19 young (19456K), 3 survivors (3072K)
 Metaspace       used 104457K, committed 105536K, reserved 557056K
  class space    used 14643K, committed 15168K, reserved 425984K
}
Event: 64.958 GC heap after
{Heap after GC invocations=56 (full 0):
 garbage-first heap   total 224256K, used 181457K [0x0000000080000000, 0x0000000100000000)
  region size 1024K, 3 young (3072K), 3 survivors (3072K)
 Metaspace       used 104457K, committed 105536K, reserved 557056K
  class space    used 14643K, committed 15168K, reserved 425984K
}
Event: 65.125 GC heap before
{Heap before GC invocations=56 (full 0):
 garbage-first heap   total 224256K, used 194769K [0x0000000080000000, 0x0000000100000000)
  region size 1024K, 16 young (16384K), 3 survivors (3072K)
 Metaspace       used 104501K, committed 105600K, reserved 557056K
  class space    used 14646K, committed 15168K, reserved 425984K
}
Event: 65.133 GC heap after
{Heap after GC invocations=57 (full 0):
 garbage-first heap   total 224256K, used 184124K [0x0000000080000000, 0x0000000100000000)
  region size 1024K, 2 young (2048K), 2 survivors (2048K)
 Metaspace       used 104501K, committed 105600K, reserved 557056K
  class space    used 14646K, committed 15168K, reserved 425984K
}
Event: 65.625 GC heap before
{Heap before GC invocations=57 (full 0):
 garbage-first heap   total 224256K, used 195388K [0x0000000080000000, 0x0000000100000000)
  region size 1024K, 13 young (13312K), 2 survivors (2048K)
 Metaspace       used 104549K, committed 105600K, reserved 557056K
  class space    used 14651K, committed 15168K, reserved 425984K
}
Event: 65.636 GC heap after
{Heap after GC invocations=58 (full 0):
 garbage-first heap   total 282624K, used 186030K [0x0000000080000000, 0x0000000100000000)
  region size 1024K, 2 young (2048K), 2 survivors (2048K)
 Metaspace       used 104549K, committed 105600K, reserved 557056K
  class space    used 14651K, committed 15168K, reserved 425984K
}
Event: 68.906 GC heap before
{Heap before GC invocations=58 (full 0):
 garbage-first heap   total 282624K, used 232110K [0x0000000080000000, 0x0000000100000000)
  region size 1024K, 48 young (49152K), 2 survivors (2048K)
 Metaspace       used 104549K, committed 105600K, reserved 557056K
  class space    used 14651K, committed 15168K, reserved 425984K
}
Event: 68.913 GC heap after
{Heap after GC invocations=59 (full 0):
 garbage-first heap   total 282624K, used 188501K [0x0000000080000000, 0x0000000100000000)
  region size 1024K, 5 young (5120K), 5 survivors (5120K)
 Metaspace       used 104549K, committed 105600K, reserved 557056K
  class space    used 14651K, committed 15168K, reserved 425984K
}

Dll operation events (15 events):
Event: 0.028 Loaded shared library C:\Program Files\Microsoft\jdk-17.0.12.7-hotspot\bin\java.dll
Event: 0.057 Loaded shared library C:\Program Files\Microsoft\jdk-17.0.12.7-hotspot\bin\jsvml.dll
Event: 0.163 Loaded shared library C:\Program Files\Microsoft\jdk-17.0.12.7-hotspot\bin\zip.dll
Event: 0.167 Loaded shared library C:\Program Files\Microsoft\jdk-17.0.12.7-hotspot\bin\instrument.dll
Event: 0.174 Loaded shared library C:\Program Files\Microsoft\jdk-17.0.12.7-hotspot\bin\net.dll
Event: 0.177 Loaded shared library C:\Program Files\Microsoft\jdk-17.0.12.7-hotspot\bin\nio.dll
Event: 0.181 Loaded shared library C:\Program Files\Microsoft\jdk-17.0.12.7-hotspot\bin\zip.dll
Event: 0.945 Loaded shared library C:\Program Files\Microsoft\jdk-17.0.12.7-hotspot\bin\jimage.dll
Event: 1.325 Loaded shared library C:\Program Files\Microsoft\jdk-17.0.12.7-hotspot\bin\verify.dll
Event: 1.773 Loaded shared library C:\Users\halic\.gradle\native\c067742578af261105cb4f569cf0c3c89f3d7b1fecec35dd04571415982c5e48\windows-amd64\native-platform.dll
Event: 1.862 Loaded shared library C:\Users\halic\.gradle\native\100fb08df4bc3b14c8652ba06237920a3bd2aa13389f12d3474272988ae205f9\windows-amd64\native-platform-file-events.dll
Event: 5.132 Loaded shared library C:\Program Files\Microsoft\jdk-17.0.12.7-hotspot\bin\management.dll
Event: 5.139 Loaded shared library C:\Program Files\Microsoft\jdk-17.0.12.7-hotspot\bin\management_ext.dll
Event: 5.760 Loaded shared library C:\Program Files\Microsoft\jdk-17.0.12.7-hotspot\bin\extnet.dll
Event: 6.502 Loaded shared library C:\Program Files\Microsoft\jdk-17.0.12.7-hotspot\bin\sunmscapi.dll

Deoptimization events (20 events):
Event: 65.608 Thread 0x0000017fc4cc9590 Uncommon trap: trap_request=0xffffffd6 fr.pc=0x0000017f96dc6848 relative=0x0000000000000788
Event: 65.608 Thread 0x0000017fc4cc9590 Uncommon trap: reason=array_check action=maybe_recompile pc=0x0000017f96dc6848 method=java.util.ComparableTimSort.binarySort([Ljava/lang/Object;III)V @ 215 c2
Event: 65.608 Thread 0x0000017fc4cc9590 DEOPT PACKING pc=0x0000017f96dc6848 sp=0x0000002fbcbf7f40
Event: 65.608 Thread 0x0000017fc4cc9590 DEOPT UNPACKING pc=0x0000017f9606a1a3 sp=0x0000002fbcbf7ee0 mode 2
Event: 65.608 Thread 0x0000017fc4cc9590 Uncommon trap: trap_request=0xffffffd6 fr.pc=0x0000017f96dc6a50 relative=0x0000000000000990
Event: 65.608 Thread 0x0000017fc4cc9590 Uncommon trap: reason=array_check action=maybe_recompile pc=0x0000017f96dc6a50 method=java.util.ComparableTimSort.binarySort([Ljava/lang/Object;III)V @ 183 c2
Event: 65.608 Thread 0x0000017fc4cc9590 DEOPT PACKING pc=0x0000017f96dc6a50 sp=0x0000002fbcbf7f40
Event: 65.608 Thread 0x0000017fc4cc9590 DEOPT UNPACKING pc=0x0000017f9606a1a3 sp=0x0000002fbcbf7ee0 mode 2
Event: 65.608 Thread 0x0000017fc4cc9590 Uncommon trap: trap_request=0xffffffd6 fr.pc=0x0000017f96dc6848 relative=0x0000000000000788
Event: 65.608 Thread 0x0000017fc4cc9590 Uncommon trap: reason=array_check action=maybe_recompile pc=0x0000017f96dc6848 method=java.util.ComparableTimSort.binarySort([Ljava/lang/Object;III)V @ 215 c2
Event: 65.608 Thread 0x0000017fc4cc9590 DEOPT PACKING pc=0x0000017f96dc6848 sp=0x0000002fbcbf7f40
Event: 65.608 Thread 0x0000017fc4cc9590 DEOPT UNPACKING pc=0x0000017f9606a1a3 sp=0x0000002fbcbf7ee0 mode 2
Event: 65.608 Thread 0x0000017fc4cc9590 Uncommon trap: trap_request=0xffffffd6 fr.pc=0x0000017f96dc697c relative=0x00000000000008bc
Event: 65.608 Thread 0x0000017fc4cc9590 Uncommon trap: reason=array_check action=maybe_recompile pc=0x0000017f96dc697c method=java.util.ComparableTimSort.binarySort([Ljava/lang/Object;III)V @ 193 c2
Event: 65.608 Thread 0x0000017fc4cc9590 DEOPT PACKING pc=0x0000017f96dc697c sp=0x0000002fbcbf7f40
Event: 65.608 Thread 0x0000017fc4cc9590 DEOPT UNPACKING pc=0x0000017f9606a1a3 sp=0x0000002fbcbf7ee0 mode 2
Event: 65.608 Thread 0x0000017fc4cc9590 Uncommon trap: trap_request=0xffffffd6 fr.pc=0x0000017f96dc6a50 relative=0x0000000000000990
Event: 65.608 Thread 0x0000017fc4cc9590 Uncommon trap: reason=array_check action=maybe_recompile pc=0x0000017f96dc6a50 method=java.util.ComparableTimSort.binarySort([Ljava/lang/Object;III)V @ 183 c2
Event: 65.608 Thread 0x0000017fc4cc9590 DEOPT PACKING pc=0x0000017f96dc6a50 sp=0x0000002fbcbf7f40
Event: 65.608 Thread 0x0000017fc4cc9590 DEOPT UNPACKING pc=0x0000017f9606a1a3 sp=0x0000002fbcbf7ee0 mode 2

Classes loaded (20 events):
Event: 56.507 Loading class java/io/SerialCallbackContext
Event: 56.507 Loading class java/io/SerialCallbackContext done
Event: 56.961 Loading class java/util/AbstractList$RandomAccessSubList
Event: 56.963 Loading class java/util/AbstractList$SubList
Event: 56.966 Loading class java/util/AbstractList$SubList done
Event: 56.966 Loading class java/util/AbstractList$RandomAccessSubList done
Event: 56.967 Loading class java/util/AbstractList$SubList$1
Event: 56.967 Loading class java/util/AbstractList$SubList$1 done
Event: 60.209 Loading class java/io/NotSerializableException
Event: 60.209 Loading class java/io/NotSerializableException done
Event: 63.698 Loading class java/security/cert/CertificateEncodingException
Event: 63.699 Loading class java/security/cert/CertificateEncodingException done
Event: 64.666 Loading class java/beans/ParameterDescriptor
Event: 64.768 Loading class java/beans/ParameterDescriptor done
Event: 65.025 Loading class java/security/NoSuchProviderException
Event: 65.025 Loading class java/security/NoSuchProviderException done
Event: 65.025 Loading class java/security/SignatureException
Event: 65.026 Loading class java/security/SignatureException done
Event: 69.569 Loading class jdk/internal/misc/ScopedMemoryAccess$Scope$Handle
Event: 69.570 Loading class jdk/internal/misc/ScopedMemoryAccess$Scope$Handle done

Classes unloaded (0 events):
No events

Classes redefined (0 events):
No events

Internal exceptions (20 events):
Event: 65.172 Thread 0x0000017fc4cc9590 Exception <a 'java/lang/ClassNotFoundException'{0x000000008d9c27f0}: com/android/build/gradle/tasks/VerifyLibraryResourcesTask_DecoratedBeanInfo> (0x000000008d9c27f0) 
thrown [s\src\hotspot\share\classfile\systemDictionary.cpp, line 256]
Event: 65.173 Thread 0x0000017fc4cc9590 Exception <a 'java/lang/ClassNotFoundException'{0x000000008d9d1a20}: com/android/build/gradle/tasks/VerifyLibraryResourcesTaskBeanInfo> (0x000000008d9d1a20) 
thrown [s\src\hotspot\share\classfile\systemDictionary.cpp, line 256]
Event: 65.173 Thread 0x0000017fc4cc9590 Exception <a 'java/lang/ClassNotFoundException'{0x000000008d9e0978}: com/android/build/gradle/tasks/VerifyLibraryResourcesTaskCustomizer> (0x000000008d9e0978) 
thrown [s\src\hotspot\share\classfile\systemDictionary.cpp, line 256]
Event: 65.174 Thread 0x0000017fc4cc9590 Exception <a 'java/lang/ClassNotFoundException'{0x000000008d80a718}: com/android/build/gradle/tasks/VerifyLibraryResourcesTask_DecoratedCustomizer> (0x000000008d80a718) 
thrown [s\src\hotspot\share\classfile\systemDictionary.cpp, line 256]
Event: 65.191 Thread 0x0000017fc4cc9590 Exception <a 'java/lang/ClassNotFoundException'{0x000000008d8a41d8}: com/android/build/gradle/internal/tasks/AarMetadataTask_DecoratedBeanInfo> (0x000000008d8a41d8) 
thrown [s\src\hotspot\share\classfile\systemDictionary.cpp, line 256]
Event: 65.192 Thread 0x0000017fc4cc9590 Exception <a 'java/lang/ClassNotFoundException'{0x000000008d8b3740}: com/android/build/gradle/internal/tasks/AarMetadataTaskBeanInfo> (0x000000008d8b3740) 
thrown [s\src\hotspot\share\classfile\systemDictionary.cpp, line 256]
Event: 65.199 Thread 0x0000017fc4cc9590 Exception <a 'java/lang/ClassNotFoundException'{0x000000008d8c24f0}: com/android/build/gradle/internal/tasks/AarMetadataTaskCustomizer> (0x000000008d8c24f0) 
thrown [s\src\hotspot\share\classfile\systemDictionary.cpp, line 256]
Event: 65.201 Thread 0x0000017fc4cc9590 Exception <a 'java/lang/ClassNotFoundException'{0x000000008d8eef00}: com/android/build/gradle/internal/tasks/AarMetadataTask_DecoratedCustomizer> (0x000000008d8eef00) 
thrown [s\src\hotspot\share\classfile\systemDictionary.cpp, line 256]
Event: 65.207 Thread 0x0000017fc4cc9590 Exception <a 'java/lang/ClassNotFoundException'{0x000000008d78ca00}: com/android/build/gradle/internal/tasks/SigningConfigVersionsWriterTask_DecoratedBeanInfo> (0x000000008d78ca00) 
thrown [s\src\hotspot\share\classfile\systemDictionary.cpp, line 256]
Event: 65.208 Thread 0x0000017fc4cc9590 Exception <a 'java/lang/ClassNotFoundException'{0x000000008d79bf98}: com/android/build/gradle/internal/tasks/SigningConfigVersionsWriterTaskBeanInfo> (0x000000008d79bf98) 
thrown [s\src\hotspot\share\classfile\systemDictionary.cpp, line 256]
Event: 65.208 Thread 0x0000017fc4cc9590 Exception <a 'java/lang/ClassNotFoundException'{0x000000008d7ab280}: com/android/build/gradle/internal/tasks/SigningConfigVersionsWriterTaskCustomizer> (0x000000008d7ab280) 
thrown [s\src\hotspot\share\classfile\systemDictionary.cpp, line 256]
Event: 65.213 Thread 0x0000017fc4cc9590 Exception <a 'java/lang/ClassNotFoundException'{0x000000008d7d4b50}: com/android/build/gradle/internal/tasks/SigningConfigVersionsWriterTask_DecoratedCustomizer> (0x000000008d7d4b50) 
thrown [s\src\hotspot\share\classfile\systemDictionary.cpp, line 256]
Event: 65.220 Thread 0x0000017fc4cc9590 Exception <a 'java/lang/ClassNotFoundException'{0x000000008d66bed0}: com/android/build/gradle/internal/tasks/LintModelMetadataTask_DecoratedBeanInfo> (0x000000008d66bed0) 
thrown [s\src\hotspot\share\classfile\systemDictionary.cpp, line 256]
Event: 65.220 Thread 0x0000017fc4cc9590 Exception <a 'java/lang/ClassNotFoundException'{0x000000008d67b540}: com/android/build/gradle/internal/tasks/LintModelMetadataTaskBeanInfo> (0x000000008d67b540) 
thrown [s\src\hotspot\share\classfile\systemDictionary.cpp, line 256]
Event: 65.221 Thread 0x0000017fc4cc9590 Exception <a 'java/lang/ClassNotFoundException'{0x000000008d68a3f8}: com/android/build/gradle/internal/tasks/LintModelMetadataTaskCustomizer> (0x000000008d68a3f8) 
thrown [s\src\hotspot\share\classfile\systemDictionary.cpp, line 256]
Event: 65.222 Thread 0x0000017fc4cc9590 Exception <a 'java/lang/ClassNotFoundException'{0x000000008d6ae438}: com/android/build/gradle/internal/tasks/LintModelMetadataTask_DecoratedCustomizer> (0x000000008d6ae438) 
thrown [s\src\hotspot\share\classfile\systemDictionary.cpp, line 256]
Event: 65.382 Thread 0x0000017fc4cc9590 Exception <a 'java/lang/ClassNotFoundException'{0x000000008d5ce128}: build_1ut2h2ayufwxkk4sqjhprqswxBeanInfo> (0x000000008d5ce128) 
thrown [s\src\hotspot\share\classfile\systemDictionary.cpp, line 256]
Event: 65.383 Thread 0x0000017fc4cc9590 Exception <a 'java/lang/ClassNotFoundException'{0x000000008d5d5418}: build_1ut2h2ayufwxkk4sqjhprqswxCustomizer> (0x000000008d5d5418) 
thrown [s\src\hotspot\share\classfile\systemDictionary.cpp, line 256]
Event: 72.143 Thread 0x0000017fc4cc9590 Exception <a 'java/lang/ClassNotFoundException'{0x000000008edfd5b8}: build_1ut2h2ayufwxkk4sqjhprqswxBeanInfo> (0x000000008edfd5b8) 
thrown [s\src\hotspot\share\classfile\systemDictionary.cpp, line 256]
Event: 72.146 Thread 0x0000017fc4cc9590 Exception <a 'java/lang/ClassNotFoundException'{0x000000008ec04cc8}: build_1ut2h2ayufwxkk4sqjhprqswxCustomizer> (0x000000008ec04cc8) 
thrown [s\src\hotspot\share\classfile\systemDictionary.cpp, line 256]

VM Operations (20 events):
Event: 64.403 Executing VM operation: G1CollectForAllocation
Event: 64.415 Executing VM operation: G1CollectForAllocation done
Event: 64.779 Executing VM operation: G1CollectForAllocation
Event: 64.787 Executing VM operation: G1CollectForAllocation done
Event: 64.950 Executing VM operation: G1CollectForAllocation
Event: 64.958 Executing VM operation: G1CollectForAllocation done
Event: 65.125 Executing VM operation: G1CollectForAllocation
Event: 65.133 Executing VM operation: G1CollectForAllocation done
Event: 65.625 Executing VM operation: G1CollectForAllocation
Event: 65.636 Executing VM operation: G1CollectForAllocation done
Event: 66.637 Executing VM operation: Cleanup
Event: 66.637 Executing VM operation: Cleanup done
Event: 67.655 Executing VM operation: Cleanup
Event: 67.656 Executing VM operation: Cleanup done
Event: 68.906 Executing VM operation: G1CollectForAllocation
Event: 68.914 Executing VM operation: G1CollectForAllocation done
Event: 69.921 Executing VM operation: Cleanup
Event: 69.921 Executing VM operation: Cleanup done
Event: 70.923 Executing VM operation: Cleanup
Event: 70.923 Executing VM operation: Cleanup done

Events (20 events):
Event: 56.306 Thread 0x0000017fc40187f0 flushing nmethod 0x0000017f90072a90
Event: 56.306 Thread 0x0000017fc40187f0 flushing nmethod 0x0000017f90074490
Event: 56.306 Thread 0x0000017fc40187f0 flushing nmethod 0x0000017f90075190
Event: 56.306 Thread 0x0000017fc40187f0 flushing nmethod 0x0000017f900c7b10
Event: 56.306 Thread 0x0000017fc40187f0 flushing nmethod 0x0000017f900cb210
Event: 56.306 Thread 0x0000017fc40187f0 flushing nmethod 0x0000017f900e2110
Event: 56.306 Thread 0x0000017fc40187f0 flushing nmethod 0x0000017f900e8010
Event: 56.306 Thread 0x0000017fc40187f0 flushing nmethod 0x0000017f900e8610
Event: 56.306 Thread 0x0000017fc40187f0 flushing nmethod 0x0000017f900e8e90
Event: 56.306 Thread 0x0000017fc40187f0 flushing nmethod 0x0000017f900f2e90
Event: 56.306 Thread 0x0000017fc40187f0 flushing nmethod 0x0000017f9011a310
Event: 56.306 Thread 0x0000017fc40187f0 flushing nmethod 0x0000017f90126410
Event: 56.306 Thread 0x0000017fc40187f0 flushing nmethod 0x0000017f90126790
Event: 56.306 Thread 0x0000017fc40187f0 flushing nmethod 0x0000017f9014ca90
Event: 56.306 Thread 0x0000017fc40187f0 flushing nmethod 0x0000017f90161510
Event: 56.307 Thread 0x0000017fc40187f0 flushing nmethod 0x0000017f901e1b90
Event: 56.307 Thread 0x0000017fc40187f0 flushing nmethod 0x0000017f901e5b10
Event: 56.307 Thread 0x0000017fc40187f0 flushing nmethod 0x0000017f90209590
Event: 56.307 Thread 0x0000017fc40187f0 flushing nmethod 0x0000017f90232f90
Event: 56.307 Thread 0x0000017fc40187f0 flushing nmethod 0x0000017f90284910


Dynamic libraries:
0x00007ff6b44e0000 - 0x00007ff6b44ee000 	C:\Program Files\Microsoft\jdk-17.0.12.7-hotspot\bin\java.exe
0x00007ffb4acd0000 - 0x00007ffb4aee7000 	C:\WINDOWS\SYSTEM32\ntdll.dll
0x00007ffb4a270000 - 0x00007ffb4a334000 	C:\WINDOWS\System32\KERNEL32.DLL
0x00007ffb47fe0000 - 0x00007ffb48397000 	C:\WINDOWS\System32\KERNELBASE.dll
0x00007ffb488e0000 - 0x00007ffb489f1000 	C:\WINDOWS\System32\ucrtbase.dll
0x00007ffb11480000 - 0x00007ffb11497000 	C:\Program Files\Microsoft\jdk-17.0.12.7-hotspot\bin\jli.dll
0x00007ffb4aae0000 - 0x00007ffb4ac8f000 	C:\WINDOWS\System32\USER32.dll
0x00007ffb111b0000 - 0x00007ffb111cd000 	C:\Program Files\Microsoft\jdk-17.0.12.7-hotspot\bin\VCRUNTIME140.dll
0x00007ffb486d0000 - 0x00007ffb486f6000 	C:\WINDOWS\System32\win32u.dll
0x00007ffb4aa10000 - 0x00007ffb4aa39000 	C:\WINDOWS\System32\GDI32.dll
0x00007ffb48530000 - 0x00007ffb48648000 	C:\WINDOWS\System32\gdi32full.dll
0x00007ffb48490000 - 0x00007ffb4852a000 	C:\WINDOWS\System32\msvcp_win.dll
0x00007ffb2d310000 - 0x00007ffb2d5a3000 	C:\WINDOWS\WinSxS\amd64_microsoft.windows.common-controls_6595b64144ccf1df_6.0.22621.3672_none_2713b9d173822955\COMCTL32.dll
0x00007ffb4a950000 - 0x00007ffb4a9f7000 	C:\WINDOWS\System32\msvcrt.dll
0x00007ffb4a660000 - 0x00007ffb4a691000 	C:\WINDOWS\System32\IMM32.DLL
0x00007ffb3b830000 - 0x00007ffb3b83c000 	C:\Program Files\Microsoft\jdk-17.0.12.7-hotspot\bin\vcruntime140_1.dll
0x00007ffae9b10000 - 0x00007ffae9b9d000 	C:\Program Files\Microsoft\jdk-17.0.12.7-hotspot\bin\msvcp140.dll
0x00007ffa7ba50000 - 0x00007ffa7c6c0000 	C:\Program Files\Microsoft\jdk-17.0.12.7-hotspot\bin\server\jvm.dll
0x00007ffb49840000 - 0x00007ffb498f2000 	C:\WINDOWS\System32\ADVAPI32.dll
0x00007ffb4a4b0000 - 0x00007ffb4a558000 	C:\WINDOWS\System32\sechost.dll
0x00007ffb483a0000 - 0x00007ffb483c8000 	C:\WINDOWS\System32\bcrypt.dll
0x00007ffb499c0000 - 0x00007ffb49ad4000 	C:\WINDOWS\System32\RPCRT4.dll
0x00007ffb4aa40000 - 0x00007ffb4aab1000 	C:\WINDOWS\System32\WS2_32.dll
0x00007ffb47e00000 - 0x00007ffb47e4d000 	C:\WINDOWS\SYSTEM32\POWRPROF.dll
0x00007ffb3f4d0000 - 0x00007ffb3f504000 	C:\WINDOWS\SYSTEM32\WINMM.dll
0x00007ffb3efd0000 - 0x00007ffb3efda000 	C:\WINDOWS\SYSTEM32\VERSION.dll
0x00007ffb47ce0000 - 0x00007ffb47cf3000 	C:\WINDOWS\SYSTEM32\UMPDC.dll
0x00007ffb46ff0000 - 0x00007ffb47008000 	C:\WINDOWS\SYSTEM32\kernel.appcore.dll
0x00007ffb31d90000 - 0x00007ffb31d9a000 	C:\Program Files\Microsoft\jdk-17.0.12.7-hotspot\bin\jimage.dll
0x00007ffb458c0000 - 0x00007ffb45af2000 	C:\WINDOWS\SYSTEM32\DBGHELP.DLL
0x00007ffb48a00000 - 0x00007ffb48d8e000 	C:\WINDOWS\System32\combase.dll
0x00007ffb4a6a0000 - 0x00007ffb4a777000 	C:\WINDOWS\System32\OLEAUT32.dll
0x00007ffb3e5d0000 - 0x00007ffb3e602000 	C:\WINDOWS\SYSTEM32\dbgcore.DLL
0x00007ffb48650000 - 0x00007ffb486cb000 	C:\WINDOWS\System32\bcryptPrimitives.dll
0x00007ffb0f4e0000 - 0x00007ffb0f4ee000 	C:\Program Files\Microsoft\jdk-17.0.12.7-hotspot\bin\instrument.dll
0x00007ffb0fc50000 - 0x00007ffb0fc75000 	C:\Program Files\Microsoft\jdk-17.0.12.7-hotspot\bin\java.dll
0x00007ffa9b7a0000 - 0x00007ffa9b877000 	C:\Program Files\Microsoft\jdk-17.0.12.7-hotspot\bin\jsvml.dll
0x00007ffb48de0000 - 0x00007ffb49649000 	C:\WINDOWS\System32\SHELL32.dll
0x00007ffb45f00000 - 0x00007ffb467ff000 	C:\WINDOWS\SYSTEM32\windows.storage.dll
0x00007ffb45dc0000 - 0x00007ffb45eff000 	C:\WINDOWS\SYSTEM32\wintypes.dll
0x00007ffb496b0000 - 0x00007ffb497a9000 	C:\WINDOWS\System32\SHCORE.dll
0x00007ffb49650000 - 0x00007ffb496ae000 	C:\WINDOWS\System32\shlwapi.dll
0x00007ffb47f10000 - 0x00007ffb47f37000 	C:\WINDOWS\SYSTEM32\profapi.dll
0x00007ffb0fb30000 - 0x00007ffb0fb48000 	C:\Program Files\Microsoft\jdk-17.0.12.7-hotspot\bin\zip.dll
0x00007ffb0fc20000 - 0x00007ffb0fc3a000 	C:\Program Files\Microsoft\jdk-17.0.12.7-hotspot\bin\net.dll
0x00007ffb405c0000 - 0x00007ffb406f6000 	C:\WINDOWS\SYSTEM32\WINHTTP.dll
0x00007ffb47460000 - 0x00007ffb474c9000 	C:\WINDOWS\system32\mswsock.dll
0x00007ffb0fc00000 - 0x00007ffb0fc16000 	C:\Program Files\Microsoft\jdk-17.0.12.7-hotspot\bin\nio.dll
0x00007ffb2b450000 - 0x00007ffb2b460000 	C:\Program Files\Microsoft\jdk-17.0.12.7-hotspot\bin\verify.dll
0x00007ffb0f9a0000 - 0x00007ffb0f9c7000 	C:\Users\halic\.gradle\native\c067742578af261105cb4f569cf0c3c89f3d7b1fecec35dd04571415982c5e48\windows-amd64\native-platform.dll
0x00007ffa8cec0000 - 0x00007ffa8d004000 	C:\Users\halic\.gradle\native\100fb08df4bc3b14c8652ba06237920a3bd2aa13389f12d3474272988ae205f9\windows-amd64\native-platform-file-events.dll
0x00007ffb0fbf0000 - 0x00007ffb0fbfa000 	C:\Program Files\Microsoft\jdk-17.0.12.7-hotspot\bin\management.dll
0x00007ffb0f8e0000 - 0x00007ffb0f8eb000 	C:\Program Files\Microsoft\jdk-17.0.12.7-hotspot\bin\management_ext.dll
0x00007ffb49830000 - 0x00007ffb49838000 	C:\WINDOWS\System32\PSAPI.DLL
0x00007ffb47690000 - 0x00007ffb476ab000 	C:\WINDOWS\SYSTEM32\CRYPTSP.dll
0x00007ffb46f50000 - 0x00007ffb46f85000 	C:\WINDOWS\system32\rsaenh.dll
0x00007ffb47520000 - 0x00007ffb47548000 	C:\WINDOWS\SYSTEM32\USERENV.dll
0x00007ffb47680000 - 0x00007ffb4768c000 	C:\WINDOWS\SYSTEM32\CRYPTBASE.dll
0x00007ffb46aa0000 - 0x00007ffb46acd000 	C:\WINDOWS\SYSTEM32\IPHLPAPI.DLL
0x00007ffb499b0000 - 0x00007ffb499b9000 	C:\WINDOWS\System32\NSI.dll
0x00007ffb3f400000 - 0x00007ffb3f419000 	C:\WINDOWS\SYSTEM32\dhcpcsvc6.DLL
0x00007ffb3f3e0000 - 0x00007ffb3f3ff000 	C:\WINDOWS\SYSTEM32\dhcpcsvc.DLL
0x00007ffb46ad0000 - 0x00007ffb46bd2000 	C:\WINDOWS\SYSTEM32\DNSAPI.dll
0x00007ffb0f4f0000 - 0x00007ffb0f4f9000 	C:\Program Files\Microsoft\jdk-17.0.12.7-hotspot\bin\extnet.dll
0x00007ffb0f4d0000 - 0x00007ffb0f4de000 	C:\Program Files\Microsoft\jdk-17.0.12.7-hotspot\bin\sunmscapi.dll
0x00007ffb48700000 - 0x00007ffb48866000 	C:\WINDOWS\System32\CRYPT32.dll
0x00007ffb478b0000 - 0x00007ffb478dd000 	C:\WINDOWS\SYSTEM32\ncrypt.dll
0x00007ffb47870000 - 0x00007ffb478a7000 	C:\WINDOWS\SYSTEM32\NTASN1.dll
0x00007ffb05eb0000 - 0x00007ffb05eb8000 	C:\WINDOWS\system32\wshunix.dll
0x00007ffb18d60000 - 0x00007ffb18d77000 	C:\WINDOWS\system32\napinsp.dll
0x00007ffb18d40000 - 0x00007ffb18d5b000 	C:\WINDOWS\system32\pnrpnsp.dll
0x00007ffb18d20000 - 0x00007ffb18d31000 	C:\WINDOWS\System32\winrnr.dll
0x00007ffb18d00000 - 0x00007ffb18d15000 	C:\WINDOWS\system32\wshbth.dll
0x00007ffb18cd0000 - 0x00007ffb18cf7000 	C:\WINDOWS\system32\nlansp_c.dll
0x00007ffb3efc0000 - 0x00007ffb3efca000 	C:\Windows\System32\rasadhlp.dll
0x00007ffb3edb0000 - 0x00007ffb3ee33000 	C:\WINDOWS\System32\fwpuclnt.dll
0x00007ffb42590000 - 0x00007ffb42627000 	C:\WINDOWS\system32\apphelp.dll

dbghelp: loaded successfully - version: 4.0.5 - missing functions: none
symbol engine: initialized successfully - sym options: 0x614 - pdb path: .;C:\Program Files\Microsoft\jdk-17.0.12.7-hotspot\bin;C:\WINDOWS\SYSTEM32;C:\WINDOWS\WinSxS\amd64_microsoft.windows.common-controls_6595b64144ccf1df_6.0.22621.3672_none_2713b9d173822955;C:\Program Files\Microsoft\jdk-17.0.12.7-hotspot\bin\server;C:\Users\halic\.gradle\native\c067742578af261105cb4f569cf0c3c89f3d7b1fecec35dd04571415982c5e48\windows-amd64;C:\Users\halic\.gradle\native\100fb08df4bc3b14c8652ba06237920a3bd2aa13389f12d3474272988ae205f9\windows-amd64

VM Arguments:
jvm_args: -XX:MaxMetaspaceSize=512m --add-opens=java.base/java.util=ALL-UNNAMED --add-opens=java.base/java.lang=ALL-UNNAMED --add-opens=java.base/java.lang.invoke=ALL-UNNAMED --add-opens=java.prefs/java.util.prefs=ALL-UNNAMED --add-opens=java.base/java.nio.charset=ALL-UNNAMED --add-opens=java.base/java.net=ALL-UNNAMED --add-opens=java.base/java.util.concurrent.atomic=ALL-UNNAMED -Xmx2048m -Dfile.encoding=windows-1252 -Duser.country=FR -Duser.language=fr -Duser.variant -javaagent:C:\Users\halic\.gradle\wrapper\dists\gradle-8.8-all\6gdy1pgp427xkqcjbxw3ylt6h\gradle-8.8\lib\agents\gradle-instrumentation-agent-8.8.jar 
java_command: org.gradle.launcher.daemon.bootstrap.GradleDaemon 8.8
java_class_path (initial): C:\Users\halic\.gradle\wrapper\dists\gradle-8.8-all\6gdy1pgp427xkqcjbxw3ylt6h\gradle-8.8\lib\gradle-launcher-8.8.jar
Launcher Type: SUN_STANDARD

[Global flags]
     intx CICompilerCount                          = 3                                         {product} {ergonomic}
   size_t CompressedClassSpaceSize                 = 436207616                                 {product} {ergonomic}
     uint ConcGCThreads                            = 1                                         {product} {ergonomic}
     uint G1ConcRefinementThreads                  = 4                                         {product} {ergonomic}
   size_t G1HeapRegionSize                         = 1048576                                   {product} {ergonomic}
    uintx GCDrainStackTargetSize                   = 64                                        {product} {ergonomic}
   size_t InitialHeapSize                          = 130023424                                 {product} {ergonomic}
   size_t MarkStackSize                            = 4194304                                   {product} {ergonomic}
   size_t MaxHeapSize                              = 2147483648                                {product} {command line}
   size_t MaxMetaspaceSize                         = 536870912                                 {product} {command line}
   size_t MaxNewSize                               = 1287651328                                {product} {ergonomic}
   size_t MinHeapDeltaBytes                        = 1048576                                   {product} {ergonomic}
   size_t MinHeapSize                              = 8388608                                   {product} {ergonomic}
    uintx NonNMethodCodeHeapSize                   = 5832780                                {pd product} {ergonomic}
    uintx NonProfiledCodeHeapSize                  = 122912730                              {pd product} {ergonomic}
    uintx ProfiledCodeHeapSize                     = 122912730                              {pd product} {ergonomic}
    uintx ReservedCodeCacheSize                    = 251658240                              {pd product} {ergonomic}
     bool SegmentedCodeCache                       = true                                      {product} {ergonomic}
   size_t SoftMaxHeapSize                          = 2147483648                             {manageable} {ergonomic}
     bool UseCompressedClassPointers               = true                           {product lp64_product} {ergonomic}
     bool UseCompressedOops                        = true                           {product lp64_product} {ergonomic}
     bool UseG1GC                                  = true                                      {product} {ergonomic}
     bool UseLargePagesIndividualAllocation        = false                                  {pd product} {ergonomic}

Logging:
Log output configuration:
 #0: stdout all=warning uptime,level,tags
 #1: stderr all=off uptime,level,tags

Environment Variables:
JAVA_HOME=C:\Program Files\Microsoft\jdk-17.0.12.7-hotspot\
CLASSPATH=C:\Mobile\Work\android\\gradle\wrapper\gradle-wrapper.jar
PATH=C:\Mobile\Work\node_modules\.bin;C:\Mobile\node_modules\.bin;C:\node_modules\.bin;C:\Program Files\nodejs\node_modules\npm\node_modules\@npmcli\run-script\lib\node-gyp-bin;C:\Program Files\Microsoft\jdk-17.0.12.7-hotspot\bin;C:\Program Files (x86)\Common Files\Oracle\Java\java8path;C:\Program Files (x86)\Common Files\Oracle\Java\javapath;C:\Python312\Scripts\;C:\Python312\;C:\WINDOWS\system32;C:\WINDOWS;C:\WINDOWS\System32\Wbem;C:\WINDOWS\System32\WindowsPowerShell\v1.0\;C:\WINDOWS\System32\OpenSSH\;C:\Program Files (x86)\Pulse Secure\VC142.CRT\X64\;C:\Program Files (x86)\Pulse Secure\VC142.CRT\X86\;C:\Program Files\dotnet\;C:\composer;C:\ProgramData\chocolatey\bin;C:\Program Files\Git\cmd;C:\Program Files\nodejs\;C:\Users\halic\AppData\Local\Android\Sdk\platform-tools;C:\Users\halic\AppData\Local\Android\Sdk\tools;C:\Users\halic\AppData\Local\Microsoft\WindowsApps;C:\Users\halic\AppData\Local\Programs\Microsoft VS Code\bin;C:\MinGW\bin;C:\xampp\php;C:\stripe_1.21.0_windows_x86_64;C:\Users\halic\AppData\Roaming\npm;C:\Users\halic\AppData\Local\Android\Sdk\platform-tools;
USERNAME=halic
LANG=fr_FR.UTF-8
OS=Windows_NT
PROCESSOR_IDENTIFIER=Intel64 Family 6 Model 140 Stepping 1, GenuineIntel
TMP=C:\Users\halic\AppData\Local\Temp
TEMP=C:\Users\halic\AppData\Local\Temp



Periodic native trim disabled


---------------  S Y S T E M  ---------------

OS:
 Windows 11 , 64 bit Build 22621 (10.0.22621.3958)
OS uptime: 14 days 13:04 hours
Hyper-V role detected

CPU: total 4 (initial active 4) (2 cores per cpu, 2 threads per core) family 6 model 140 stepping 1 microcode 0xb4, cx8, cmov, fxsr, ht, mmx, 3dnowpref, sse, sse2, sse3, ssse3, sse4.1, sse4.2, popcnt, lzcnt, tsc, tscinvbit, avx, avx2, aes, erms, clmul, bmi1, bmi2, adx, avx512f, avx512dq, avx512cd, avx512bw, avx512vl, sha, fma, vzeroupper, avx512_vpopcntdq, avx512_vpclmulqdq, avx512_vaes, avx512_vnni, clflush, clflushopt, clwb, avx512_vbmi2, avx512_vbmi, hv
Processor Information for the first 4 processors :
  Max Mhz: 2901, Current Mhz: 2901, Mhz Limit: 2901

Memory: 4k page, system-wide physical 7834M (158M free)
TotalPageFile size 31386M (AvailPageFile size 4M)
current process WorkingSet (physical memory assigned to process): 358M, peak: 464M
current process commit charge ("private bytes"): 584M, peak: 600M

vm_info: OpenJDK 64-Bit Server VM (17.0.12+7-LTS) for windows-amd64 JRE (17.0.12+7-LTS), built on Jul 16 2024 18:11:44 by "MicrosoftCorporation" with unknown MS VC++:1939

END.
